#
# There is insufficient memory for the Java Runtime Environment to continue.
# Native memory allocation (malloc) failed to allocate 1244336 bytes for Chunk::new
# Possible reasons:
#   The system is out of physical RAM or swap space
#   The process is running with CompressedOops enabled, and the Java Heap may be blocking the growth of the native heap
# Possible solutions:
#   Reduce memory load on the system
#   Increase physical memory or swap space
#   Check if swap backing store is full
#   Decrease Java heap size (-Xmx/-Xms)
#   Decrease number of Java threads
#   Decrease Java thread stack sizes (-Xss)
#   Set larger code cache with -XX:ReservedCodeCacheSize=
#   JVM is running with Unscaled Compressed Oops mode in which the Java heap is
#     placed in the first 4GB address space. The Java Heap base address is the
#     maximum limit for the native heap growth. Please use -XX:HeapBaseMinAddress
#     to set the Java Heap base and to place the Java Heap above 4GB virtual address.
# This output file may be truncated or incomplete.
#
#  Out of Memory Error (./src/hotspot/share/memory/arena.cpp:197), pid=3236, tid=416
#
# JRE version: OpenJDK Runtime Environment (11.0.12+7) (build 11.0.12+7-b1504.28-7817840)
# Java VM: OpenJDK 64-Bit Server VM (11.0.12+7-b1504.28-7817840, mixed mode, tiered, compressed oops, g1 gc, windows-amd64)
# No core dump will be written. Minidumps are not enabled by default on client versions of Windows
#

---------------  S U M M A R Y ------------

Command Line: --add-opens=java.base/java.util=ALL-UNNAMED --add-opens=java.base/java.lang=ALL-UNNAMED --add-opens=java.base/java.lang.invoke=ALL-UNNAMED --add-opens=java.base/java.util=ALL-UNNAMED --add-opens=java.prefs/java.util.prefs=ALL-UNNAMED --add-opens=java.prefs/java.util.prefs=ALL-UNNAMED --add-opens=java.base/java.nio.charset=ALL-UNNAMED --add-opens=java.base/java.net=ALL-UNNAMED --add-opens=java.base/java.util.concurrent.atomic=ALL-UNNAMED -Xmx2048m -Dfile.encoding=UTF-8 -Duser.country=BR -Duser.language=pt -Duser.variant org.gradle.launcher.daemon.bootstrap.GradleDaemon 7.3.3

Host: Intel(R) Celeron(R) N4120 CPU @ 1.10GHz, 4 cores, 3G,  Windows 10 , 64 bit Build 19041 (10.0.19041.1806)
Time: Mon Aug  1 17:28:01 2022 H. de Verão da Europa Ocidental elapsed time: 22.256560 seconds (0d 0h 0m 22s)

---------------  T H R E A D  ---------------

Current thread (0x00000222b475f000):  JavaThread "C2 CompilerThread0" daemon [_thread_in_native, id=416, stack(0x000000d650d00000,0x000000d650e00000)]


Current CompileTask:
C2:  22256 4068       4       java.util.Arrays::binarySearch0 (95 bytes)

Stack: [0x000000d650d00000,0x000000d650e00000]
Native frames: (J=compiled Java code, j=interpreted, Vv=VM code, C=native code)
V  [jvm.dll+0x5fbcea]
V  [jvm.dll+0x731905]
V  [jvm.dll+0x732f1d]
V  [jvm.dll+0x7335d3]
V  [jvm.dll+0x247bf8]
V  [jvm.dll+0xc018c]
V  [jvm.dll+0xc06cc]
V  [jvm.dll+0x35b2db]
V  [jvm.dll+0x328803]
V  [jvm.dll+0x327cfa]
V  [jvm.dll+0x200602]
V  [jvm.dll+0x1ff794]
V  [jvm.dll+0x18868c]
V  [jvm.dll+0x20e0d7]
V  [jvm.dll+0x20c901]
V  [jvm.dll+0x6f9b7f]
V  [jvm.dll+0x6f26a5]
V  [jvm.dll+0x5fabf6]
C  [ucrtbase.dll+0x21bb2]
C  [KERNEL32.DLL+0x17034]
C  [ntdll.dll+0x52651]


---------------  P R O C E S S  ---------------

Threads class SMR info:
_java_thread_list=0x00000222b9449d60, length=35, elements={
0x0000022298bd8800, 0x00000222b46fb000, 0x00000222b4704800, 0x00000222b4754800,
0x00000222b4756800, 0x00000222b4758000, 0x00000222b475f000, 0x00000222b50aa000,
0x00000222b50b5000, 0x00000222b51e9800, 0x00000222b6312800, 0x00000222b5e09000,
0x00000222b6641000, 0x00000222b52bf000, 0x00000222b6c20800, 0x00000222b6c21000,
0x00000222b7553000, 0x00000222b5590800, 0x00000222b6838800, 0x00000222b547a800,
0x00000222b547c000, 0x00000222b5479800, 0x00000222b5478000, 0x00000222b547d000,
0x00000222b5477800, 0x00000222b547e000, 0x00000222b547b800, 0x00000222b5479000,
0x00000222b7661800, 0x00000222b7665800, 0x00000222b7666000, 0x00000222b7667000,
0x00000222b7668000, 0x00000222b7662000, 0x00000222b7663000
}

Java Threads: ( => current thread )
  0x0000022298bd8800 JavaThread "main" [_thread_blocked, id=6048, stack(0x000000d650100000,0x000000d650200000)]
  0x00000222b46fb000 JavaThread "Reference Handler" daemon [_thread_blocked, id=7740, stack(0x000000d650800000,0x000000d650900000)]
  0x00000222b4704800 JavaThread "Finalizer" daemon [_thread_blocked, id=5620, stack(0x000000d650900000,0x000000d650a00000)]
  0x00000222b4754800 JavaThread "Signal Dispatcher" daemon [_thread_blocked, id=4688, stack(0x000000d650a00000,0x000000d650b00000)]
  0x00000222b4756800 JavaThread "Attach Listener" daemon [_thread_blocked, id=9940, stack(0x000000d650b00000,0x000000d650c00000)]
  0x00000222b4758000 JavaThread "Service Thread" daemon [_thread_blocked, id=8540, stack(0x000000d650c00000,0x000000d650d00000)]
=>0x00000222b475f000 JavaThread "C2 CompilerThread0" daemon [_thread_in_native, id=416, stack(0x000000d650d00000,0x000000d650e00000)]
  0x00000222b50aa000 JavaThread "C1 CompilerThread0" daemon [_thread_in_vm, id=4800, stack(0x000000d650e00000,0x000000d650f00000)]
  0x00000222b50b5000 JavaThread "Sweeper thread" daemon [_thread_blocked, id=7064, stack(0x000000d650f00000,0x000000d651000000)]
  0x00000222b51e9800 JavaThread "Common-Cleaner" daemon [_thread_blocked, id=2972, stack(0x000000d651000000,0x000000d651100000)]
  0x00000222b6312800 JavaThread "Daemon health stats" [_thread_blocked, id=11060, stack(0x000000d651300000,0x000000d651400000)]
  0x00000222b5e09000 JavaThread "Incoming local TCP Connector on port 50906" [_thread_in_native, id=8240, stack(0x000000d651400000,0x000000d651500000)]
  0x00000222b6641000 JavaThread "Daemon periodic checks" [_thread_blocked, id=2840, stack(0x000000d651500000,0x000000d651600000)]
  0x00000222b52bf000 JavaThread "Daemon" [_thread_blocked, id=2320, stack(0x000000d651600000,0x000000d651700000)]
  0x00000222b6c20800 JavaThread "Handler for socket connection from /127.0.0.1:50906 to /127.0.0.1:50907" [_thread_in_native, id=4360, stack(0x000000d651700000,0x000000d651800000)]
  0x00000222b6c21000 JavaThread "Cancel handler" [_thread_blocked, id=1960, stack(0x000000d651800000,0x000000d651900000)]
  0x00000222b7553000 JavaThread "Daemon worker" [_thread_in_native, id=10568, stack(0x000000d651900000,0x000000d651a00000)]
  0x00000222b5590800 JavaThread "Asynchronous log dispatcher for DefaultDaemonConnection: socket connection from /127.0.0.1:50906 to /127.0.0.1:50907" [_thread_blocked, id=10580, stack(0x000000d651a00000,0x000000d651b00000)]
  0x00000222b6838800 JavaThread "Stdin handler" [_thread_blocked, id=11184, stack(0x000000d651b00000,0x000000d651c00000)]
  0x00000222b547a800 JavaThread "Daemon client event forwarder" [_thread_blocked, id=9448, stack(0x000000d651c00000,0x000000d651d00000)]
  0x00000222b547c000 JavaThread "Cache worker for journal cache (C:\Users\Acer\.gradle\caches\journal-1)" [_thread_blocked, id=8116, stack(0x000000d651f00000,0x000000d652000000)]
  0x00000222b5479800 JavaThread "File lock request listener" [_thread_in_native, id=2824, stack(0x000000d652000000,0x000000d652100000)]
  0x00000222b5478000 JavaThread "Cache worker for file hash cache (C:\Users\Acer\.gradle\caches\7.3.3\fileHashes)" [_thread_blocked, id=8040, stack(0x000000d652100000,0x000000d652200000)]
  0x00000222b547d000 JavaThread "Cache worker for file hash cache (D:\BusinessCard\.gradle\7.3.3\fileHashes)" [_thread_blocked, id=6388, stack(0x000000d652200000,0x000000d652300000)]
  0x00000222b5477800 JavaThread "File watcher server" daemon [_thread_in_native, id=8200, stack(0x000000d652300000,0x000000d652400000)]
  0x00000222b547e000 JavaThread "File watcher consumer" daemon [_thread_blocked, id=7500, stack(0x000000d652400000,0x000000d652500000)]
  0x00000222b547b800 JavaThread "jar transforms" [_thread_blocked, id=6044, stack(0x000000d652500000,0x000000d652600000)]
  0x00000222b5479000 JavaThread "jar transforms Thread 2" [_thread_blocked, id=9444, stack(0x000000d652600000,0x000000d652700000)]
  0x00000222b7661800 JavaThread "jar transforms Thread 3" [_thread_blocked, id=7808, stack(0x000000d652700000,0x000000d652800000)]
  0x00000222b7665800 JavaThread "jar transforms Thread 4" [_thread_blocked, id=1064, stack(0x000000d652800000,0x000000d652900000)]
  0x00000222b7666000 JavaThread "Cache worker for checksums cache (D:\BusinessCard\.gradle\7.3.3\checksums)" [_thread_blocked, id=8124, stack(0x000000d652900000,0x000000d652a00000)]
  0x00000222b7667000 JavaThread "Cache worker for cache directory md-supplier (C:\Users\Acer\.gradle\caches\7.3.3\md-supplier)" [_thread_blocked, id=1944, stack(0x000000d652a00000,0x000000d652b00000)]
  0x00000222b7668000 JavaThread "Cache worker for cache directory md-rule (C:\Users\Acer\.gradle\caches\7.3.3\md-rule)" [_thread_blocked, id=10976, stack(0x000000d652b00000,0x000000d652c00000)]
  0x00000222b7662000 JavaThread "Cache worker for execution history cache (C:\Users\Acer\.gradle\caches\7.3.3\executionHistory)" [_thread_blocked, id=2216, stack(0x000000d652c00000,0x000000d652d00000)]
  0x00000222b7663000 JavaThread "Cache worker for file content cache (C:\Users\Acer\.gradle\caches\7.3.3\fileContent)" [_thread_blocked, id=4992, stack(0x000000d652d00000,0x000000d652e00000)]

Other Threads:
  0x00000222b46f7000 VMThread "VM Thread" [stack: 0x000000d650700000,0x000000d650800000] [id=4336]
  0x00000222b5204800 WatcherThread [stack: 0x000000d651100000,0x000000d651200000] [id=4928]
  0x0000022298bf3800 GCTaskThread "GC Thread#0" [stack: 0x000000d650200000,0x000000d650300000] [id=8732]
  0x00000222b544c000 GCTaskThread "GC Thread#1" [stack: 0x000000d651200000,0x000000d651300000] [id=9368]
  0x00000222b63da800 GCTaskThread "GC Thread#2" [stack: 0x000000d651d00000,0x000000d651e00000] [id=4600]
  0x00000222b686e800 GCTaskThread "GC Thread#3" [stack: 0x000000d651e00000,0x000000d651f00000] [id=8416]
  0x0000022298c24000 ConcurrentGCThread "G1 Main Marker" [stack: 0x000000d650300000,0x000000d650400000] [id=1604]
  0x0000022298c25800 ConcurrentGCThread "G1 Conc#0" [stack: 0x000000d650400000,0x000000d650500000] [id=128]
  0x0000022298c80800 ConcurrentGCThread "G1 Refine#0" [stack: 0x000000d650500000,0x000000d650600000] [id=5336]
  0x0000022298c81800 ConcurrentGCThread "G1 Young RemSet Sampling" [stack: 0x000000d650600000,0x000000d650700000] [id=6436]

Threads with active compile tasks:
C2 CompilerThread0  22311 4068       4       java.util.Arrays::binarySearch0 (95 bytes)

VM state:not at safepoint (normal execution)

VM Mutex/Monitor currently owned by a thread: None

Heap address: 0x0000000080000000, size: 2048 MB, Compressed Oops mode: 32-bit
Narrow klass base: 0x0000000000000000, Narrow klass shift: 3
Compressed class space size: 1073741824 Address: 0x0000000100000000

Heap:
 garbage-first heap   total 92160K, used 59247K [0x0000000080000000, 0x0000000100000000)
  region size 1024K, 10 young (10240K), 2 survivors (2048K)
 Metaspace       used 46597K, capacity 47744K, committed 47872K, reserved 1091584K
  class space    used 5929K, capacity 6364K, committed 6400K, reserved 1048576K
Heap Regions: E=young(eden), S=young(survivor), O=old, HS=humongous(starts), HC=humongous(continues), CS=collection set, F=free, A=archive, TAMS=top-at-mark-start (previous, next)
|   0|0x0000000080000000, 0x0000000080100000, 0x0000000080100000|100%| O|  |TAMS 0x0000000080100000, 0x0000000080000000| Untracked 
|   1|0x0000000080100000, 0x0000000080200000, 0x0000000080200000|100%| O|  |TAMS 0x0000000080200000, 0x0000000080100000| Untracked 
|   2|0x0000000080200000, 0x0000000080300000, 0x0000000080300000|100%| O|  |TAMS 0x0000000080300000, 0x0000000080200000| Untracked 
|   3|0x0000000080300000, 0x0000000080400000, 0x0000000080400000|100%|HS|  |TAMS 0x0000000080400000, 0x0000000080300000| Complete 
|   4|0x0000000080400000, 0x0000000080500000, 0x0000000080500000|100%|HC|  |TAMS 0x0000000080500000, 0x0000000080400000| Complete 
|   5|0x0000000080500000, 0x0000000080600000, 0x0000000080600000|100%|HC|  |TAMS 0x0000000080600000, 0x0000000080500000| Complete 
|   6|0x0000000080600000, 0x0000000080700000, 0x0000000080700000|100%| O|  |TAMS 0x0000000080700000, 0x0000000080600000| Untracked 
|   7|0x0000000080700000, 0x0000000080800000, 0x0000000080800000|100%| O|  |TAMS 0x0000000080800000, 0x0000000080700000| Untracked 
|   8|0x0000000080800000, 0x0000000080900000, 0x0000000080900000|100%| O|  |TAMS 0x0000000080900000, 0x0000000080800000| Untracked 
|   9|0x0000000080900000, 0x0000000080a00000, 0x0000000080a00000|100%| O|  |TAMS 0x0000000080a00000, 0x0000000080900000| Untracked 
|  10|0x0000000080a00000, 0x0000000080b00000, 0x0000000080b00000|100%| O|  |TAMS 0x0000000080b00000, 0x0000000080a00000| Untracked 
|  11|0x0000000080b00000, 0x0000000080c00000, 0x0000000080c00000|100%| O|  |TAMS 0x0000000080c00000, 0x0000000080b00000| Untracked 
|  12|0x0000000080c00000, 0x0000000080d00000, 0x0000000080d00000|100%| O|  |TAMS 0x0000000080d00000, 0x0000000080c00000| Untracked 
|  13|0x0000000080d00000, 0x0000000080e00000, 0x0000000080e00000|100%| O|  |TAMS 0x0000000080e00000, 0x0000000080d00000| Untracked 
|  14|0x0000000080e00000, 0x0000000080f00000, 0x0000000080f00000|100%| O|  |TAMS 0x0000000080f00000, 0x0000000080e00000| Untracked 
|  15|0x0000000080f00000, 0x0000000081000000, 0x0000000081000000|100%| O|  |TAMS 0x0000000081000000, 0x0000000080f00000| Untracked 
|  16|0x0000000081000000, 0x0000000081100000, 0x0000000081100000|100%| O|  |TAMS 0x0000000081100000, 0x0000000081000000| Untracked 
|  17|0x0000000081100000, 0x0000000081200000, 0x0000000081200000|100%|HS|  |TAMS 0x0000000081200000, 0x0000000081100000| Complete 
|  18|0x0000000081200000, 0x0000000081300000, 0x0000000081300000|100%|HC|  |TAMS 0x0000000081300000, 0x0000000081200000| Complete 
|  19|0x0000000081300000, 0x0000000081400000, 0x0000000081400000|100%|HS|  |TAMS 0x0000000081400000, 0x0000000081300000| Complete 
|  20|0x0000000081400000, 0x0000000081500000, 0x0000000081500000|100%|HC|  |TAMS 0x0000000081500000, 0x0000000081400000| Complete 
|  21|0x0000000081500000, 0x0000000081600000, 0x0000000081600000|100%|HC|  |TAMS 0x0000000081600000, 0x0000000081500000| Complete 
|  22|0x0000000081600000, 0x0000000081700000, 0x0000000081700000|100%| O|  |TAMS 0x0000000081700000, 0x0000000081600000| Untracked 
|  23|0x0000000081700000, 0x0000000081800000, 0x0000000081800000|100%|HS|  |TAMS 0x0000000081800000, 0x0000000081700000| Complete 
|  24|0x0000000081800000, 0x0000000081900000, 0x0000000081900000|100%|HS|  |TAMS 0x0000000081900000, 0x0000000081800000| Complete 
|  25|0x0000000081900000, 0x0000000081a00000, 0x0000000081a00000|100%|HC|  |TAMS 0x0000000081a00000, 0x0000000081900000| Complete 
|  26|0x0000000081a00000, 0x0000000081b00000, 0x0000000081b00000|100%|HC|  |TAMS 0x0000000081b00000, 0x0000000081a00000| Complete 
|  27|0x0000000081b00000, 0x0000000081c00000, 0x0000000081c00000|100%|HC|  |TAMS 0x0000000081c00000, 0x0000000081b00000| Complete 
|  28|0x0000000081c00000, 0x0000000081d00000, 0x0000000081d00000|100%| O|  |TAMS 0x0000000081d00000, 0x0000000081c00000| Untracked 
|  29|0x0000000081d00000, 0x0000000081e00000, 0x0000000081e00000|100%| O|  |TAMS 0x0000000081e00000, 0x0000000081d00000| Untracked 
|  30|0x0000000081e00000, 0x0000000081f00000, 0x0000000081f00000|100%| O|  |TAMS 0x0000000081f00000, 0x0000000081e00000| Untracked 
|  31|0x0000000081f00000, 0x0000000082000000, 0x0000000082000000|100%| O|  |TAMS 0x0000000082000000, 0x0000000081f00000| Untracked 
|  32|0x0000000082000000, 0x0000000082100000, 0x0000000082100000|100%| O|  |TAMS 0x0000000082100000, 0x0000000082000000| Untracked 
|  33|0x0000000082100000, 0x0000000082200000, 0x0000000082200000|100%| O|  |TAMS 0x0000000082200000, 0x0000000082100000| Untracked 
|  34|0x0000000082200000, 0x0000000082300000, 0x0000000082300000|100%| O|  |TAMS 0x0000000082300000, 0x0000000082200000| Untracked 
|  35|0x0000000082300000, 0x0000000082400000, 0x0000000082400000|100%| O|  |TAMS 0x0000000082400000, 0x0000000082300000| Untracked 
|  36|0x0000000082400000, 0x0000000082500000, 0x0000000082500000|100%| O|  |TAMS 0x0000000082500000, 0x0000000082400000| Untracked 
|  37|0x0000000082500000, 0x0000000082600000, 0x0000000082600000|100%| O|  |TAMS 0x0000000082600000, 0x0000000082500000| Untracked 
|  38|0x0000000082600000, 0x0000000082700000, 0x0000000082700000|100%| O|  |TAMS 0x0000000082700000, 0x0000000082600000| Untracked 
|  39|0x0000000082700000, 0x0000000082800000, 0x0000000082800000|100%| O|  |TAMS 0x0000000082800000, 0x0000000082700000| Untracked 
|  40|0x0000000082800000, 0x0000000082900000, 0x0000000082900000|100%| O|  |TAMS 0x0000000082900000, 0x0000000082800000| Untracked 
|  41|0x0000000082900000, 0x0000000082a00000, 0x0000000082a00000|100%|HS|  |TAMS 0x0000000082a00000, 0x0000000082900000| Complete 
|  42|0x0000000082a00000, 0x0000000082b00000, 0x0000000082b00000|100%|HC|  |TAMS 0x0000000082b00000, 0x0000000082a00000| Complete 
|  43|0x0000000082b00000, 0x0000000082c00000, 0x0000000082c00000|100%|HC|  |TAMS 0x0000000082c00000, 0x0000000082b00000| Complete 
|  44|0x0000000082c00000, 0x0000000082d00000, 0x0000000082d00000|100%|HS|  |TAMS 0x0000000082d00000, 0x0000000082c00000| Complete 
|  45|0x0000000082d00000, 0x0000000082e00000, 0x0000000082e00000|100%| O|  |TAMS 0x0000000082e00000, 0x0000000082d00000| Untracked 
|  46|0x0000000082e00000, 0x0000000082f00000, 0x0000000082f00000|100%| O|  |TAMS 0x0000000082ea1200, 0x0000000082e00000| Untracked 
|  47|0x0000000082f00000, 0x0000000082f00000, 0x0000000083000000|  0%| F|  |TAMS 0x0000000082f00000, 0x0000000082f00000| Untracked 
|  48|0x0000000083000000, 0x0000000083100000, 0x0000000083100000|100%| O|  |TAMS 0x0000000083000000, 0x0000000083000000| Untracked 
|  49|0x0000000083100000, 0x0000000083200000, 0x0000000083200000|100%| O|  |TAMS 0x0000000083100000, 0x0000000083100000| Untracked 
|  50|0x0000000083200000, 0x0000000083231000, 0x0000000083300000| 19%| O|  |TAMS 0x0000000083200000, 0x0000000083200000| Untracked 
|  51|0x0000000083300000, 0x0000000083300000, 0x0000000083400000|  0%| F|  |TAMS 0x0000000083300000, 0x0000000083300000| Untracked 
|  52|0x0000000083400000, 0x0000000083400000, 0x0000000083500000|  0%| F|  |TAMS 0x0000000083400000, 0x0000000083400000| Untracked 
|  53|0x0000000083500000, 0x0000000083500000, 0x0000000083600000|  0%| F|  |TAMS 0x0000000083500000, 0x0000000083500000| Untracked 
|  54|0x0000000083600000, 0x0000000083600000, 0x0000000083700000|  0%| F|  |TAMS 0x0000000083600000, 0x0000000083600000| Untracked 
|  55|0x0000000083700000, 0x0000000083700000, 0x0000000083800000|  0%| F|  |TAMS 0x0000000083700000, 0x0000000083700000| Untracked 
|  56|0x0000000083800000, 0x0000000083800000, 0x0000000083900000|  0%| F|  |TAMS 0x0000000083800000, 0x0000000083800000| Untracked 
|  57|0x0000000083900000, 0x0000000083900000, 0x0000000083a00000|  0%| F|  |TAMS 0x0000000083900000, 0x0000000083900000| Untracked 
|  58|0x0000000083a00000, 0x0000000083a00000, 0x0000000083b00000|  0%| F|  |TAMS 0x0000000083a00000, 0x0000000083a00000| Untracked 
|  59|0x0000000083b00000, 0x0000000083b00000, 0x0000000083c00000|  0%| F|  |TAMS 0x0000000083b00000, 0x0000000083b00000| Untracked 
|  60|0x0000000083c00000, 0x0000000083c00000, 0x0000000083d00000|  0%| F|  |TAMS 0x0000000083c00000, 0x0000000083c00000| Untracked 
|  61|0x0000000083d00000, 0x0000000083d00000, 0x0000000083e00000|  0%| F|  |TAMS 0x0000000083d00000, 0x0000000083d00000| Untracked 
|  62|0x0000000083e00000, 0x0000000083e00000, 0x0000000083f00000|  0%| F|  |TAMS 0x0000000083e00000, 0x0000000083e00000| Untracked 
|  63|0x0000000083f00000, 0x0000000083f00000, 0x0000000084000000|  0%| F|  |TAMS 0x0000000083f00000, 0x0000000083f00000| Untracked 
|  64|0x0000000084000000, 0x0000000084000000, 0x0000000084100000|  0%| F|  |TAMS 0x0000000084000000, 0x0000000084000000| Untracked 
|  65|0x0000000084100000, 0x0000000084100000, 0x0000000084200000|  0%| F|  |TAMS 0x0000000084100000, 0x0000000084100000| Untracked 
|  66|0x0000000084200000, 0x0000000084200000, 0x0000000084300000|  0%| F|  |TAMS 0x0000000084200000, 0x0000000084200000| Untracked 
|  67|0x0000000084300000, 0x0000000084300000, 0x0000000084400000|  0%| F|  |TAMS 0x0000000084300000, 0x0000000084300000| Untracked 
|  68|0x0000000084400000, 0x0000000084400000, 0x0000000084500000|  0%| F|  |TAMS 0x0000000084400000, 0x0000000084400000| Untracked 
|  69|0x0000000084500000, 0x00000000845aaf78, 0x0000000084600000| 66%| S|CS|TAMS 0x0000000084500000, 0x0000000084500000| Complete 
|  70|0x0000000084600000, 0x0000000084700000, 0x0000000084700000|100%| S|CS|TAMS 0x0000000084600000, 0x0000000084600000| Complete 
|  71|0x0000000084700000, 0x0000000084700000, 0x0000000084800000|  0%| F|  |TAMS 0x0000000084700000, 0x0000000084700000| Untracked 
|  72|0x0000000084800000, 0x0000000084800000, 0x0000000084900000|  0%| F|  |TAMS 0x0000000084800000, 0x0000000084800000| Untracked 
|  73|0x0000000084900000, 0x0000000084900000, 0x0000000084a00000|  0%| F|  |TAMS 0x0000000084900000, 0x0000000084900000| Untracked 
|  74|0x0000000084a00000, 0x0000000084a00000, 0x0000000084b00000|  0%| F|  |TAMS 0x0000000084a00000, 0x0000000084a00000| Untracked 
|  75|0x0000000084b00000, 0x0000000084b00000, 0x0000000084c00000|  0%| F|  |TAMS 0x0000000084b00000, 0x0000000084b00000| Untracked 
|  76|0x0000000084c00000, 0x0000000084c00000, 0x0000000084d00000|  0%| F|  |TAMS 0x0000000084c00000, 0x0000000084c00000| Untracked 
|  77|0x0000000084d00000, 0x0000000084d00000, 0x0000000084e00000|  0%| F|  |TAMS 0x0000000084d00000, 0x0000000084d00000| Untracked 
|  78|0x0000000084e00000, 0x0000000084e00000, 0x0000000084f00000|  0%| F|  |TAMS 0x0000000084e00000, 0x0000000084e00000| Untracked 
|  79|0x0000000084f00000, 0x0000000084f00000, 0x0000000085000000|  0%| F|  |TAMS 0x0000000084f00000, 0x0000000084f00000| Untracked 
|  80|0x0000000085000000, 0x0000000085000000, 0x0000000085100000|  0%| F|  |TAMS 0x0000000085000000, 0x0000000085000000| Untracked 
|  81|0x0000000085100000, 0x0000000085100000, 0x0000000085200000|  0%| F|  |TAMS 0x0000000085100000, 0x0000000085100000| Untracked 
|  82|0x0000000085200000, 0x00000000852c4e60, 0x0000000085300000| 76%| E|  |TAMS 0x0000000085200000, 0x0000000085200000| Complete 
|  83|0x0000000085300000, 0x0000000085400000, 0x0000000085400000|100%| E|CS|TAMS 0x0000000085300000, 0x0000000085300000| Complete 
|  84|0x0000000085400000, 0x0000000085500000, 0x0000000085500000|100%| E|CS|TAMS 0x0000000085400000, 0x0000000085400000| Complete 
|  85|0x0000000085500000, 0x0000000085600000, 0x0000000085600000|100%| E|CS|TAMS 0x0000000085500000, 0x0000000085500000| Complete 
|  86|0x0000000085600000, 0x0000000085700000, 0x0000000085700000|100%| E|CS|TAMS 0x0000000085600000, 0x0000000085600000| Complete 
|  87|0x0000000085700000, 0x0000000085800000, 0x0000000085800000|100%| E|CS|TAMS 0x0000000085700000, 0x0000000085700000| Complete 
|  88|0x0000000085800000, 0x0000000085900000, 0x0000000085900000|100%| E|CS|TAMS 0x0000000085800000, 0x0000000085800000| Complete 
|  89|0x0000000085900000, 0x0000000085a00000, 0x0000000085a00000|100%| E|CS|TAMS 0x0000000085900000, 0x0000000085900000| Complete 

Card table byte_map: [0x00000222ad940000,0x00000222add40000] _byte_map_base: 0x00000222ad540000

Marking Bits (Prev, Next): (CMBitMap*) 0x0000022298c1b508, (CMBitMap*) 0x0000022298c1b540
 Prev Bits: [0x00000222ae140000, 0x00000222b0140000)
 Next Bits: [0x00000222b0140000, 0x00000222b2140000)

Polling page: 0x00000222989a0000

Metaspace:

Usage:
  Non-class:     40.41 MB capacity,    39.71 MB ( 98%) used,   595.75 KB (  1%) free+waste,   116.13 KB ( <1%) overhead. 
      Class:      6.21 MB capacity,     5.79 MB ( 93%) used,   378.30 KB (  6%) free+waste,    56.25 KB ( <1%) overhead. 
       Both:     46.63 MB capacity,    45.51 MB ( 98%) used,   974.05 KB (  2%) free+waste,   172.38 KB ( <1%) overhead. 

Virtual space:
  Non-class space:       42.00 MB reserved,      40.50 MB ( 96%) committed 
      Class space:        1.00 GB reserved,       6.25 MB ( <1%) committed 
             Both:        1.04 GB reserved,      46.75 MB (  4%) committed 

Chunk freelists:
   Non-Class:  28.00 KB
       Class:  4.00 KB
        Both:  32.00 KB

MaxMetaspaceSize: 17179869184.00 GB
CompressedClassSpaceSize: 1.00 GB
Initial GC threshold: 20.80 MB
Current GC threshold: 76.04 MB
CDS: off

CodeHeap 'non-profiled nmethods': size=120064Kb used=1862Kb max_used=1862Kb free=118201Kb
 bounds [0x00000222a59e0000, 0x00000222a5c50000, 0x00000222acf20000]
CodeHeap 'profiled nmethods': size=120000Kb used=9050Kb max_used=9050Kb free=110949Kb
 bounds [0x000002229e4b0000, 0x000002229ed90000, 0x00000222a59e0000]
CodeHeap 'non-nmethods': size=5696Kb used=2290Kb max_used=2330Kb free=3405Kb
 bounds [0x000002229df20000, 0x000002229e190000, 0x000002229e4b0000]
 total_blobs=4927 nmethods=4140 adapters=700
 compilation: enabled
              stopped_count=0, restarted_count=0
 full_count=0

Compilation events (20 events):
Event: 22.214 Thread 0x00000222b50aa000 4170   !   3       com.sun.beans.introspect.ClassInfo::getMethods (47 bytes)
Event: 22.214 Thread 0x00000222b50aa000 nmethod 4170 0x000002229ed79790 code [0x000002229ed79960, 0x000002229ed79d28]
Event: 22.216 Thread 0x00000222b50aa000 4171       3       java.util.Hashtable::entrySet (28 bytes)
Event: 22.216 Thread 0x00000222b50aa000 nmethod 4171 0x000002229ed79e90 code [0x000002229ed7a0a0, 0x000002229ed7a7d8]
Event: 22.217 Thread 0x00000222b50aa000 4172       3       java.util.Hashtable$EntrySet::iterator (9 bytes)
Event: 22.217 Thread 0x00000222b50aa000 nmethod 4172 0x000002229ed7aa10 code [0x000002229ed7abe0, 0x000002229ed7aea8]
Event: 22.229 Thread 0x00000222b50aa000 4174       3       sun.reflect.generics.reflectiveObjects.LazyReflectiveObjectGenerator::getReifier (8 bytes)
Event: 22.229 Thread 0x00000222b50aa000 nmethod 4174 0x000002229ed7b010 code [0x000002229ed7b1e0, 0x000002229ed7b4b8]
Event: 22.229 Thread 0x00000222b50aa000 4175       3       java.util.TreeMap::<init> (20 bytes)
Event: 22.229 Thread 0x00000222b50aa000 nmethod 4175 0x000002229ed7b610 code [0x000002229ed7b7c0, 0x000002229ed7b9b8]
Event: 22.230 Thread 0x00000222b50aa000 4176       3       java.util.Collections$UnmodifiableSet::<init> (6 bytes)
Event: 22.230 Thread 0x00000222b50aa000 nmethod 4176 0x000002229ed7ba90 code [0x000002229ed7bc60, 0x000002229ed7bf68]
Event: 22.230 Thread 0x00000222b50aa000 4177       3       java.lang.invoke.LambdaForm$MH/0x00000001000ea440::invoke (155 bytes)
Event: 22.231 Thread 0x00000222b50aa000 nmethod 4177 0x000002229ed7c090 code [0x000002229ed7c320, 0x000002229ed7d278]
Event: 22.234 Thread 0x00000222b50aa000 4178       3       groovy.lang.MetaClassImpl::addMetaBeanProperty (119 bytes)
Event: 22.236 Thread 0x00000222b50aa000 nmethod 4178 0x000002229ed7d690 code [0x000002229ed7d940, 0x000002229ed7efa8]
Event: 22.236 Thread 0x00000222b50aa000 4179       3       groovy.lang.MetaClassImpl$$Lambda$363/0x0000000100522040::apply (12 bytes)
Event: 22.237 Thread 0x00000222b50aa000 nmethod 4179 0x000002229ed7f490 code [0x000002229ed7f6a0, 0x000002229ed7fa98]
Event: 22.237 Thread 0x00000222b50aa000 4180       3       groovy.lang.MetaClassImpl::lambda$getPropName$5 (27 bytes)
Event: 22.237 Thread 0x00000222b50aa000 nmethod 4180 0x000002229ed7fc10 code [0x000002229ed7fe00, 0x000002229ed80078]

GC Heap History (20 events):
Event: 16.185 GC heap before
{Heap before GC invocations=17 (full 0):
 garbage-first heap   total 63488K, used 49161K [0x0000000080000000, 0x0000000100000000)
  region size 1024K, 16 young (16384K), 2 survivors (2048K)
 Metaspace       used 37387K, capacity 38288K, committed 38656K, reserved 1083392K
  class space    used 4904K, capacity 5254K, committed 5376K, reserved 1048576K
}
Event: 16.194 GC heap after
{Heap after GC invocations=18 (full 0):
 garbage-first heap   total 63488K, used 37895K [0x0000000080000000, 0x0000000100000000)
  region size 1024K, 2 young (2048K), 2 survivors (2048K)
 Metaspace       used 37387K, capacity 38288K, committed 38656K, reserved 1083392K
  class space    used 4904K, capacity 5254K, committed 5376K, reserved 1048576K
}
Event: 16.611 GC heap before
{Heap before GC invocations=18 (full 0):
 garbage-first heap   total 63488K, used 50183K [0x0000000080000000, 0x0000000100000000)
  region size 1024K, 15 young (15360K), 2 survivors (2048K)
 Metaspace       used 39295K, capacity 40281K, committed 40320K, reserved 1083392K
  class space    used 5100K, capacity 5491K, committed 5504K, reserved 1048576K
}
Event: 16.623 GC heap after
{Heap after GC invocations=19 (full 0):
 garbage-first heap   total 63488K, used 39697K [0x0000000080000000, 0x0000000100000000)
  region size 1024K, 2 young (2048K), 2 survivors (2048K)
 Metaspace       used 39295K, capacity 40281K, committed 40320K, reserved 1083392K
  class space    used 5100K, capacity 5491K, committed 5504K, reserved 1048576K
}
Event: 16.710 GC heap before
{Heap before GC invocations=19 (full 0):
 garbage-first heap   total 63488K, used 50961K [0x0000000080000000, 0x0000000100000000)
  region size 1024K, 13 young (13312K), 2 survivors (2048K)
 Metaspace       used 39307K, capacity 40345K, committed 40576K, reserved 1085440K
  class space    used 5100K, capacity 5491K, committed 5504K, reserved 1048576K
}
Event: 16.715 GC heap after
{Heap after GC invocations=20 (full 0):
 garbage-first heap   total 63488K, used 40570K [0x0000000080000000, 0x0000000100000000)
  region size 1024K, 2 young (2048K), 2 survivors (2048K)
 Metaspace       used 39307K, capacity 40345K, committed 40576K, reserved 1085440K
  class space    used 5100K, capacity 5491K, committed 5504K, reserved 1048576K
}
Event: 16.898 GC heap before
{Heap before GC invocations=21 (full 0):
 garbage-first heap   total 63488K, used 50810K [0x0000000080000000, 0x0000000100000000)
  region size 1024K, 12 young (12288K), 2 survivors (2048K)
 Metaspace       used 39674K, capacity 40660K, committed 40960K, reserved 1085440K
  class space    used 5146K, capacity 5528K, committed 5632K, reserved 1048576K
}
Event: 16.903 GC heap after
{Heap after GC invocations=22 (full 0):
 garbage-first heap   total 63488K, used 41907K [0x0000000080000000, 0x0000000100000000)
  region size 1024K, 2 young (2048K), 2 survivors (2048K)
 Metaspace       used 39674K, capacity 40660K, committed 40960K, reserved 1085440K
  class space    used 5146K, capacity 5528K, committed 5632K, reserved 1048576K
}
Event: 16.940 GC heap before
{Heap before GC invocations=22 (full 0):
 garbage-first heap   total 63488K, used 42931K [0x0000000080000000, 0x0000000100000000)
  region size 1024K, 5 young (5120K), 2 survivors (2048K)
 Metaspace       used 39814K, capacity 40788K, committed 40960K, reserved 1085440K
  class space    used 5154K, capacity 5528K, committed 5632K, reserved 1048576K
}
Event: 16.944 GC heap after
{Heap after GC invocations=23 (full 0):
 garbage-first heap   total 76800K, used 42613K [0x0000000080000000, 0x0000000100000000)
  region size 1024K, 1 young (1024K), 1 survivors (1024K)
 Metaspace       used 39814K, capacity 40788K, committed 40960K, reserved 1085440K
  class space    used 5154K, capacity 5528K, committed 5632K, reserved 1048576K
}
Event: 17.944 GC heap before
{Heap before GC invocations=24 (full 0):
 garbage-first heap   total 76800K, used 61045K [0x0000000080000000, 0x0000000100000000)
  region size 1024K, 17 young (17408K), 1 survivors (1024K)
 Metaspace       used 42096K, capacity 43168K, committed 43520K, reserved 1087488K
  class space    used 5380K, capacity 5764K, committed 5888K, reserved 1048576K
}
Event: 17.951 GC heap after
{Heap after GC invocations=25 (full 0):
 garbage-first heap   total 76800K, used 42955K [0x0000000080000000, 0x0000000100000000)
  region size 1024K, 2 young (2048K), 2 survivors (2048K)
 Metaspace       used 42096K, capacity 43168K, committed 43520K, reserved 1087488K
  class space    used 5380K, capacity 5764K, committed 5888K, reserved 1048576K
}
Event: 18.351 GC heap before
{Heap before GC invocations=25 (full 0):
 garbage-first heap   total 76800K, used 59339K [0x0000000080000000, 0x0000000100000000)
  region size 1024K, 18 young (18432K), 2 survivors (2048K)
 Metaspace       used 43444K, capacity 44538K, committed 44672K, reserved 1087488K
  class space    used 5582K, capacity 5989K, committed 6016K, reserved 1048576K
}
Event: 18.357 GC heap after
{Heap after GC invocations=26 (full 0):
 garbage-first heap   total 76800K, used 43399K [0x0000000080000000, 0x0000000100000000)
  region size 1024K, 2 young (2048K), 2 survivors (2048K)
 Metaspace       used 43444K, capacity 44538K, committed 44672K, reserved 1087488K
  class space    used 5582K, capacity 5989K, committed 6016K, reserved 1048576K
}
Event: 18.991 GC heap before
{Heap before GC invocations=27 (full 0):
 garbage-first heap   total 76800K, used 54663K [0x0000000080000000, 0x0000000100000000)
  region size 1024K, 14 young (14336K), 2 survivors (2048K)
 Metaspace       used 44101K, capacity 45245K, committed 45312K, reserved 1089536K
  class space    used 5682K, capacity 6090K, committed 6144K, reserved 1048576K
}
Event: 19.003 GC heap after
{Heap after GC invocations=28 (full 0):
 garbage-first heap   total 76800K, used 44609K [0x0000000080000000, 0x0000000100000000)
  region size 1024K, 3 young (3072K), 3 survivors (3072K)
 Metaspace       used 44101K, capacity 45245K, committed 45312K, reserved 1089536K
  class space    used 5682K, capacity 6090K, committed 6144K, reserved 1048576K
}
Event: 19.708 GC heap before
{Heap before GC invocations=29 (full 0):
 garbage-first heap   total 76800K, used 62017K [0x0000000080000000, 0x0000000100000000)
  region size 1024K, 18 young (18432K), 3 survivors (3072K)
 Metaspace       used 44671K, capacity 45899K, committed 45952K, reserved 1089536K
  class space    used 5759K, capacity 6220K, committed 6272K, reserved 1048576K
}
Event: 19.729 GC heap after
{Heap after GC invocations=30 (full 0):
 garbage-first heap   total 92160K, used 50820K [0x0000000080000000, 0x0000000100000000)
  region size 1024K, 3 young (3072K), 3 survivors (3072K)
 Metaspace       used 44671K, capacity 45899K, committed 45952K, reserved 1089536K
  class space    used 5759K, capacity 6220K, committed 6272K, reserved 1048576K
}
Event: 22.170 GC heap before
{Heap before GC invocations=31 (full 0):
 garbage-first heap   total 92160K, used 71300K [0x0000000080000000, 0x0000000100000000)
  region size 1024K, 22 young (22528K), 3 survivors (3072K)
 Metaspace       used 46308K, capacity 47500K, committed 47616K, reserved 1091584K
  class space    used 5877K, capacity 6326K, committed 6400K, reserved 1048576K
}
Event: 22.179 GC heap after
{Heap after GC invocations=32 (full 0):
 garbage-first heap   total 92160K, used 52079K [0x0000000080000000, 0x0000000100000000)
  region size 1024K, 2 young (2048K), 2 survivors (2048K)
 Metaspace       used 46308K, capacity 47500K, committed 47616K, reserved 1091584K
  class space    used 5877K, capacity 6326K, committed 6400K, reserved 1048576K
}

Deoptimization events (20 events):
Event: 22.045 Thread 0x00000222b7553000 Uncommon trap: trap_request=0xffffffbe fr.pc=0x00000222a5bafa10 relative=0x0000000000000830
Event: 22.045 Thread 0x00000222b7553000 Uncommon trap: reason=profile_predicate action=maybe_recompile pc=0x00000222a5bafa10 method=java.lang.PublicMethods$MethodList.filter([Ljava/lang/reflect/Method;Ljava/lang/String;[Ljava/lang/Class;Z)Ljava/lang/PublicMethods$MethodList; @ 21 c2
Event: 22.045 Thread 0x00000222b7553000 DEOPT PACKING pc=0x00000222a5bafa10 sp=0x000000d6519f7ae0
Event: 22.045 Thread 0x00000222b7553000 DEOPT UNPACKING pc=0x000002229df6a1a9 sp=0x000000d6519f7a98 mode 2
Event: 22.045 Thread 0x00000222b7553000 Uncommon trap: trap_request=0xffffffbe fr.pc=0x00000222a5bafa10 relative=0x0000000000000830
Event: 22.045 Thread 0x00000222b7553000 Uncommon trap: reason=profile_predicate action=maybe_recompile pc=0x00000222a5bafa10 method=java.lang.PublicMethods$MethodList.filter([Ljava/lang/reflect/Method;Ljava/lang/String;[Ljava/lang/Class;Z)Ljava/lang/PublicMethods$MethodList; @ 21 c2
Event: 22.045 Thread 0x00000222b7553000 DEOPT PACKING pc=0x00000222a5bafa10 sp=0x000000d6519f7a30
Event: 22.045 Thread 0x00000222b7553000 DEOPT UNPACKING pc=0x000002229df6a1a9 sp=0x000000d6519f79e8 mode 2
Event: 22.046 Thread 0x00000222b7553000 Uncommon trap: trap_request=0xffffffbe fr.pc=0x00000222a5bafa10 relative=0x0000000000000830
Event: 22.046 Thread 0x00000222b7553000 Uncommon trap: reason=profile_predicate action=maybe_recompile pc=0x00000222a5bafa10 method=java.lang.PublicMethods$MethodList.filter([Ljava/lang/reflect/Method;Ljava/lang/String;[Ljava/lang/Class;Z)Ljava/lang/PublicMethods$MethodList; @ 21 c2
Event: 22.046 Thread 0x00000222b7553000 DEOPT PACKING pc=0x00000222a5bafa10 sp=0x000000d6519f7980
Event: 22.046 Thread 0x00000222b7553000 DEOPT UNPACKING pc=0x000002229df6a1a9 sp=0x000000d6519f7938 mode 2
Event: 22.149 Thread 0x00000222b7553000 Uncommon trap: trap_request=0xffffffc6 fr.pc=0x00000222a5ba7ca8 relative=0x0000000000000868
Event: 22.150 Thread 0x00000222b7553000 Uncommon trap: reason=bimorphic_or_optimized_type_check action=maybe_recompile pc=0x00000222a5ba7ca8 method=org.codehaus.groovy.runtime.metaclass.MetaMethodIndex.isOverridden(Lgroovy/lang/MetaMethod;Lgroovy/lang/MetaMethod;)Z @ 37 c2
Event: 22.150 Thread 0x00000222b7553000 DEOPT PACKING pc=0x00000222a5ba7ca8 sp=0x000000d6519f52a0
Event: 22.150 Thread 0x00000222b7553000 DEOPT UNPACKING pc=0x000002229df6a1a9 sp=0x000000d6519f51f8 mode 2
Event: 22.160 Thread 0x00000222b7553000 Uncommon trap: trap_request=0xffffffc6 fr.pc=0x00000222a5ba7ca8 relative=0x0000000000000868
Event: 22.160 Thread 0x00000222b7553000 Uncommon trap: reason=bimorphic_or_optimized_type_check action=maybe_recompile pc=0x00000222a5ba7ca8 method=org.codehaus.groovy.runtime.metaclass.MetaMethodIndex.isOverridden(Lgroovy/lang/MetaMethod;Lgroovy/lang/MetaMethod;)Z @ 37 c2
Event: 22.160 Thread 0x00000222b7553000 DEOPT PACKING pc=0x00000222a5ba7ca8 sp=0x000000d6519f5360
Event: 22.160 Thread 0x00000222b7553000 DEOPT UNPACKING pc=0x000002229df6a1a9 sp=0x000000d6519f52b8 mode 2

Classes redefined (0 events):
No events

Internal exceptions (20 events):
Event: 22.078 Thread 0x00000222b7553000 Exception <a 'java/lang/ClassNotFoundException'{0x0000000084db4b80}: org/gradle/initialization/DefaultSettingsCustomizer> (0x0000000084db4b80) thrown at [./src/hotspot/share/classfile/systemDictionary.cpp, line 231]
Event: 22.089 Thread 0x00000222b7553000 Exception <a 'java/lang/ClassNotFoundException'{0x0000000084c0aac0}: org/gradle/initialization/DefaultSettings_DecoratedCustomizer> (0x0000000084c0aac0) thrown at [./src/hotspot/share/classfile/systemDictionary.cpp, line 231]
Event: 22.120 Thread 0x00000222b7553000 Exception <a 'java/lang/ClassNotFoundException'{0x0000000084b44080}: org/gradle/plugin/management/internal/DefaultPluginManagementSpec_DecoratedBeanInfo> (0x0000000084b44080) thrown at [./src/hotspot/share/classfile/systemDictionary.cpp, line 231]
Event: 22.123 Thread 0x00000222b7553000 Exception <a 'java/lang/ClassNotFoundException'{0x0000000084b7d528}: org/gradle/plugin/management/internal/DefaultPluginManagementSpecBeanInfo> (0x0000000084b7d528) thrown at [./src/hotspot/share/classfile/systemDictionary.cpp, line 231]
Event: 22.128 Thread 0x00000222b7553000 Exception <a 'java/lang/ClassNotFoundException'{0x0000000084bb8d50}: org/gradle/plugin/management/internal/DefaultPluginManagementSpecCustomizer> (0x0000000084bb8d50) thrown at [./src/hotspot/share/classfile/systemDictionary.cpp, line 231]
Event: 22.135 Thread 0x00000222b7553000 Exception <a 'java/lang/ClassNotFoundException'{0x0000000084a07db8}: org/gradle/plugin/management/internal/DefaultPluginManagementSpec_DecoratedCustomizer> (0x0000000084a07db8) thrown at [./src/hotspot/share/classfile/systemDictionary.cpp, line 231]
Event: 22.182 Thread 0x00000222b7553000 Exception <a 'java/lang/ClassNotFoundException'{0x0000000085985660}: org/gradle/api/internal/artifacts/dsl/DefaultRepositoryHandler_DecoratedBeanInfo> (0x0000000085985660) thrown at [./src/hotspot/share/classfile/systemDictionary.cpp, line 231]
Event: 22.184 Thread 0x00000222b7553000 Exception <a 'java/lang/ClassNotFoundException'{0x00000000859c08a0}: org/gradle/api/internal/artifacts/dsl/DefaultRepositoryHandlerBeanInfo> (0x00000000859c08a0) thrown at [./src/hotspot/share/classfile/systemDictionary.cpp, line 231]
Event: 22.185 Thread 0x00000222b7553000 Exception <a 'java/lang/ClassNotFoundException'{0x00000000859fe8f0}: org/gradle/api/internal/artifacts/DefaultArtifactRepositoryContainerBeanInfo> (0x00000000859fe8f0) thrown at [./src/hotspot/share/classfile/systemDictionary.cpp, line 231]
Event: 22.186 Thread 0x00000222b7553000 Exception <a 'java/lang/ClassNotFoundException'{0x000000008582b348}: org/gradle/api/internal/DefaultNamedDomainObjectListBeanInfo> (0x000000008582b348) thrown at [./src/hotspot/share/classfile/systemDictionary.cpp, line 231]
Event: 22.188 Thread 0x00000222b7553000 Exception <a 'java/lang/ClassNotFoundException'{0x0000000085859608}: org/gradle/api/internal/DefaultNamedDomainObjectCollectionBeanInfo> (0x0000000085859608) thrown at [./src/hotspot/share/classfile/systemDictionary.cpp, line 231]
Event: 22.189 Thread 0x00000222b7553000 Exception <a 'java/lang/ClassNotFoundException'{0x00000000858869b8}: org/gradle/api/internal/DefaultDomainObjectCollectionBeanInfo> (0x00000000858869b8) thrown at [./src/hotspot/share/classfile/systemDictionary.cpp, line 231]
Event: 22.190 Thread 0x00000222b7553000 Exception <a 'java/lang/ClassNotFoundException'{0x000000008588d938}: java/util/AbstractCollectionBeanInfo> (0x000000008588d938) thrown at [./src/hotspot/share/classfile/systemDictionary.cpp, line 231]
Event: 22.190 Thread 0x00000222b7553000 Exception <a 'java/lang/ClassNotFoundException'{0x0000000085894888}: java/util/AbstractCollectionCustomizer> (0x0000000085894888) thrown at [./src/hotspot/share/classfile/systemDictionary.cpp, line 231]
Event: 22.193 Thread 0x00000222b7553000 Exception <a 'java/lang/ClassNotFoundException'{0x00000000858cb020}: org/gradle/api/internal/DefaultDomainObjectCollectionCustomizer> (0x00000000858cb020) thrown at [./src/hotspot/share/classfile/systemDictionary.cpp, line 231]
Event: 22.198 Thread 0x00000222b7553000 Exception <a 'java/lang/ClassNotFoundException'{0x0000000085716538}: org/gradle/api/internal/DefaultNamedDomainObjectCollectionCustomizer> (0x0000000085716538) thrown at [./src/hotspot/share/classfile/systemDictionary.cpp, line 231]
Event: 22.207 Thread 0x00000222b7553000 Exception <a 'java/lang/ClassNotFoundException'{0x0000000085788ff8}: org/gradle/api/internal/DefaultNamedDomainObjectListCustomizer> (0x0000000085788ff8) thrown at [./src/hotspot/share/classfile/systemDictionary.cpp, line 231]
Event: 22.224 Thread 0x00000222b7553000 Exception <a 'java/lang/ClassNotFoundException'{0x00000000857e01a0}: org/gradle/api/internal/artifacts/DefaultArtifactRepositoryContainerCustomizer> (0x00000000857e01a0) thrown at [./src/hotspot/share/classfile/systemDictionary.cpp, line 231]
Event: 22.227 Thread 0x00000222b7553000 Exception <a 'java/lang/ClassNotFoundException'{0x000000008562cb78}: org/gradle/api/internal/artifacts/dsl/DefaultRepositoryHandlerCustomizer> (0x000000008562cb78) thrown at [./src/hotspot/share/classfile/systemDictionary.cpp, line 231]
Event: 22.231 Thread 0x00000222b7553000 Exception <a 'java/lang/ClassNotFoundException'{0x000000008568ca38}: org/gradle/api/internal/artifacts/dsl/DefaultRepositoryHandler_DecoratedCustomizer> (0x000000008568ca38) thrown at [./src/hotspot/share/classfile/systemDictionary.cpp, line 231]

Events (20 events):
Event: 22.227 loading class org/gradle/api/artifacts/repositories/ExclusiveContentRepository
Event: 22.227 loading class org/gradle/api/artifacts/repositories/ExclusiveContentRepository done
Event: 22.230 loading class org/gradle/api/internal/artifacts/dsl/DefaultRepositoryHandler_DecoratedCustomizer
Event: 22.230 loading class org/gradle/api/internal/artifacts/dsl/DefaultRepositoryHandler_DecoratedCustomizer done
Event: 22.230 loading class org/gradle/api/internal/artifacts/dsl/DefaultRepositoryHandler_DecoratedCustomizer
Event: 22.230 loading class org/gradle/api/internal/artifacts/dsl/DefaultRepositoryHandler_DecoratedCustomizer done
Event: 22.230 loading class org/gradle/api/internal/artifacts/dsl/DefaultRepositoryHandler_DecoratedCustomizer
Event: 22.230 loading class org/gradle/api/internal/artifacts/dsl/DefaultRepositoryHandler_DecoratedCustomizer done
Event: 22.231 loading class org/gradle/api/internal/artifacts/dsl/DefaultRepositoryHandler_DecoratedCustomizer
Event: 22.231 loading class org/gradle/api/internal/artifacts/dsl/DefaultRepositoryHandler_DecoratedCustomizer done
Event: 22.235 loading class org/gradle/api/internal/artifacts/repositories/DefaultBaseRepositoryFactory$NamedMavenRepositoryDescriber
Event: 22.235 loading class org/gradle/api/internal/artifacts/repositories/DefaultBaseRepositoryFactory$NamedMavenRepositoryDescriber done
Event: 22.237 loading class org/gradle/api/internal/artifacts/repositories/DefaultMavenArtifactRepository
Event: 22.237 loading class org/gradle/api/internal/artifacts/repositories/DefaultMavenArtifactRepository done
Event: 22.241 loading class org/gradle/api/internal/artifacts/repositories/PublicationAwareRepository
Event: 22.241 loading class org/gradle/api/internal/artifacts/repositories/PublicationAwareRepository done
Event: 22.242 loading class org/gradle/api/internal/artifacts/repositories/AbstractAuthenticationSupportedRepository
Event: 22.242 loading class org/gradle/api/internal/artifacts/repositories/AbstractAuthenticationSupportedRepository done
Event: 22.243 loading class org/gradle/internal/artifacts/repositories/AuthenticationSupportedInternal
Event: 22.243 loading class org/gradle/internal/artifacts/repositories/AuthenticationSupportedInternal done


Dynamic libraries:
0x00007ff6c6020000 - 0x00007ff6c602a000 	D:\android_1\jre\bin\java.exe
0x00007ffe312b0000 - 0x00007ffe314a8000 	C:\WINDOWS\SYSTEM32\ntdll.dll
0x00007ffe30e30000 - 0x00007ffe30eed000 	C:\WINDOWS\System32\KERNEL32.DLL
0x00007ffe2ee90000 - 0x00007ffe2f15e000 	C:\WINDOWS\System32\KERNELBASE.dll
0x00007ffe2ece0000 - 0x00007ffe2ede0000 	C:\WINDOWS\System32\ucrtbase.dll
0x00007ffe2c700000 - 0x00007ffe2c719000 	D:\android_1\jre\bin\jli.dll
0x00007ffe2f3f0000 - 0x00007ffe2f590000 	C:\WINDOWS\System32\USER32.dll
0x00007ffe2ec10000 - 0x00007ffe2ec32000 	C:\WINDOWS\System32\win32u.dll
0x00007ffe30480000 - 0x00007ffe304aa000 	C:\WINDOWS\System32\GDI32.dll
0x00007ffe2f160000 - 0x00007ffe2f26b000 	C:\WINDOWS\System32\gdi32full.dll
0x00007ffe2ec40000 - 0x00007ffe2ecdd000 	C:\WINDOWS\System32\msvcp_win.dll
0x00007ffe2c6e0000 - 0x00007ffe2c6f7000 	D:\android_1\jre\bin\VCRUNTIME140.dll
0x00007ffe2dd80000 - 0x00007ffe2e01a000 	C:\WINDOWS\WinSxS\amd64_microsoft.windows.common-controls_6595b64144ccf1df_6.0.19041.1110_none_60b5254171f9507e\COMCTL32.dll
0x00007ffe30300000 - 0x00007ffe3039e000 	C:\WINDOWS\System32\msvcrt.dll
0x00007ffe2f310000 - 0x00007ffe2f340000 	C:\WINDOWS\System32\IMM32.DLL
0x00007ffe0d7c0000 - 0x00007ffe0d85d000 	D:\android_1\jre\bin\msvcp140.dll
0x00007ffde7a60000 - 0x00007ffde8545000 	D:\android_1\jre\bin\server\jvm.dll
0x00007ffe30f80000 - 0x00007ffe3102e000 	C:\WINDOWS\System32\ADVAPI32.dll
0x00007ffe30c60000 - 0x00007ffe30cfc000 	C:\WINDOWS\System32\sechost.dll
0x00007ffe2fbd0000 - 0x00007ffe2fcf5000 	C:\WINDOWS\System32\RPCRT4.dll
0x00007ffe31050000 - 0x00007ffe31058000 	C:\WINDOWS\System32\PSAPI.DLL
0x00007ffe19730000 - 0x00007ffe19739000 	C:\WINDOWS\SYSTEM32\WSOCK32.dll
0x00007ffe116c0000 - 0x00007ffe116e7000 	C:\WINDOWS\SYSTEM32\WINMM.dll
0x00007ffe31060000 - 0x00007ffe310cb000 	C:\WINDOWS\System32\WS2_32.dll
0x00007ffe2ad70000 - 0x00007ffe2ad7a000 	C:\WINDOWS\SYSTEM32\VERSION.dll
0x00007ffe2cc10000 - 0x00007ffe2cc22000 	C:\WINDOWS\SYSTEM32\kernel.appcore.dll
0x00007ffe0f790000 - 0x00007ffe0f7a1000 	D:\android_1\jre\bin\verify.dll
0x00007ffe2e300000 - 0x00007ffe2e4e4000 	C:\WINDOWS\SYSTEM32\DBGHELP.DLL
0x00007ffe2e130000 - 0x00007ffe2e15c000 	C:\WINDOWS\SYSTEM32\dbgcore.DLL
0x00007ffe2eb30000 - 0x00007ffe2ebb2000 	C:\WINDOWS\System32\bcryptPrimitives.dll
0x00007ffdf7220000 - 0x00007ffdf7249000 	D:\android_1\jre\bin\java.dll
0x00007ffe27df0000 - 0x00007ffe27dfb000 	D:\android_1\jre\bin\jimage.dll
0x00007ffe0c150000 - 0x00007ffe0c168000 	D:\android_1\jre\bin\zip.dll
0x00007ffe304b0000 - 0x00007ffe30bf4000 	C:\WINDOWS\System32\SHELL32.dll
0x00007ffe2bc10000 - 0x00007ffe2c3a4000 	C:\WINDOWS\SYSTEM32\windows.storage.dll
0x00007ffe2f870000 - 0x00007ffe2fbc4000 	C:\WINDOWS\System32\combase.dll
0x00007ffe2dce0000 - 0x00007ffe2dd10000 	C:\WINDOWS\SYSTEM32\Wldp.dll
0x00007ffe310d0000 - 0x00007ffe3117d000 	C:\WINDOWS\System32\SHCORE.dll
0x00007ffe302a0000 - 0x00007ffe302f5000 	C:\WINDOWS\System32\shlwapi.dll
0x00007ffe2e910000 - 0x00007ffe2e92f000 	C:\WINDOWS\SYSTEM32\profapi.dll
0x00007ffe0aa80000 - 0x00007ffe0aa9a000 	D:\android_1\jre\bin\net.dll
0x00007ffe205f0000 - 0x00007ffe206fa000 	C:\WINDOWS\SYSTEM32\WINHTTP.dll
0x00007ffe2da40000 - 0x00007ffe2daaa000 	C:\WINDOWS\system32\mswsock.dll
0x00007ffe09d50000 - 0x00007ffe09d64000 	D:\android_1\jre\bin\nio.dll
0x00007ffe0d860000 - 0x00007ffe0d887000 	C:\Users\Acer\.gradle\native\e1d6ef7f7dcc3fd88c89a11ec53ec762bb8ba0a96d01ffa2cd45eb1d1d8dd5c5\windows-amd64\native-platform.dll
0x00007ffdfdea0000 - 0x00007ffdfdfe4000 	C:\Users\Acer\.gradle\native\5664cfc778a61ccfe75a443a1ab52a65af34e5dc3c78e0209fed803814484fcb\windows-amd64\native-platform-file-events.dll
0x00007ffe287d0000 - 0x00007ffe287da000 	D:\android_1\jre\bin\management.dll
0x00007ffe275a0000 - 0x00007ffe275ad000 	D:\android_1\jre\bin\management_ext.dll
0x00007ffe2e690000 - 0x00007ffe2e6a8000 	C:\WINDOWS\SYSTEM32\CRYPTSP.dll
0x00007ffe2d3e0000 - 0x00007ffe2d414000 	C:\WINDOWS\system32\rsaenh.dll
0x00007ffe2f270000 - 0x00007ffe2f297000 	C:\WINDOWS\System32\bcrypt.dll
0x00007ffe2e8d0000 - 0x00007ffe2e8fe000 	C:\WINDOWS\SYSTEM32\USERENV.dll
0x00007ffe2dcd0000 - 0x00007ffe2dcdc000 	C:\WINDOWS\SYSTEM32\CRYPTBASE.dll
0x00007ffe2d730000 - 0x00007ffe2d76b000 	C:\WINDOWS\SYSTEM32\IPHLPAPI.DLL
0x00007ffe30f70000 - 0x00007ffe30f78000 	C:\WINDOWS\System32\NSI.dll
0x00007ffe23f70000 - 0x00007ffe23f87000 	C:\WINDOWS\SYSTEM32\dhcpcsvc6.DLL
0x00007ffe24a50000 - 0x00007ffe24a6d000 	C:\WINDOWS\SYSTEM32\dhcpcsvc.DLL
0x00007ffe2d770000 - 0x00007ffe2d83b000 	C:\WINDOWS\SYSTEM32\DNSAPI.dll

dbghelp: loaded successfully - version: 4.0.5 - missing functions: none
symbol engine: initialized successfully - sym options: 0x614 - pdb path: .;D:\android_1\jre\bin;C:\WINDOWS\SYSTEM32;C:\WINDOWS\WinSxS\amd64_microsoft.windows.common-controls_6595b64144ccf1df_6.0.19041.1110_none_60b5254171f9507e;D:\android_1\jre\bin\server;C:\Users\Acer\.gradle\native\e1d6ef7f7dcc3fd88c89a11ec53ec762bb8ba0a96d01ffa2cd45eb1d1d8dd5c5\windows-amd64;C:\Users\Acer\.gradle\native\5664cfc778a61ccfe75a443a1ab52a65af34e5dc3c78e0209fed803814484fcb\windows-amd64

VM Arguments:
jvm_args: --add-opens=java.base/java.util=ALL-UNNAMED --add-opens=java.base/java.lang=ALL-UNNAMED --add-opens=java.base/java.lang.invoke=ALL-UNNAMED --add-opens=java.base/java.util=ALL-UNNAMED --add-opens=java.prefs/java.util.prefs=ALL-UNNAMED --add-opens=java.prefs/java.util.prefs=ALL-UNNAMED --add-opens=java.base/java.nio.charset=ALL-UNNAMED --add-opens=java.base/java.net=ALL-UNNAMED --add-opens=java.base/java.util.concurrent.atomic=ALL-UNNAMED -Xmx2048m -Dfile.encoding=UTF-8 -Duser.country=BR -Duser.language=pt -Duser.variant 
java_command: org.gradle.launcher.daemon.bootstrap.GradleDaemon 7.3.3
java_class_path (initial): C:\Users\Acer\.gradle\wrapper\dists\gradle-7.3.3-bin\6a41zxkdtcxs8rphpq6y0069z\gradle-7.3.3\lib\gradle-launcher-7.3.3.jar
Launcher Type: SUN_STANDARD

[Global flags]
     intx CICompilerCount                          = 3                                         {product} {ergonomic}
     uint ConcGCThreads                            = 1                                         {product} {ergonomic}
     uint G1ConcRefinementThreads                  = 4                                         {product} {ergonomic}
   size_t G1HeapRegionSize                         = 1048576                                   {product} {ergonomic}
    uintx GCDrainStackTargetSize                   = 64                                        {product} {ergonomic}
   size_t InitialHeapSize                          = 65011712                                  {product} {ergonomic}
   size_t MarkStackSize                            = 4194304                                   {product} {ergonomic}
   size_t MaxHeapSize                              = 2147483648                                {product} {command line}
   size_t MaxNewSize                               = 1287651328                                {product} {ergonomic}
   size_t MinHeapDeltaBytes                        = 1048576                                   {product} {ergonomic}
    uintx NonNMethodCodeHeapSize                   = 5830732                                {pd product} {ergonomic}
    uintx NonProfiledCodeHeapSize                  = 122913754                              {pd product} {ergonomic}
    uintx ProfiledCodeHeapSize                     = 122913754                              {pd product} {ergonomic}
    uintx ReservedCodeCacheSize                    = 251658240                              {pd product} {ergonomic}
     bool SegmentedCodeCache                       = true                                      {product} {ergonomic}
     bool UseCompressedClassPointers               = true                                 {lp64_product} {ergonomic}
     bool UseCompressedOops                        = true                                 {lp64_product} {ergonomic}
     bool UseG1GC                                  = true                                      {product} {ergonomic}
     bool UseLargePagesIndividualAllocation        = false                                  {pd product} {ergonomic}

Logging:
Log output configuration:
 #0: stdout all=warning uptime,level,tags
 #1: stderr all=off uptime,level,tags

Environment Variables:
PATH=C:\WINDOWS\system32;C:\WINDOWS;C:\WINDOWS\System32\Wbem;C:\WINDOWS\System32\WindowsPowerShell\v1.0\;C:\WINDOWS\System32\OpenSSH\;C:\Program Files\Git\cmd;C:\Program Files\nodejs\;C:\Users\Acer\AppData\Local\Microsoft\WindowsApps;C:\Users\Acer\AppData\Local\GitHubDesktop\bin;C:\Users\Acer\AppData\Local\Programs\Microsoft VS Code\bin;C:\Users\Acer\AppData\Roaming\npm;
USERNAME=Acer
OS=Windows_NT
PROCESSOR_IDENTIFIER=Intel64 Family 6 Model 122 Stepping 8, GenuineIntel



---------------  S Y S T E M  ---------------

OS: Windows 10 , 64 bit Build 19041 (10.0.19041.1806)
OS uptime: 0 days 0:42 hours

CPU:total 4 (initial active 4) (4 cores per cpu, 1 threads per core) family 6 model 122 stepping 8 microcode 0xc, cmov, cx8, fxsr, mmx, sse, sse2, sse3, ssse3, sse4.1, sse4.2, popcnt, aes, clmul, erms, 3dnowpref, tsc, tscinvbit, sha

Memory: 4k page, system-wide physical 3899M (60M free)
TotalPageFile size 5282M (AvailPageFile size 5M)
current process WorkingSet (physical memory assigned to process): 220M, peak: 220M
current process commit charge ("private bytes"): 262M, peak: 263M

vm_info: OpenJDK 64-Bit Server VM (11.0.12+7-b1504.28-7817840) for windows-amd64 JRE (11.0.12+7-b1504.28-7817840), built on Oct 13 2021 22:12:33 by "builder" with MS VC++ 14.0 (VS2015)

END.
