#
# There is insufficient memory for the Java Runtime Environment to continue.
# Native memory allocation (mmap) failed to map 23068672 bytes for Failed to commit area from 0x0000000086c00000 to 0x0000000088200000 of length 23068672.
# Possible reasons:
#   The system is out of physical RAM or swap space
#   The process is running with CompressedOops enabled, and the Java Heap may be blocking the growth of the native heap
# Possible solutions:
#   Reduce memory load on the system
#   Increase physical memory or swap space
#   Check if swap backing store is full
#   Decrease Java heap size (-Xmx/-Xms)
#   Decrease number of Java threads
#   Decrease Java thread stack sizes (-Xss)
#   Set larger code cache with -XX:ReservedCodeCacheSize=
#   JVM is running with Unscaled Compressed Oops mode in which the Java heap is
#     placed in the first 4GB address space. The Java Heap base address is the
#     maximum limit for the native heap growth. Please use -XX:HeapBaseMinAddress
#     to set the Java Heap base and to place the Java Heap above 4GB virtual address.
# This output file may be truncated or incomplete.
#
#  Out of Memory Error (./src/hotspot/os/windows/os_windows.cpp:3521), pid=9760, tid=8716
#
# JRE version: OpenJDK Runtime Environment (11.0.12+7) (build 11.0.12+7-b1504.28-7817840)
# Java VM: OpenJDK 64-Bit Server VM (11.0.12+7-b1504.28-7817840, mixed mode, tiered, compressed oops, g1 gc, windows-amd64)
# No core dump will be written. Minidumps are not enabled by default on client versions of Windows
#

---------------  S U M M A R Y ------------

Command Line: --add-opens=java.base/java.util=ALL-UNNAMED --add-opens=java.base/java.lang=ALL-UNNAMED --add-opens=java.base/java.lang.invoke=ALL-UNNAMED --add-opens=java.base/java.util=ALL-UNNAMED --add-opens=java.prefs/java.util.prefs=ALL-UNNAMED --add-opens=java.prefs/java.util.prefs=ALL-UNNAMED --add-opens=java.base/java.nio.charset=ALL-UNNAMED --add-opens=java.base/java.net=ALL-UNNAMED --add-opens=java.base/java.util.concurrent.atomic=ALL-UNNAMED -Xmx2048m -Dfile.encoding=UTF-8 -Duser.country=BR -Duser.language=pt -Duser.variant org.gradle.launcher.daemon.bootstrap.GradleDaemon 7.3.3

Host: Intel(R) Celeron(R) N4120 CPU @ 1.10GHz, 4 cores, 3G,  Windows 10 , 64 bit Build 19041 (10.0.19041.1806)
Time: Tue Aug  2 09:49:32 2022 H. de Verão da Europa Ocidental elapsed time: 33.761493 seconds (0d 0h 0m 33s)

---------------  T H R E A D  ---------------

Current thread (0x000001f6fdef7000):  VMThread "VM Thread" [stack: 0x0000003385f00000,0x0000003386000000] [id=8716]

Stack: [0x0000003385f00000,0x0000003386000000]
[error occurred during error reporting (printing stack bounds), id 0xc0000005, EXCEPTION_ACCESS_VIOLATION (0xc0000005) at pc=0x000001f68000113d]

Native frames: (J=compiled Java code, j=interpreted, Vv=VM code, C=native code)
V  [jvm.dll+0x5fbcea]
V  [jvm.dll+0x731905]
V  [jvm.dll+0x732f1d]
V  [jvm.dll+0x733535]
V  [jvm.dll+0x7334eb]
V  [jvm.dll+0x5fb080]
V  [jvm.dll+0x5fb818]
C  [ntdll.dll+0xa229f]
C  [ntdll.dll+0x51454]
C  [ntdll.dll+0xa0dce]
C  0x000001f68000113d

VM_Operation (0x00000033871f6340): G1CollectForAllocation, mode: safepoint, requested by thread 0x000001f690420800


---------------  P R O C E S S  ---------------

Threads class SMR info:
_java_thread_list=0x000001f6920eb720, length=78, elements={
0x000001f6f2bf8800, 0x000001f6fdefb000, 0x000001f6fdf04800, 0x000001f6fdf54800,
0x000001f6fdf55800, 0x000001f6fdf5a000, 0x000001f6fdf60000, 0x000001f6fe8c0800,
0x000001f6fdf66800, 0x000001f6fea07800, 0x000001f690424000, 0x000001f690425800,
0x000001f69041f800, 0x000001f690424800, 0x000001f690423000, 0x000001f690426800,
0x000001f690420800, 0x000001f690422000, 0x000001f690421800, 0x000001f69042b800,
0x000001f690429000, 0x000001f690428000, 0x000001f69042e000, 0x000001f69042e800,
0x000001f69042d000, 0x000001f69042c800, 0x000001f69042f800, 0x000001f69042a000,
0x000001f690430800, 0x000001f69042a800, 0x000001f690436000, 0x000001f690435000,
0x000001f690434800, 0x000001f690433000, 0x000001f690431000, 0x000001f690433800,
0x000001f6931a6000, 0x000001f6931a3000, 0x000001f6931a7000, 0x000001f6931a3800,
0x000001f6931a1800, 0x000001f6931a8000, 0x000001f6931a2000, 0x000001f6931a9800,
0x000001f6931a5800, 0x000001f6931a8800, 0x000001f6931aa000, 0x000001f6931a4800,
0x000001f6931ab000, 0x000001f6931b0000, 0x000001f6931af000, 0x000001f6931ac000,
0x000001f6931ac800, 0x000001f6931ad800, 0x000001f6931ae800, 0x000001f69217e800,
0x000001f692182800, 0x000001f692180800, 0x000001f692183800, 0x000001f69217f800,
0x000001f692185000, 0x000001f692187000, 0x000001f692181000, 0x000001f692184800,
0x000001f692186000, 0x000001f692187800, 0x000001f692182000, 0x000001f692188800,
0x000001f69218b000, 0x000001f69218c800, 0x000001f692189000, 0x000001f69218e000,
0x000001f69218a000, 0x000001f69218d800, 0x000001f69218b800, 0x000001f690c9f000,
0x000001f690ca3000, 0x000001f690ca0800
}

Java Threads: ( => current thread )
  0x000001f6f2bf8800 JavaThread "main" [_thread_blocked, id=7604, stack(0x0000003385900000,0x0000003385a00000)]
  0x000001f6fdefb000 JavaThread "Reference Handler" daemon [_thread_blocked, id=9508, stack(0x0000003386000000,0x0000003386100000)]
  0x000001f6fdf04800 JavaThread "Finalizer" daemon [_thread_blocked, id=6528, stack(0x0000003386100000,0x0000003386200000)]
  0x000001f6fdf54800 JavaThread "Signal Dispatcher" daemon [_thread_blocked, id=5096, stack(0x0000003386200000,0x0000003386300000)]
  0x000001f6fdf55800 JavaThread "Attach Listener" daemon [_thread_blocked, id=10980, stack(0x0000003386300000,0x0000003386400000)]
  0x000001f6fdf5a000 JavaThread "Service Thread" daemon [_thread_blocked, id=10384, stack(0x0000003386400000,0x0000003386500000)]
  0x000001f6fdf60000 JavaThread "C2 CompilerThread0" daemon [_thread_in_native, id=6204, stack(0x0000003386500000,0x0000003386600000)]
  0x000001f6fe8c0800 JavaThread "C1 CompilerThread0" daemon [_thread_blocked, id=1968, stack(0x0000003386600000,0x0000003386700000)]
  0x000001f6fdf66800 JavaThread "Sweeper thread" daemon [_thread_blocked, id=6224, stack(0x0000003386700000,0x0000003386800000)]
  0x000001f6fea07800 JavaThread "Common-Cleaner" daemon [_thread_blocked, id=808, stack(0x0000003386800000,0x0000003386900000)]
  0x000001f690424000 JavaThread "Daemon health stats" [_thread_blocked, id=10076, stack(0x0000003386b00000,0x0000003386c00000)]
  0x000001f690425800 JavaThread "Incoming local TCP Connector on port 55679" [_thread_in_native, id=10684, stack(0x0000003386c00000,0x0000003386d00000)]
  0x000001f69041f800 JavaThread "Daemon periodic checks" [_thread_blocked, id=10976, stack(0x0000003386d00000,0x0000003386e00000)]
  0x000001f690424800 JavaThread "Daemon" [_thread_blocked, id=4580, stack(0x0000003386e00000,0x0000003386f00000)]
  0x000001f690423000 JavaThread "Handler for socket connection from /127.0.0.1:55679 to /127.0.0.1:55680" [_thread_in_native, id=9228, stack(0x0000003386f00000,0x0000003387000000)]
  0x000001f690426800 JavaThread "Cancel handler" [_thread_blocked, id=10256, stack(0x0000003387000000,0x0000003387100000)]
  0x000001f690420800 JavaThread "Daemon worker" [_thread_blocked, id=5344, stack(0x0000003387100000,0x0000003387200000)]
  0x000001f690422000 JavaThread "Asynchronous log dispatcher for DefaultDaemonConnection: socket connection from /127.0.0.1:55679 to /127.0.0.1:55680" [_thread_blocked, id=9316, stack(0x0000003387200000,0x0000003387300000)]
  0x000001f690421800 JavaThread "Stdin handler" [_thread_blocked, id=1316, stack(0x0000003387300000,0x0000003387400000)]
  0x000001f69042b800 JavaThread "Daemon client event forwarder" [_thread_blocked, id=11244, stack(0x0000003387400000,0x0000003387500000)]
  0x000001f690429000 JavaThread "Cache worker for journal cache (C:\Users\Acer\.gradle\caches\journal-1)" [_thread_blocked, id=5928, stack(0x0000003387700000,0x0000003387800000)]
  0x000001f690428000 JavaThread "File lock request listener" [_thread_in_native, id=936, stack(0x0000003387800000,0x0000003387900000)]
  0x000001f69042e000 JavaThread "Cache worker for file hash cache (C:\Users\Acer\.gradle\caches\7.3.3\fileHashes)" [_thread_blocked, id=10308, stack(0x0000003387900000,0x0000003387a00000)]
  0x000001f69042e800 JavaThread "Cache worker for file hash cache (D:\BusinessCard\.gradle\7.3.3\fileHashes)" [_thread_blocked, id=1836, stack(0x0000003387a00000,0x0000003387b00000)]
  0x000001f69042d000 JavaThread "File watcher server" daemon [_thread_in_native, id=6340, stack(0x0000003387b00000,0x0000003387c00000)]
  0x000001f69042c800 JavaThread "File watcher consumer" daemon [_thread_blocked, id=6716, stack(0x0000003387c00000,0x0000003387d00000)]
  0x000001f69042f800 JavaThread "Cache worker for checksums cache (D:\BusinessCard\.gradle\7.3.3\checksums)" [_thread_blocked, id=5596, stack(0x0000003387d00000,0x0000003387e00000)]
  0x000001f69042a000 JavaThread "Cache worker for cache directory md-supplier (C:\Users\Acer\.gradle\caches\7.3.3\md-supplier)" [_thread_blocked, id=8496, stack(0x0000003387e00000,0x0000003387f00000)]
  0x000001f690430800 JavaThread "Cache worker for cache directory md-rule (C:\Users\Acer\.gradle\caches\7.3.3\md-rule)" [_thread_blocked, id=7596, stack(0x0000003387f00000,0x0000003388000000)]
  0x000001f69042a800 JavaThread "Cache worker for execution history cache (C:\Users\Acer\.gradle\caches\7.3.3\executionHistory)" [_thread_blocked, id=4692, stack(0x0000003388000000,0x0000003388100000)]
  0x000001f690436000 JavaThread "jar transforms" [_thread_blocked, id=9712, stack(0x0000003388100000,0x0000003388200000)]
  0x000001f690435000 JavaThread "Cache worker for file content cache (C:\Users\Acer\.gradle\caches\7.3.3\fileContent)" [_thread_blocked, id=6904, stack(0x0000003388200000,0x0000003388300000)]
  0x000001f690434800 JavaThread "jar transforms Thread 2" [_thread_blocked, id=9100, stack(0x0000003388300000,0x0000003388400000)]
  0x000001f690433000 JavaThread "Cache worker for dependencies-accessors (D:\BusinessCard\.gradle\7.3.3\dependencies-accessors)" [_thread_blocked, id=9088, stack(0x0000003388400000,0x0000003388500000)]
  0x000001f690431000 JavaThread "jar transforms Thread 3" [_thread_blocked, id=9636, stack(0x0000003388500000,0x0000003388600000)]
  0x000001f690433800 JavaThread "Cache worker for Build Output Cleanup Cache (D:\BusinessCard\.gradle\buildOutputCleanup)" [_thread_blocked, id=10440, stack(0x0000003388600000,0x0000003388700000)]
  0x000001f6931a6000 JavaThread "Unconstrained build operations" [_thread_blocked, id=3992, stack(0x0000003388700000,0x0000003388800000)]
  0x000001f6931a3000 JavaThread "Unconstrained build operations Thread 2" [_thread_blocked, id=9016, stack(0x0000003388800000,0x0000003388900000)]
  0x000001f6931a7000 JavaThread "Unconstrained build operations Thread 3" [_thread_blocked, id=4448, stack(0x0000003388900000,0x0000003388a00000)]
  0x000001f6931a3800 JavaThread "Unconstrained build operations Thread 4" [_thread_blocked, id=7764, stack(0x0000003388a00000,0x0000003388b00000)]
  0x000001f6931a1800 JavaThread "Unconstrained build operations Thread 5" [_thread_blocked, id=8264, stack(0x0000003388b00000,0x0000003388c00000)]
  0x000001f6931a8000 JavaThread "Unconstrained build operations Thread 6" [_thread_blocked, id=6652, stack(0x0000003388c00000,0x0000003388d00000)]
  0x000001f6931a2000 JavaThread "Unconstrained build operations Thread 7" [_thread_blocked, id=7840, stack(0x0000003388d00000,0x0000003388e00000)]
  0x000001f6931a9800 JavaThread "Unconstrained build operations Thread 8" [_thread_blocked, id=5416, stack(0x0000003388e00000,0x0000003388f00000)]
  0x000001f6931a5800 JavaThread "Unconstrained build operations Thread 9" [_thread_blocked, id=8008, stack(0x0000003388f00000,0x0000003389000000)]
  0x000001f6931a8800 JavaThread "Unconstrained build operations Thread 10" [_thread_blocked, id=5484, stack(0x0000003389000000,0x0000003389100000)]
  0x000001f6931aa000 JavaThread "Unconstrained build operations Thread 11" [_thread_blocked, id=5256, stack(0x0000003389100000,0x0000003389200000)]
  0x000001f6931a4800 JavaThread "Unconstrained build operations Thread 12" [_thread_blocked, id=6364, stack(0x0000003389200000,0x0000003389300000)]
  0x000001f6931ab000 JavaThread "Unconstrained build operations Thread 13" [_thread_blocked, id=9816, stack(0x0000003389300000,0x0000003389400000)]
  0x000001f6931b0000 JavaThread "Unconstrained build operations Thread 14" [_thread_blocked, id=1120, stack(0x0000003389400000,0x0000003389500000)]
  0x000001f6931af000 JavaThread "Unconstrained build operations Thread 15" [_thread_blocked, id=3740, stack(0x0000003389500000,0x0000003389600000)]
  0x000001f6931ac000 JavaThread "Unconstrained build operations Thread 16" [_thread_blocked, id=10280, stack(0x0000003389600000,0x0000003389700000)]
  0x000001f6931ac800 JavaThread "Unconstrained build operations Thread 17" [_thread_blocked, id=7628, stack(0x0000003389700000,0x0000003389800000)]
  0x000001f6931ad800 JavaThread "Unconstrained build operations Thread 18" [_thread_blocked, id=8772, stack(0x0000003389800000,0x0000003389900000)]
  0x000001f6931ae800 JavaThread "Unconstrained build operations Thread 19" [_thread_blocked, id=900, stack(0x0000003389900000,0x0000003389a00000)]
  0x000001f69217e800 JavaThread "Unconstrained build operations Thread 20" [_thread_blocked, id=8380, stack(0x0000003389a00000,0x0000003389b00000)]
  0x000001f692182800 JavaThread "Unconstrained build operations Thread 21" [_thread_blocked, id=7832, stack(0x0000003389b00000,0x0000003389c00000)]
  0x000001f692180800 JavaThread "Unconstrained build operations Thread 22" [_thread_blocked, id=2168, stack(0x0000003389c00000,0x0000003389d00000)]
  0x000001f692183800 JavaThread "Unconstrained build operations Thread 23" [_thread_blocked, id=8500, stack(0x0000003389d00000,0x0000003389e00000)]
  0x000001f69217f800 JavaThread "Unconstrained build operations Thread 24" [_thread_blocked, id=3788, stack(0x0000003389e00000,0x0000003389f00000)]
  0x000001f692185000 JavaThread "Unconstrained build operations Thread 25" [_thread_blocked, id=7920, stack(0x0000003389f00000,0x000000338a000000)]
  0x000001f692187000 JavaThread "Unconstrained build operations Thread 26" [_thread_blocked, id=7948, stack(0x000000338a000000,0x000000338a100000)]
  0x000001f692181000 JavaThread "Unconstrained build operations Thread 27" [_thread_blocked, id=2064, stack(0x000000338a100000,0x000000338a200000)]
  0x000001f692184800 JavaThread "Unconstrained build operations Thread 28" [_thread_blocked, id=11212, stack(0x000000338a200000,0x000000338a300000)]
  0x000001f692186000 JavaThread "Unconstrained build operations Thread 29" [_thread_blocked, id=2084, stack(0x000000338a300000,0x000000338a400000)]
  0x000001f692187800 JavaThread "Unconstrained build operations Thread 30" [_thread_blocked, id=10996, stack(0x000000338a400000,0x000000338a500000)]
  0x000001f692182000 JavaThread "Unconstrained build operations Thread 31" [_thread_blocked, id=8512, stack(0x000000338a500000,0x000000338a600000)]
  0x000001f692188800 JavaThread "Unconstrained build operations Thread 32" [_thread_blocked, id=10676, stack(0x000000338a600000,0x000000338a700000)]
  0x000001f69218b000 JavaThread "Unconstrained build operations Thread 33" [_thread_blocked, id=6644, stack(0x000000338a700000,0x000000338a800000)]
  0x000001f69218c800 JavaThread "Unconstrained build operations Thread 34" [_thread_blocked, id=10592, stack(0x000000338a800000,0x000000338a900000)]
  0x000001f692189000 JavaThread "Unconstrained build operations Thread 35" [_thread_blocked, id=1788, stack(0x000000338a900000,0x000000338aa00000)]
  0x000001f69218e000 JavaThread "Unconstrained build operations Thread 36" [_thread_blocked, id=9340, stack(0x000000338aa00000,0x000000338ab00000)]
  0x000001f69218a000 JavaThread "Unconstrained build operations Thread 37" [_thread_blocked, id=6172, stack(0x000000338ab00000,0x000000338ac00000)]
  0x000001f69218d800 JavaThread "Unconstrained build operations Thread 38" [_thread_blocked, id=8948, stack(0x000000338ac00000,0x000000338ad00000)]
  0x000001f69218b800 JavaThread "Unconstrained build operations Thread 39" [_thread_blocked, id=6272, stack(0x000000338ad00000,0x000000338ae00000)]
  0x000001f690c9f000 JavaThread "Unconstrained build operations Thread 40" [_thread_blocked, id=7652, stack(0x000000338ae00000,0x000000338af00000)]
  0x000001f690ca3000 JavaThread "jar transforms Thread 4" [_thread_blocked, id=8096, stack(0x000000338af00000,0x000000338b000000)]
  0x000001f690ca0800 JavaThread "Memory manager" [_thread_blocked, id=9732, stack(0x000000338b000000,0x000000338b100000)]

Other Threads:
=>0x000001f6fdef7000 VMThread "VM Thread" [stack: 0x0000003385f00000,0x0000003386000000] [id=8716]
  0x000001f6fea38800 WatcherThread [stack: 0x0000003386900000,0x0000003386a00000] [id=4688]
  0x000001f6f2c13000 GCTaskThread "GC Thread#0" [stack: 0x0000003385a00000,0x0000003385b00000] [id=5260]
  0x000001f6fed8c000 GCTaskThread "GC Thread#1" [stack: 0x0000003386a00000,0x0000003386b00000] [id=9412]
  0x000001f6901f5800 GCTaskThread "GC Thread#2" [stack: 0x0000003387500000,0x0000003387600000] [id=7552]
  0x000001f69021c000 GCTaskThread "GC Thread#3" [stack: 0x0000003387600000,0x0000003387700000] [id=7304]
  0x000001f6f2c46000 ConcurrentGCThread "G1 Main Marker" [stack: 0x0000003385b00000,0x0000003385c00000] [id=8384]
  0x000001f6f2c47800 ConcurrentGCThread "G1 Conc#0" [stack: 0x0000003385c00000,0x0000003385d00000] [id=10748]
  0x000001f6f2c9f800 ConcurrentGCThread "G1 Refine#0" [stack: 0x0000003385d00000,0x0000003385e00000] [id=1428]
  0x000001f6f2ca0800 ConcurrentGCThread "G1 Young RemSet Sampling" [stack: 0x0000003385e00000,0x0000003385f00000] [id=4384]

Threads with active compile tasks:
C2 CompilerThread0  33835 7653 %     4       org.gradle.internal.instantiation.generator.AbstractClassGenerator::inspectType @ 107 (560 bytes)

VM state:at safepoint (normal execution)

VM Mutex/Monitor currently owned by a thread:  ([mutex/lock_event])
[0x000001f6f2bf6e50] Threads_lock - owner thread: 0x000001f6fdef7000
[0x000001f6f2bf7bd0] Heap_lock - owner thread: 0x000001f690420800

Heap address: 0x0000000080000000, size: 2048 MB, Compressed Oops mode: 32-bit
Narrow klass base: 0x0000000000000000, Narrow klass shift: 3
Compressed class space size: 1073741824 Address: 0x0000000100000000

Heap:
 garbage-first heap   total 133120K, used 70698K [0x0000000080000000, 0x0000000100000000)
  region size 1024K, 2 young (2048K), 2 survivors (2048K)
 Metaspace       used 78602K, capacity 80339K, committed 80512K, reserved 1118208K
  class space    used 10216K, capacity 10865K, committed 10880K, reserved 1048576K
Heap Regions: E=young(eden), S=young(survivor), O=old, HS=humongous(starts), HC=humongous(continues), CS=collection set, F=free, A=archive, TAMS=top-at-mark-start (previous, next)
|   0|0x0000000080000000, 0x0000000080100000, 0x0000000080100000|100%| O|  |TAMS 0x0000000080100000, 0x0000000080100000| Untracked 
|   1|0x0000000080100000, 0x0000000080200000, 0x0000000080200000|100%| O|  |TAMS 0x0000000080200000, 0x0000000080200000| Untracked 
|   2|0x0000000080200000, 0x0000000080300000, 0x0000000080300000|100%| O|  |TAMS 0x0000000080300000, 0x0000000080300000| Untracked 
|   3|0x0000000080300000, 0x0000000080400000, 0x0000000080400000|100%|HS|  |TAMS 0x0000000080400000, 0x0000000080400000| Complete 
|   4|0x0000000080400000, 0x0000000080500000, 0x0000000080500000|100%|HC|  |TAMS 0x0000000080500000, 0x0000000080500000| Complete 
|   5|0x0000000080500000, 0x0000000080600000, 0x0000000080600000|100%|HC|  |TAMS 0x0000000080600000, 0x0000000080600000| Complete 
|   6|0x0000000080600000, 0x0000000080700000, 0x0000000080700000|100%| O|  |TAMS 0x0000000080700000, 0x0000000080700000| Untracked 
|   7|0x0000000080700000, 0x0000000080800000, 0x0000000080800000|100%| O|  |TAMS 0x0000000080800000, 0x0000000080800000| Untracked 
|   8|0x0000000080800000, 0x0000000080900000, 0x0000000080900000|100%| O|  |TAMS 0x0000000080900000, 0x0000000080900000| Untracked 
|   9|0x0000000080900000, 0x0000000080a00000, 0x0000000080a00000|100%| O|  |TAMS 0x0000000080a00000, 0x0000000080a00000| Untracked 
|  10|0x0000000080a00000, 0x0000000080b00000, 0x0000000080b00000|100%| O|  |TAMS 0x0000000080b00000, 0x0000000080b00000| Untracked 
|  11|0x0000000080b00000, 0x0000000080c00000, 0x0000000080c00000|100%| O|  |TAMS 0x0000000080c00000, 0x0000000080c00000| Untracked 
|  12|0x0000000080c00000, 0x0000000080d00000, 0x0000000080d00000|100%| O|  |TAMS 0x0000000080d00000, 0x0000000080d00000| Untracked 
|  13|0x0000000080d00000, 0x0000000080e00000, 0x0000000080e00000|100%| O|  |TAMS 0x0000000080e00000, 0x0000000080e00000| Untracked 
|  14|0x0000000080e00000, 0x0000000080f00000, 0x0000000080f00000|100%| O|  |TAMS 0x0000000080f00000, 0x0000000080f00000| Untracked 
|  15|0x0000000080f00000, 0x0000000081000000, 0x0000000081000000|100%| O|  |TAMS 0x0000000081000000, 0x0000000081000000| Untracked 
|  16|0x0000000081000000, 0x0000000081100000, 0x0000000081100000|100%| O|  |TAMS 0x0000000081100000, 0x0000000081100000| Untracked 
|  17|0x0000000081100000, 0x0000000081200000, 0x0000000081200000|100%| O|  |TAMS 0x0000000081200000, 0x0000000081200000| Untracked 
|  18|0x0000000081200000, 0x0000000081300000, 0x0000000081300000|100%| O|  |TAMS 0x0000000081300000, 0x0000000081300000| Untracked 
|  19|0x0000000081300000, 0x0000000081400000, 0x0000000081400000|100%| O|  |TAMS 0x0000000081400000, 0x0000000081400000| Untracked 
|  20|0x0000000081400000, 0x0000000081500000, 0x0000000081500000|100%| O|  |TAMS 0x0000000081500000, 0x0000000081500000| Untracked 
|  21|0x0000000081500000, 0x0000000081600000, 0x0000000081600000|100%| O|  |TAMS 0x0000000081600000, 0x0000000081600000| Untracked 
|  22|0x0000000081600000, 0x0000000081700000, 0x0000000081700000|100%| O|  |TAMS 0x0000000081700000, 0x0000000081700000| Untracked 
|  23|0x0000000081700000, 0x0000000081800000, 0x0000000081800000|100%| O|  |TAMS 0x0000000081800000, 0x0000000081800000| Untracked 
|  24|0x0000000081800000, 0x0000000081900000, 0x0000000081900000|100%| O|  |TAMS 0x0000000081900000, 0x0000000081900000| Untracked 
|  25|0x0000000081900000, 0x0000000081a00000, 0x0000000081a00000|100%| O|  |TAMS 0x0000000081a00000, 0x0000000081a00000| Untracked 
|  26|0x0000000081a00000, 0x0000000081b00000, 0x0000000081b00000|100%| O|  |TAMS 0x0000000081b00000, 0x0000000081b00000| Untracked 
|  27|0x0000000081b00000, 0x0000000081c00000, 0x0000000081c00000|100%| O|  |TAMS 0x0000000081c00000, 0x0000000081c00000| Untracked 
|  28|0x0000000081c00000, 0x0000000081d00000, 0x0000000081d00000|100%|HS|  |TAMS 0x0000000081d00000, 0x0000000081d00000| Complete 
|  29|0x0000000081d00000, 0x0000000081e00000, 0x0000000081e00000|100%|HS|  |TAMS 0x0000000081e00000, 0x0000000081e00000| Complete 
|  30|0x0000000081e00000, 0x0000000081f00000, 0x0000000081f00000|100%|HS|  |TAMS 0x0000000081f00000, 0x0000000081f00000| Complete 
|  31|0x0000000081f00000, 0x0000000082000000, 0x0000000082000000|100%| O|  |TAMS 0x0000000082000000, 0x0000000082000000| Untracked 
|  32|0x0000000082000000, 0x0000000082100000, 0x0000000082100000|100%| O|  |TAMS 0x0000000082100000, 0x0000000082100000| Untracked 
|  33|0x0000000082100000, 0x0000000082200000, 0x0000000082200000|100%| O|  |TAMS 0x0000000082200000, 0x0000000082200000| Untracked 
|  34|0x0000000082200000, 0x0000000082300000, 0x0000000082300000|100%| O|  |TAMS 0x0000000082300000, 0x0000000082300000| Untracked 
|  35|0x0000000082300000, 0x0000000082400000, 0x0000000082400000|100%| O|  |TAMS 0x0000000082400000, 0x0000000082400000| Untracked 
|  36|0x0000000082400000, 0x0000000082500000, 0x0000000082500000|100%|HS|  |TAMS 0x0000000082500000, 0x0000000082500000| Complete 
|  37|0x0000000082500000, 0x0000000082600000, 0x0000000082600000|100%|HC|  |TAMS 0x0000000082600000, 0x0000000082600000| Complete 
|  38|0x0000000082600000, 0x0000000082700000, 0x0000000082700000|100%|HC|  |TAMS 0x0000000082700000, 0x0000000082700000| Complete 
|  39|0x0000000082700000, 0x0000000082800000, 0x0000000082800000|100%| O|  |TAMS 0x0000000082800000, 0x0000000082800000| Untracked 
|  40|0x0000000082800000, 0x0000000082900000, 0x0000000082900000|100%| O|  |TAMS 0x0000000082900000, 0x0000000082900000| Untracked 
|  41|0x0000000082900000, 0x0000000082a00000, 0x0000000082a00000|100%| O|  |TAMS 0x0000000082a00000, 0x0000000082a00000| Untracked 
|  42|0x0000000082a00000, 0x0000000082b00000, 0x0000000082b00000|100%| O|  |TAMS 0x0000000082b00000, 0x0000000082b00000| Untracked 
|  43|0x0000000082b00000, 0x0000000082c00000, 0x0000000082c00000|100%|HS|  |TAMS 0x0000000082c00000, 0x0000000082c00000| Complete 
|  44|0x0000000082c00000, 0x0000000082d00000, 0x0000000082d00000|100%|HC|  |TAMS 0x0000000082d00000, 0x0000000082d00000| Complete 
|  45|0x0000000082d00000, 0x0000000082e00000, 0x0000000082e00000|100%| O|  |TAMS 0x0000000082e00000, 0x0000000082e00000| Untracked 
|  46|0x0000000082e00000, 0x0000000082f00000, 0x0000000082f00000|100%| O|  |TAMS 0x0000000082f00000, 0x0000000082f00000| Untracked 
|  47|0x0000000082f00000, 0x0000000083000000, 0x0000000083000000|100%| O|  |TAMS 0x0000000083000000, 0x0000000083000000| Untracked 
|  48|0x0000000083000000, 0x0000000083100000, 0x0000000083100000|100%| O|  |TAMS 0x0000000083100000, 0x0000000083100000| Untracked 
|  49|0x0000000083100000, 0x0000000083200000, 0x0000000083200000|100%| O|  |TAMS 0x0000000083200000, 0x0000000083200000| Untracked 
|  50|0x0000000083200000, 0x0000000083300000, 0x0000000083300000|100%| O|  |TAMS 0x0000000083300000, 0x0000000083300000| Untracked 
|  51|0x0000000083300000, 0x0000000083400000, 0x0000000083400000|100%| O|  |TAMS 0x0000000083400000, 0x0000000083400000| Untracked 
|  52|0x0000000083400000, 0x0000000083500000, 0x0000000083500000|100%| O|  |TAMS 0x0000000083500000, 0x0000000083500000| Untracked 
|  53|0x0000000083500000, 0x0000000083600000, 0x0000000083600000|100%| O|  |TAMS 0x0000000083600000, 0x0000000083600000| Untracked 
|  54|0x0000000083600000, 0x0000000083700000, 0x0000000083700000|100%| O|  |TAMS 0x0000000083700000, 0x0000000083700000| Untracked 
|  55|0x0000000083700000, 0x0000000083800000, 0x0000000083800000|100%| O|  |TAMS 0x0000000083800000, 0x0000000083800000| Untracked 
|  56|0x0000000083800000, 0x0000000083900000, 0x0000000083900000|100%| O|  |TAMS 0x0000000083900000, 0x0000000083900000| Untracked 
|  57|0x0000000083900000, 0x0000000083a00000, 0x0000000083a00000|100%| O|  |TAMS 0x0000000083a00000, 0x0000000083a00000| Untracked 
|  58|0x0000000083a00000, 0x0000000083b00000, 0x0000000083b00000|100%| O|  |TAMS 0x0000000083b00000, 0x0000000083b00000| Untracked 
|  59|0x0000000083b00000, 0x0000000083c00000, 0x0000000083c00000|100%| O|  |TAMS 0x0000000083c00000, 0x0000000083c00000| Untracked 
|  60|0x0000000083c00000, 0x0000000083d00000, 0x0000000083d00000|100%| O|  |TAMS 0x0000000083d00000, 0x0000000083d00000| Untracked 
|  61|0x0000000083d00000, 0x0000000083e00000, 0x0000000083e00000|100%| O|  |TAMS 0x0000000083e00000, 0x0000000083e00000| Untracked 
|  62|0x0000000083e00000, 0x0000000083f00000, 0x0000000083f00000|100%| O|  |TAMS 0x0000000083f00000, 0x0000000083f00000| Untracked 
|  63|0x0000000083f00000, 0x0000000084000000, 0x0000000084000000|100%| O|  |TAMS 0x0000000083f1d600, 0x0000000084000000| Untracked 
|  64|0x0000000084000000, 0x0000000084100000, 0x0000000084100000|100%| O|  |TAMS 0x0000000084000000, 0x0000000084100000| Untracked 
|  65|0x0000000084100000, 0x0000000084200000, 0x0000000084200000|100%| O|  |TAMS 0x0000000084100000, 0x0000000084200000| Untracked 
|  66|0x0000000084200000, 0x0000000084300000, 0x0000000084300000|100%| O|  |TAMS 0x0000000084200000, 0x0000000084300000| Untracked 
|  67|0x0000000084300000, 0x000000008433ca00, 0x0000000084400000| 23%| O|  |TAMS 0x0000000084300000, 0x000000008433ca00| Untracked 
|  68|0x0000000084400000, 0x0000000084400000, 0x0000000084500000|  0%| F|  |TAMS 0x0000000084400000, 0x0000000084400000| Untracked 
|  69|0x0000000084500000, 0x0000000084500000, 0x0000000084600000|  0%| F|  |TAMS 0x0000000084500000, 0x0000000084500000| Untracked 
|  70|0x0000000084600000, 0x0000000084600000, 0x0000000084700000|  0%| F|  |TAMS 0x0000000084600000, 0x0000000084600000| Untracked 
|  71|0x0000000084700000, 0x0000000084700000, 0x0000000084800000|  0%| F|  |TAMS 0x0000000084700000, 0x0000000084700000| Untracked 
|  72|0x0000000084800000, 0x0000000084800000, 0x0000000084900000|  0%| F|  |TAMS 0x0000000084800000, 0x0000000084800000| Untracked 
|  73|0x0000000084900000, 0x0000000084900000, 0x0000000084a00000|  0%| F|  |TAMS 0x0000000084900000, 0x0000000084900000| Untracked 
|  74|0x0000000084a00000, 0x0000000084a00000, 0x0000000084b00000|  0%| F|  |TAMS 0x0000000084a00000, 0x0000000084a00000| Untracked 
|  75|0x0000000084b00000, 0x0000000084b00000, 0x0000000084c00000|  0%| F|  |TAMS 0x0000000084b00000, 0x0000000084b00000| Untracked 
|  76|0x0000000084c00000, 0x0000000084c00000, 0x0000000084d00000|  0%| F|  |TAMS 0x0000000084c00000, 0x0000000084c00000| Untracked 
|  77|0x0000000084d00000, 0x0000000084d00000, 0x0000000084e00000|  0%| F|  |TAMS 0x0000000084d00000, 0x0000000084d00000| Untracked 
|  78|0x0000000084e00000, 0x0000000084e00000, 0x0000000084f00000|  0%| F|  |TAMS 0x0000000084e00000, 0x0000000084e00000| Untracked 
|  79|0x0000000084f00000, 0x0000000084f00000, 0x0000000085000000|  0%| F|  |TAMS 0x0000000084f00000, 0x0000000084f00000| Untracked 
|  80|0x0000000085000000, 0x0000000085000000, 0x0000000085100000|  0%| F|  |TAMS 0x0000000085000000, 0x0000000085000000| Untracked 
|  81|0x0000000085100000, 0x0000000085100000, 0x0000000085200000|  0%| F|  |TAMS 0x0000000085100000, 0x0000000085100000| Untracked 
|  82|0x0000000085200000, 0x00000000852cde60, 0x0000000085300000| 80%| S|CS|TAMS 0x0000000085200000, 0x0000000085200000| Complete 
|  83|0x0000000085300000, 0x0000000085400000, 0x0000000085400000|100%| S|CS|TAMS 0x0000000085300000, 0x0000000085300000| Complete 
|  84|0x0000000085400000, 0x0000000085400000, 0x0000000085500000|  0%| F|  |TAMS 0x0000000085400000, 0x0000000085400000| Untracked 
|  85|0x0000000085500000, 0x0000000085500000, 0x0000000085600000|  0%| F|  |TAMS 0x0000000085500000, 0x0000000085500000| Untracked 
|  86|0x0000000085600000, 0x0000000085600000, 0x0000000085700000|  0%| F|  |TAMS 0x0000000085600000, 0x0000000085600000| Untracked 
|  87|0x0000000085700000, 0x0000000085700000, 0x0000000085800000|  0%| F|  |TAMS 0x0000000085700000, 0x0000000085700000| Untracked 
|  88|0x0000000085800000, 0x0000000085800000, 0x0000000085900000|  0%| F|  |TAMS 0x0000000085800000, 0x0000000085800000| Untracked 
|  89|0x0000000085900000, 0x0000000085900000, 0x0000000085a00000|  0%| F|  |TAMS 0x0000000085900000, 0x0000000085900000| Untracked 
|  90|0x0000000085a00000, 0x0000000085a00000, 0x0000000085b00000|  0%| F|  |TAMS 0x0000000085a00000, 0x0000000085a00000| Untracked 
|  91|0x0000000085b00000, 0x0000000085b00000, 0x0000000085c00000|  0%| F|  |TAMS 0x0000000085b00000, 0x0000000085b00000| Untracked 
|  92|0x0000000085c00000, 0x0000000085c00000, 0x0000000085d00000|  0%| F|  |TAMS 0x0000000085c00000, 0x0000000085c00000| Untracked 
|  93|0x0000000085d00000, 0x0000000085d00000, 0x0000000085e00000|  0%| F|  |TAMS 0x0000000085d00000, 0x0000000085d00000| Untracked 
|  94|0x0000000085e00000, 0x0000000085e00000, 0x0000000085f00000|  0%| F|  |TAMS 0x0000000085e00000, 0x0000000085e00000| Untracked 
|  95|0x0000000085f00000, 0x0000000085f00000, 0x0000000086000000|  0%| F|  |TAMS 0x0000000085f00000, 0x0000000085f00000| Untracked 
|  96|0x0000000086000000, 0x0000000086000000, 0x0000000086100000|  0%| F|  |TAMS 0x0000000086000000, 0x0000000086000000| Untracked 
|  97|0x0000000086100000, 0x0000000086100000, 0x0000000086200000|  0%| F|  |TAMS 0x0000000086100000, 0x0000000086100000| Untracked 
|  98|0x0000000086200000, 0x0000000086200000, 0x0000000086300000|  0%| F|  |TAMS 0x0000000086200000, 0x0000000086200000| Untracked 
|  99|0x0000000086300000, 0x0000000086300000, 0x0000000086400000|  0%| F|  |TAMS 0x0000000086300000, 0x0000000086300000| Untracked 
| 100|0x0000000086400000, 0x0000000086400000, 0x0000000086500000|  0%| F|  |TAMS 0x0000000086400000, 0x0000000086400000| Untracked 
| 101|0x0000000086500000, 0x0000000086500000, 0x0000000086600000|  0%| F|  |TAMS 0x0000000086500000, 0x0000000086500000| Untracked 
| 102|0x0000000086600000, 0x0000000086600000, 0x0000000086700000|  0%| F|  |TAMS 0x0000000086600000, 0x0000000086600000| Untracked 
| 103|0x0000000086700000, 0x0000000086700000, 0x0000000086800000|  0%| F|  |TAMS 0x0000000086700000, 0x0000000086700000| Untracked 
| 104|0x0000000086800000, 0x0000000086800000, 0x0000000086900000|  0%| F|  |TAMS 0x0000000086800000, 0x0000000086800000| Untracked 
| 105|0x0000000086900000, 0x0000000086900000, 0x0000000086a00000|  0%| F|  |TAMS 0x0000000086900000, 0x0000000086900000| Untracked 
| 106|0x0000000086a00000, 0x0000000086a00000, 0x0000000086b00000|  0%| F|  |TAMS 0x0000000086a00000, 0x0000000086a00000| Untracked 
| 107|0x0000000086b00000, 0x0000000086b00000, 0x0000000086c00000|  0%| F|  |TAMS 0x0000000086b00000, 0x0000000086b00000| Untracked 

Card table byte_map: [0x000001f6f7140000,0x000001f6f7540000] _byte_map_base: 0x000001f6f6d40000

Marking Bits (Prev, Next): (CMBitMap*) 0x000001f6f2c3d4c0, (CMBitMap*) 0x000001f6f2c3d488
 Prev Bits: [0x000001f6f9940000, 0x000001f6fb940000)
 Next Bits: [0x000001f6f7940000, 0x000001f6f9940000)

Polling page: 0x000001f6f13a0000

Metaspace:

Usage:
  Non-class:     67.85 MB capacity,    66.78 MB ( 98%) used,   892.39 KB (  1%) free+waste,   195.75 KB ( <1%) overhead. 
      Class:     10.61 MB capacity,     9.98 MB ( 94%) used,   557.96 KB (  5%) free+waste,    90.19 KB ( <1%) overhead. 
       Both:     78.46 MB capacity,    76.76 MB ( 98%) used,     1.42 MB (  2%) free+waste,   285.94 KB ( <1%) overhead. 

Virtual space:
  Non-class space:       68.00 MB reserved,      68.00 MB (100%) committed 
      Class space:        1.00 GB reserved,      10.63 MB (  1%) committed 
             Both:        1.07 GB reserved,      78.63 MB (  7%) committed 

Chunk freelists:
   Non-Class:  30.00 KB
       Class:  15.00 KB
        Both:  45.00 KB

MaxMetaspaceSize: 17179869184.00 GB
CompressedClassSpaceSize: 1.00 GB
Initial GC threshold: 20.80 MB
Current GC threshold: 125.84 MB
CDS: off

CodeHeap 'non-profiled nmethods': size=120064Kb used=3805Kb max_used=3805Kb free=116258Kb
 bounds [0x000001f687ac0000, 0x000001f687e80000, 0x000001f68f000000]
CodeHeap 'profiled nmethods': size=120000Kb used=16837Kb max_used=16837Kb free=103162Kb
 bounds [0x000001f680590000, 0x000001f681610000, 0x000001f687ac0000]
CodeHeap 'non-nmethods': size=5696Kb used=2354Kb max_used=2383Kb free=3341Kb
 bounds [0x000001f680000000, 0x000001f680270000, 0x000001f680590000]
 total_blobs=8710 nmethods=7840 adapters=783
 compilation: enabled
              stopped_count=0, restarted_count=0
 full_count=0

Compilation events (20 events):
Event: 33.583 Thread 0x000001f6fe8c0800 7925       1       org.gradle.api.internal.tasks.properties.bean.RuntimeBeanNode::getBean (5 bytes)
Event: 33.583 Thread 0x000001f6fe8c0800 nmethod 7925 0x000001f687e76f10 code [0x000001f687e770c0, 0x000001f687e77178]
Event: 33.583 Thread 0x000001f6fe8c0800 7926       2       org.gradle.internal.reflect.annotations.impl.DefaultTypeAnnotationMetadataStore::getOrCreateBuilder (24 bytes)
Event: 33.584 Thread 0x000001f6fe8c0800 nmethod 7926 0x000001f6815fca90 code [0x000001f6815fcc60, 0x000001f6815fce78]
Event: 33.584 Thread 0x000001f6fe8c0800 7927       2       org.gradle.internal.reflect.annotations.impl.DefaultTypeAnnotationMetadataStore$$Lambda$583/0x000000010071d440::get$Lambda (12 bytes)
Event: 33.584 Thread 0x000001f6fe8c0800 nmethod 7927 0x000001f6815fd010 code [0x000001f6815fd1c0, 0x000001f6815fd478]
Event: 33.584 Thread 0x000001f6fe8c0800 7928       2       org.gradle.internal.reflect.annotations.impl.DefaultTypeAnnotationMetadataStore$$Lambda$583/0x000000010071d440::<init> (26 bytes)
Event: 33.584 Thread 0x000001f6fe8c0800 nmethod 7928 0x000001f6815fd510 code [0x000001f6815fd6c0, 0x000001f6815fd938]
Event: 33.584 Thread 0x000001f6fe8c0800 7929       2       com.sun.proxy.$Proxy34::<init> (6 bytes)
Event: 33.585 Thread 0x000001f6fe8c0800 nmethod 7929 0x000001f6815fda10 code [0x000001f6815fdbe0, 0x000001f6815fde08]
Event: 33.589 Thread 0x000001f6fe8c0800 7931       1       org.gradle.internal.reflect.annotations.impl.DefaultTypeAnnotationMetadata::getPropertiesAnnotationMetadata (5 bytes)
Event: 33.589 Thread 0x000001f6fe8c0800 nmethod 7931 0x000001f687e77210 code [0x000001f687e773c0, 0x000001f687e77478]
Event: 33.593 Thread 0x000001f6fe8c0800 7932       2       org.gradle.internal.instantiation.generator.AsmBackedClassGenerator$ClassBuilderImpl::includeNotInheritedAnnotations (127 bytes)
Event: 33.594 Thread 0x000001f6fe8c0800 nmethod 7932 0x000001f6815fdf10 code [0x000001f6815fe1e0, 0x000001f6815fe948]
Event: 33.594 Thread 0x000001f6fe8c0800 7934       2       org.gradle.internal.instantiation.generator.AsmBackedClassGenerator$ClassBuilderImpl::initializeFields (425 bytes)
Event: 33.596 Thread 0x000001f6fe8c0800 nmethod 7934 0x000001f6815fef10 code [0x000001f6815ff360, 0x000001f6816000d8]
Event: 33.596 Thread 0x000001f6fe8c0800 7933       2       org.gradle.internal.instantiation.generator.AsmBackedClassGenerator$ClassBuilderImpl::generateInitMethod (47 bytes)
Event: 33.597 Thread 0x000001f6fe8c0800 nmethod 7933 0x000001f681600b10 code [0x000001f681600d20, 0x000001f681600f38]
Event: 33.597 Thread 0x000001f6fe8c0800 7935       2       kotlin.jvm.internal.Intrinsics::checkNotNull (8 bytes)
Event: 33.597 Thread 0x000001f6fe8c0800 nmethod 7935 0x000001f681601090 code [0x000001f681601260, 0x000001f681601488]

GC Heap History (20 events):
Event: 27.620 GC heap after
{Heap after GC invocations=39 (full 0):
 garbage-first heap   total 92160K, used 58824K [0x0000000080000000, 0x0000000100000000)
  region size 1024K, 2 young (2048K), 2 survivors (2048K)
 Metaspace       used 64739K, capacity 66184K, committed 66432K, reserved 1107968K
  class space    used 8224K, capacity 8788K, committed 8832K, reserved 1048576K
}
Event: 28.340 GC heap before
{Heap before GC invocations=40 (full 0):
 garbage-first heap   total 92160K, used 77256K [0x0000000080000000, 0x0000000100000000)
  region size 1024K, 19 young (19456K), 2 survivors (2048K)
 Metaspace       used 66374K, capacity 67891K, committed 68224K, reserved 1107968K
  class space    used 8440K, capacity 9010K, committed 9088K, reserved 1048576K
}
Event: 28.345 GC heap after
{Heap after GC invocations=41 (full 0):
 garbage-first heap   total 92160K, used 59116K [0x0000000080000000, 0x0000000100000000)
  region size 1024K, 2 young (2048K), 2 survivors (2048K)
 Metaspace       used 66374K, capacity 67891K, committed 68224K, reserved 1107968K
  class space    used 8440K, capacity 9010K, committed 9088K, reserved 1048576K
}
Event: 29.041 GC heap before
{Heap before GC invocations=41 (full 0):
 garbage-first heap   total 92160K, used 75500K [0x0000000080000000, 0x0000000100000000)
  region size 1024K, 18 young (18432K), 2 survivors (2048K)
 Metaspace       used 67787K, capacity 69303K, committed 69376K, reserved 1110016K
  class space    used 8607K, capacity 9177K, committed 9216K, reserved 1048576K
}
Event: 29.046 GC heap after
{Heap after GC invocations=42 (full 0):
 garbage-first heap   total 92160K, used 60228K [0x0000000080000000, 0x0000000100000000)
  region size 1024K, 3 young (3072K), 3 survivors (3072K)
 Metaspace       used 67787K, capacity 69303K, committed 69376K, reserved 1110016K
  class space    used 8607K, capacity 9177K, committed 9216K, reserved 1048576K
}
Event: 29.313 GC heap before
{Heap before GC invocations=43 (full 0):
 garbage-first heap   total 92160K, used 76612K [0x0000000080000000, 0x0000000100000000)
  region size 1024K, 19 young (19456K), 3 survivors (3072K)
 Metaspace       used 67914K, capacity 69405K, committed 69632K, reserved 1110016K
  class space    used 8635K, capacity 9211K, committed 9216K, reserved 1048576K
}
Event: 29.321 GC heap after
{Heap after GC invocations=44 (full 0):
 garbage-first heap   total 92160K, used 61819K [0x0000000080000000, 0x0000000100000000)
  region size 1024K, 3 young (3072K), 3 survivors (3072K)
 Metaspace       used 67914K, capacity 69405K, committed 69632K, reserved 1110016K
  class space    used 8635K, capacity 9211K, committed 9216K, reserved 1048576K
}
Event: 29.511 GC heap before
{Heap before GC invocations=44 (full 0):
 garbage-first heap   total 92160K, used 77179K [0x0000000080000000, 0x0000000100000000)
  region size 1024K, 19 young (19456K), 3 survivors (3072K)
 Metaspace       used 68126K, capacity 69695K, committed 70016K, reserved 1110016K
  class space    used 8647K, capacity 9245K, committed 9344K, reserved 1048576K
}
Event: 29.518 GC heap after
{Heap after GC invocations=45 (full 0):
 garbage-first heap   total 92160K, used 63225K [0x0000000080000000, 0x0000000100000000)
  region size 1024K, 3 young (3072K), 3 survivors (3072K)
 Metaspace       used 68126K, capacity 69695K, committed 70016K, reserved 1110016K
  class space    used 8647K, capacity 9245K, committed 9344K, reserved 1048576K
}
Event: 29.815 GC heap before
{Heap before GC invocations=46 (full 0):
 garbage-first heap   total 92160K, used 78585K [0x0000000080000000, 0x0000000100000000)
  region size 1024K, 18 young (18432K), 3 survivors (3072K)
 Metaspace       used 68742K, capacity 70344K, committed 70528K, reserved 1110016K
  class space    used 8715K, capacity 9312K, committed 9344K, reserved 1048576K
}
Event: 29.822 GC heap after
{Heap after GC invocations=47 (full 0):
 garbage-first heap   total 92160K, used 64006K [0x0000000080000000, 0x0000000100000000)
  region size 1024K, 3 young (3072K), 3 survivors (3072K)
 Metaspace       used 68742K, capacity 70344K, committed 70528K, reserved 1110016K
  class space    used 8715K, capacity 9312K, committed 9344K, reserved 1048576K
}
Event: 30.338 GC heap before
{Heap before GC invocations=47 (full 0):
 garbage-first heap   total 92160K, used 78342K [0x0000000080000000, 0x0000000100000000)
  region size 1024K, 17 young (17408K), 3 survivors (3072K)
 Metaspace       used 70363K, capacity 71944K, committed 72064K, reserved 1112064K
  class space    used 8986K, capacity 9568K, committed 9600K, reserved 1048576K
}
Event: 30.346 GC heap after
{Heap after GC invocations=48 (full 0):
 garbage-first heap   total 110592K, used 64827K [0x0000000080000000, 0x0000000100000000)
  region size 1024K, 2 young (2048K), 2 survivors (2048K)
 Metaspace       used 70363K, capacity 71944K, committed 72064K, reserved 1112064K
  class space    used 8986K, capacity 9568K, committed 9600K, reserved 1048576K
}
Event: 31.498 GC heap before
{Heap before GC invocations=49 (full 0):
 garbage-first heap   total 110592K, used 87355K [0x0000000080000000, 0x0000000100000000)
  region size 1024K, 24 young (24576K), 2 survivors (2048K)
 Metaspace       used 73211K, capacity 74745K, committed 74880K, reserved 1114112K
  class space    used 9483K, capacity 10070K, committed 10112K, reserved 1048576K
}
Event: 31.506 GC heap after
{Heap after GC invocations=50 (full 0):
 garbage-first heap   total 110592K, used 66061K [0x0000000080000000, 0x0000000100000000)
  region size 1024K, 3 young (3072K), 3 survivors (3072K)
 Metaspace       used 73211K, capacity 74745K, committed 74880K, reserved 1114112K
  class space    used 9483K, capacity 10070K, committed 10112K, reserved 1048576K
}
Event: 32.244 GC heap before
{Heap before GC invocations=50 (full 0):
 garbage-first heap   total 110592K, used 88589K [0x0000000080000000, 0x0000000100000000)
  region size 1024K, 25 young (25600K), 3 survivors (3072K)
 Metaspace       used 75164K, capacity 76804K, committed 76928K, reserved 1116160K
  class space    used 9750K, capacity 10367K, committed 10368K, reserved 1048576K
}
Event: 32.256 GC heap after
{Heap after GC invocations=51 (full 0):
 garbage-first heap   total 110592K, used 67428K [0x0000000080000000, 0x0000000100000000)
  region size 1024K, 3 young (3072K), 3 survivors (3072K)
 Metaspace       used 75164K, capacity 76804K, committed 76928K, reserved 1116160K
  class space    used 9750K, capacity 10367K, committed 10368K, reserved 1048576K
}
Event: 33.075 GC heap before
{Heap before GC invocations=52 (full 0):
 garbage-first heap   total 110592K, used 88932K [0x0000000080000000, 0x0000000100000000)
  region size 1024K, 24 young (24576K), 3 survivors (3072K)
 Metaspace       used 76885K, capacity 78497K, committed 78848K, reserved 1118208K
  class space    used 9999K, capacity 10641K, committed 10752K, reserved 1048576K
}
Event: 33.087 GC heap after
{Heap after GC invocations=53 (full 0):
 garbage-first heap   total 110592K, used 68903K [0x0000000080000000, 0x0000000100000000)
  region size 1024K, 3 young (3072K), 3 survivors (3072K)
 Metaspace       used 76885K, capacity 78497K, committed 78848K, reserved 1118208K
  class space    used 9999K, capacity 10641K, committed 10752K, reserved 1048576K
}
Event: 33.727 GC heap before
{Heap before GC invocations=53 (full 0):
 garbage-first heap   total 110592K, used 90407K [0x0000000080000000, 0x0000000100000000)
  region size 1024K, 24 young (24576K), 3 survivors (3072K)
 Metaspace       used 78602K, capacity 80339K, committed 80512K, reserved 1118208K
  class space    used 10216K, capacity 10865K, committed 10880K, reserved 1048576K
}

Deoptimization events (20 events):
Event: 33.158 Thread 0x000001f690420800 DEOPT PACKING pc=0x000001f6814e3838 sp=0x00000033871f94b0
Event: 33.158 Thread 0x000001f690420800 DEOPT UNPACKING pc=0x000001f68004a93f sp=0x00000033871f89b8 mode 0
Event: 33.239 Thread 0x000001f690420800 DEOPT PACKING pc=0x000001f6811c7373 sp=0x00000033871f7b40
Event: 33.239 Thread 0x000001f690420800 DEOPT UNPACKING pc=0x000001f68004a93f sp=0x00000033871f70e0 mode 0
Event: 33.257 Thread 0x000001f690420800 Uncommon trap: trap_request=0xffffff4d fr.pc=0x000001f687cdfbfc relative=0x00000000000006fc
Event: 33.257 Thread 0x000001f690420800 Uncommon trap: reason=unstable_if action=reinterpret pc=0x000001f687cdfbfc method=java.util.HashMap.putVal(ILjava/lang/Object;Ljava/lang/Object;ZZ)Ljava/lang/Object; @ 109 c2
Event: 33.257 Thread 0x000001f690420800 DEOPT PACKING pc=0x000001f687cdfbfc sp=0x00000033871f78a0
Event: 33.257 Thread 0x000001f690420800 DEOPT UNPACKING pc=0x000001f68004a1a9 sp=0x00000033871f77b8 mode 2
Event: 33.258 Thread 0x000001f690420800 Uncommon trap: trap_request=0xffffff4d fr.pc=0x000001f687cd7e84 relative=0x0000000000000684
Event: 33.258 Thread 0x000001f690420800 Uncommon trap: reason=unstable_if action=reinterpret pc=0x000001f687cd7e84 method=java.util.HashMap.putVal(ILjava/lang/Object;Ljava/lang/Object;ZZ)Ljava/lang/Object; @ 109 c2
Event: 33.258 Thread 0x000001f690420800 DEOPT PACKING pc=0x000001f687cd7e84 sp=0x00000033871f77f0
Event: 33.258 Thread 0x000001f690420800 DEOPT UNPACKING pc=0x000001f68004a1a9 sp=0x00000033871f77a8 mode 2
Event: 33.279 Thread 0x000001f690420800 DEOPT PACKING pc=0x000001f6811c7a6c sp=0x00000033871f6e90
Event: 33.279 Thread 0x000001f690420800 DEOPT UNPACKING pc=0x000001f68004a93f sp=0x00000033871f6430 mode 0
Event: 33.333 Thread 0x000001f690420800 DEOPT PACKING pc=0x000001f6815ba16c sp=0x00000033871f7070
Event: 33.333 Thread 0x000001f690420800 DEOPT UNPACKING pc=0x000001f68004a93f sp=0x00000033871f6588 mode 0
Event: 33.491 Thread 0x000001f690420800 DEOPT PACKING pc=0x000001f6811c7373 sp=0x00000033871f7be0
Event: 33.491 Thread 0x000001f690420800 DEOPT UNPACKING pc=0x000001f68004a93f sp=0x00000033871f7180 mode 0
Event: 33.512 Thread 0x000001f690420800 DEOPT PACKING pc=0x000001f6814e3838 sp=0x00000033871f7eb0
Event: 33.512 Thread 0x000001f690420800 DEOPT UNPACKING pc=0x000001f68004a93f sp=0x00000033871f73b8 mode 0

Classes redefined (0 events):
No events

Internal exceptions (20 events):
Event: 29.546 Thread 0x000001f690420800 Implicit null exception at 0x000001f687cb3e31 to 0x000001f687cb44c9
Event: 29.562 Thread 0x000001f690420800 Exception <a 'java/lang/ClassNotFoundException'{0x00000000857d3f78}: groovy/lang/GString$1BeanInfo> (0x00000000857d3f78) thrown at [./src/hotspot/share/classfile/systemDictionary.cpp, line 231]
Event: 29.564 Thread 0x000001f690420800 Exception <a 'java/lang/ClassNotFoundException'{0x0000000085610040}: groovy/lang/GStringBeanInfo> (0x0000000085610040) thrown at [./src/hotspot/share/classfile/systemDictionary.cpp, line 231]
Event: 29.567 Thread 0x000001f690420800 Exception <a 'java/lang/ClassNotFoundException'{0x000000008564bb60}: groovy/lang/GStringCustomizer> (0x000000008564bb60) thrown at [./src/hotspot/share/classfile/systemDictionary.cpp, line 231]
Event: 29.574 Thread 0x000001f690420800 Exception <a 'java/lang/ClassNotFoundException'{0x00000000856918f0}: groovy/lang/GString$1Customizer> (0x00000000856918f0) thrown at [./src/hotspot/share/classfile/systemDictionary.cpp, line 231]
Event: 29.590 Thread 0x000001f690420800 Exception <a 'java/lang/ClassNotFoundException'{0x000000008524a118}: org/codehaus/groovy/runtime/GStringImplBeanInfo> (0x000000008524a118) thrown at [./src/hotspot/share/classfile/systemDictionary.cpp, line 231]
Event: 29.596 Thread 0x000001f690420800 Exception <a 'java/lang/ClassNotFoundException'{0x0000000084f06050}: org/codehaus/groovy/runtime/GStringImplCustomizer> (0x0000000084f06050) thrown at [./src/hotspot/share/classfile/systemDictionary.cpp, line 231]
Event: 31.579 Thread 0x000001f690420800 Exception <a 'java/lang/ClassNotFoundException'{0x0000000086848430}: com/android/build/gradle/internal/api/ApkVariantOutputImpl_DecoratedBeanInfo> (0x0000000086848430) thrown at [./src/hotspot/share/classfile/systemDictionary.cpp, line 231]
Event: 31.580 Thread 0x000001f690420800 Exception <a 'java/lang/ClassNotFoundException'{0x0000000086863f20}: com/android/build/gradle/internal/api/ApkVariantOutputImplBeanInfo> (0x0000000086863f20) thrown at [./src/hotspot/share/classfile/systemDictionary.cpp, line 231]
Event: 31.581 Thread 0x000001f690420800 Exception <a 'java/lang/ClassNotFoundException'{0x0000000086880568}: com/android/build/gradle/internal/api/BaseVariantOutputImplBeanInfo> (0x0000000086880568) thrown at [./src/hotspot/share/classfile/systemDictionary.cpp, line 231]
Event: 31.581 Thread 0x000001f690420800 Exception <a 'java/lang/ClassNotFoundException'{0x000000008689c9c0}: com/android/build/gradle/internal/api/BaseVariantOutputImplCustomizer> (0x000000008689c9c0) thrown at [./src/hotspot/share/classfile/systemDictionary.cpp, line 231]
Event: 31.583 Thread 0x000001f690420800 Exception <a 'java/lang/ClassNotFoundException'{0x00000000868cb4b0}: com/android/build/gradle/internal/api/ApkVariantOutputImplCustomizer> (0x00000000868cb4b0) thrown at [./src/hotspot/share/classfile/systemDictionary.cpp, line 231]
Event: 31.586 Thread 0x000001f690420800 Exception <a 'java/lang/ClassNotFoundException'{0x00000000868f68b8}: com/android/build/gradle/internal/api/ApkVariantOutputImpl_DecoratedCustomizer> (0x00000000868f68b8) thrown at [./src/hotspot/share/classfile/systemDictionary.cpp, line 231]
Event: 31.682 Thread 0x000001f690420800 Exception <a 'java/lang/ClassNotFoundException'{0x00000000865e6d50}: com/android/build/gradle/internal/api/ReadOnlyBuildTypeBeanInfo> (0x00000000865e6d50) thrown at [./src/hotspot/share/classfile/systemDictionary.cpp, line 231]
Event: 31.683 Thread 0x000001f690420800 Exception <a 'java/lang/ClassNotFoundException'{0x0000000086402640}: com/android/build/gradle/internal/api/ReadOnlyBaseConfigBeanInfo> (0x0000000086402640) thrown at [./src/hotspot/share/classfile/systemDictionary.cpp, line 231]
Event: 31.685 Thread 0x000001f690420800 Exception <a 'java/lang/ClassNotFoundException'{0x000000008641e0f8}: com/android/build/gradle/internal/api/ReadOnlyBaseConfigCustomizer> (0x000000008641e0f8) thrown at [./src/hotspot/share/classfile/systemDictionary.cpp, line 231]
Event: 31.689 Thread 0x000001f690420800 Exception <a 'java/lang/ClassNotFoundException'{0x00000000864499b0}: com/android/build/gradle/internal/api/ReadOnlyBuildTypeCustomizer> (0x00000000864499b0) thrown at [./src/hotspot/share/classfile/systemDictionary.cpp, line 231]
Event: 33.291 Thread 0x000001f690420800 Exception <a 'java/lang/NoSuchMethodError'{0x000000008631aea0}: 'java.lang.Object java.lang.invoke.Invokers$Holder.linkToTargetMethod(java.lang.Object, int, java.lang.Object)'> (0x000000008631aea0) thrown at [./src/hotspot/share/interpreter/linkResolver.cpp, line 773]
Event: 33.650 Thread 0x000001f690420800 Exception <a 'sun/nio/fs/WindowsException'{0x000000008585cd50}> (0x000000008585cd50) thrown at [./src/hotspot/share/prims/jni.cpp, line 615]
Event: 33.651 Thread 0x000001f690420800 Exception <a 'sun/nio/fs/WindowsException'{0x000000008585d118}> (0x000000008585d118) thrown at [./src/hotspot/share/prims/jni.cpp, line 615]

Events (20 events):
Event: 33.714 loading class com/android/sdklib/repository/meta/DetailsTypes$AddonDetailsType$Libraries done
Event: 33.715 loading class com/android/sdklib/repository/generated/addon/v1/LibrariesType
Event: 33.715 loading class com/android/sdklib/repository/generated/addon/v1/LibrariesType done
Event: 33.716 loading class com/android/sdklib/repository/meta/DetailsTypes$ExtraDetailsType
Event: 33.716 loading class com/android/sdklib/repository/meta/DetailsTypes$ExtraDetailsType done
Event: 33.717 loading class com/android/sdklib/repository/meta/DetailsTypes$AddonDetailsType
Event: 33.717 loading class com/android/sdklib/repository/meta/DetailsTypes$AddonDetailsType done
Event: 33.717 loading class com/android/sdklib/repository/meta/DetailsTypes$ApiDetailsType
Event: 33.717 loading class com/android/sdklib/repository/meta/DetailsTypes$ApiDetailsType done
Event: 33.719 loading class javax/xml/namespace/QName
Event: 33.719 loading class javax/xml/namespace/QName done
Event: 33.719 loading class com/android/repository/api/SchemaModule$SchemaModuleVersion
Event: 33.719 loading class com/android/repository/api/SchemaModule$SchemaModuleVersion done
Event: 33.721 loading class javax/xml/bind/annotation/XmlSchema
Event: 33.721 loading class javax/xml/bind/annotation/XmlSchema done
Event: 33.723 loading class javax/xml/bind/annotation/XmlNsForm
Event: 33.723 loading class javax/xml/bind/annotation/XmlNsForm done
Event: 33.725 loading class javax/xml/bind/annotation/XmlNs
Event: 33.725 loading class javax/xml/bind/annotation/XmlNs done
Event: 33.727 Executing VM operation: G1CollectForAllocation


Dynamic libraries:
0x00007ff64d7d0000 - 0x00007ff64d7da000 	D:\android_1\jre\bin\java.exe
0x00007ffe312b0000 - 0x00007ffe314a8000 	C:\WINDOWS\SYSTEM32\ntdll.dll
0x00007ffe30e30000 - 0x00007ffe30eed000 	C:\WINDOWS\System32\KERNEL32.DLL
0x00007ffe2ee90000 - 0x00007ffe2f15e000 	C:\WINDOWS\System32\KERNELBASE.dll
0x00007ffe2ece0000 - 0x00007ffe2ede0000 	C:\WINDOWS\System32\ucrtbase.dll
0x00007ffe27120000 - 0x00007ffe27139000 	D:\android_1\jre\bin\jli.dll
0x00007ffe2f3f0000 - 0x00007ffe2f590000 	C:\WINDOWS\System32\USER32.dll
0x00007ffe2ec10000 - 0x00007ffe2ec32000 	C:\WINDOWS\System32\win32u.dll
0x00007ffe30480000 - 0x00007ffe304aa000 	C:\WINDOWS\System32\GDI32.dll
0x00007ffe2f160000 - 0x00007ffe2f26b000 	C:\WINDOWS\System32\gdi32full.dll
0x00007ffe2ec40000 - 0x00007ffe2ecdd000 	C:\WINDOWS\System32\msvcp_win.dll
0x00007ffe2dd80000 - 0x00007ffe2e01a000 	C:\WINDOWS\WinSxS\amd64_microsoft.windows.common-controls_6595b64144ccf1df_6.0.19041.1110_none_60b5254171f9507e\COMCTL32.dll
0x00007ffe30300000 - 0x00007ffe3039e000 	C:\WINDOWS\System32\msvcrt.dll
0x00007ffe233f0000 - 0x00007ffe23407000 	D:\android_1\jre\bin\VCRUNTIME140.dll
0x00007ffe2f310000 - 0x00007ffe2f340000 	C:\WINDOWS\System32\IMM32.DLL
0x00007ffdf86b0000 - 0x00007ffdf874d000 	D:\android_1\jre\bin\msvcp140.dll
0x00007ffde3fd0000 - 0x00007ffde4ab5000 	D:\android_1\jre\bin\server\jvm.dll
0x00007ffe30f80000 - 0x00007ffe3102e000 	C:\WINDOWS\System32\ADVAPI32.dll
0x00007ffe30c60000 - 0x00007ffe30cfc000 	C:\WINDOWS\System32\sechost.dll
0x00007ffe2fbd0000 - 0x00007ffe2fcf5000 	C:\WINDOWS\System32\RPCRT4.dll
0x00007ffe116c0000 - 0x00007ffe116e7000 	C:\WINDOWS\SYSTEM32\WINMM.dll
0x00007ffe2ad70000 - 0x00007ffe2ad7a000 	C:\WINDOWS\SYSTEM32\VERSION.dll
0x00007ffe31050000 - 0x00007ffe31058000 	C:\WINDOWS\System32\PSAPI.DLL
0x00007ffe19730000 - 0x00007ffe19739000 	C:\WINDOWS\SYSTEM32\WSOCK32.dll
0x00007ffe31060000 - 0x00007ffe310cb000 	C:\WINDOWS\System32\ws2_32.DLL
0x00007ffe2cc10000 - 0x00007ffe2cc22000 	C:\WINDOWS\SYSTEM32\kernel.appcore.dll
0x00007ffe04350000 - 0x00007ffe04361000 	D:\android_1\jre\bin\verify.dll
0x00007ffe2e300000 - 0x00007ffe2e4e4000 	C:\WINDOWS\SYSTEM32\DBGHELP.DLL
0x00007ffe2e130000 - 0x00007ffe2e15c000 	C:\WINDOWS\SYSTEM32\dbgcore.DLL
0x00007ffe2eb30000 - 0x00007ffe2ebb2000 	C:\WINDOWS\System32\bcryptPrimitives.dll
0x00007ffdf5ee0000 - 0x00007ffdf5f09000 	D:\android_1\jre\bin\java.dll
0x00007ffe27730000 - 0x00007ffe2773b000 	D:\android_1\jre\bin\jimage.dll
0x00007ffdfd1a0000 - 0x00007ffdfd1b8000 	D:\android_1\jre\bin\zip.dll
0x00007ffe304b0000 - 0x00007ffe30bf4000 	C:\WINDOWS\System32\SHELL32.dll
0x00007ffe2bc10000 - 0x00007ffe2c3a4000 	C:\WINDOWS\SYSTEM32\windows.storage.dll
0x00007ffe2f870000 - 0x00007ffe2fbc4000 	C:\WINDOWS\System32\combase.dll
0x00007ffe2dce0000 - 0x00007ffe2dd10000 	C:\WINDOWS\SYSTEM32\Wldp.dll
0x00007ffe310d0000 - 0x00007ffe3117d000 	C:\WINDOWS\System32\SHCORE.dll
0x00007ffe302a0000 - 0x00007ffe302f5000 	C:\WINDOWS\System32\shlwapi.dll
0x00007ffe2e910000 - 0x00007ffe2e92f000 	C:\WINDOWS\SYSTEM32\profapi.dll
0x00007ffdfd030000 - 0x00007ffdfd04a000 	D:\android_1\jre\bin\net.dll
0x00007ffe205f0000 - 0x00007ffe206fa000 	C:\WINDOWS\SYSTEM32\WINHTTP.dll
0x00007ffe2da40000 - 0x00007ffe2daaa000 	C:\WINDOWS\system32\mswsock.dll
0x00007ffdf89a0000 - 0x00007ffdf89b4000 	D:\android_1\jre\bin\nio.dll
0x00007ffe17d70000 - 0x00007ffe17d97000 	C:\Users\Acer\.gradle\native\e1d6ef7f7dcc3fd88c89a11ec53ec762bb8ba0a96d01ffa2cd45eb1d1d8dd5c5\windows-amd64\native-platform.dll
0x00007ffdf8560000 - 0x00007ffdf86a4000 	C:\Users\Acer\.gradle\native\5664cfc778a61ccfe75a443a1ab52a65af34e5dc3c78e0209fed803814484fcb\windows-amd64\native-platform-file-events.dll
0x00007ffe27100000 - 0x00007ffe2710a000 	D:\android_1\jre\bin\management.dll
0x00007ffe255d0000 - 0x00007ffe255dd000 	D:\android_1\jre\bin\management_ext.dll
0x00007ffe2e690000 - 0x00007ffe2e6a8000 	C:\WINDOWS\SYSTEM32\CRYPTSP.dll
0x00007ffe2d3e0000 - 0x00007ffe2d414000 	C:\WINDOWS\system32\rsaenh.dll
0x00007ffe2f270000 - 0x00007ffe2f297000 	C:\WINDOWS\System32\bcrypt.dll
0x00007ffe2e8d0000 - 0x00007ffe2e8fe000 	C:\WINDOWS\SYSTEM32\USERENV.dll
0x00007ffe2dcd0000 - 0x00007ffe2dcdc000 	C:\WINDOWS\SYSTEM32\CRYPTBASE.dll
0x00007ffe2d730000 - 0x00007ffe2d76b000 	C:\WINDOWS\SYSTEM32\IPHLPAPI.DLL
0x00007ffe30f70000 - 0x00007ffe30f78000 	C:\WINDOWS\System32\NSI.dll
0x00007ffe23f70000 - 0x00007ffe23f87000 	C:\WINDOWS\SYSTEM32\dhcpcsvc6.DLL
0x00007ffe24a50000 - 0x00007ffe24a6d000 	C:\WINDOWS\SYSTEM32\dhcpcsvc.DLL
0x00007ffe2d770000 - 0x00007ffe2d83b000 	C:\WINDOWS\SYSTEM32\DNSAPI.dll

dbghelp: loaded successfully - version: 4.0.5 - missing functions: none
symbol engine: initialized successfully - sym options: 0x614 - pdb path: .;D:\android_1\jre\bin;C:\WINDOWS\SYSTEM32;C:\WINDOWS\WinSxS\amd64_microsoft.windows.common-controls_6595b64144ccf1df_6.0.19041.1110_none_60b5254171f9507e;D:\android_1\jre\bin\server;C:\Users\Acer\.gradle\native\e1d6ef7f7dcc3fd88c89a11ec53ec762bb8ba0a96d01ffa2cd45eb1d1d8dd5c5\windows-amd64;C:\Users\Acer\.gradle\native\5664cfc778a61ccfe75a443a1ab52a65af34e5dc3c78e0209fed803814484fcb\windows-amd64

VM Arguments:
jvm_args: --add-opens=java.base/java.util=ALL-UNNAMED --add-opens=java.base/java.lang=ALL-UNNAMED --add-opens=java.base/java.lang.invoke=ALL-UNNAMED --add-opens=java.base/java.util=ALL-UNNAMED --add-opens=java.prefs/java.util.prefs=ALL-UNNAMED --add-opens=java.prefs/java.util.prefs=ALL-UNNAMED --add-opens=java.base/java.nio.charset=ALL-UNNAMED --add-opens=java.base/java.net=ALL-UNNAMED --add-opens=java.base/java.util.concurrent.atomic=ALL-UNNAMED -Xmx2048m -Dfile.encoding=UTF-8 -Duser.country=BR -Duser.language=pt -Duser.variant 
java_command: org.gradle.launcher.daemon.bootstrap.GradleDaemon 7.3.3
java_class_path (initial): C:\Users\Acer\.gradle\wrapper\dists\gradle-7.3.3-bin\6a41zxkdtcxs8rphpq6y0069z\gradle-7.3.3\lib\gradle-launcher-7.3.3.jar
Launcher Type: SUN_STANDARD

[Global flags]
     intx CICompilerCount                          = 3                                         {product} {ergonomic}
     uint ConcGCThreads                            = 1                                         {product} {ergonomic}
     uint G1ConcRefinementThreads                  = 4                                         {product} {ergonomic}
   size_t G1HeapRegionSize                         = 1048576                                   {product} {ergonomic}
    uintx GCDrainStackTargetSize                   = 64                                        {product} {ergonomic}
   size_t InitialHeapSize                          = 65011712                                  {product} {ergonomic}
   size_t MarkStackSize                            = 4194304                                   {product} {ergonomic}
   size_t MaxHeapSize                              = 2147483648                                {product} {command line}
   size_t MaxNewSize                               = 1287651328                                {product} {ergonomic}
   size_t MinHeapDeltaBytes                        = 1048576                                   {product} {ergonomic}
    uintx NonNMethodCodeHeapSize                   = 5830732                                {pd product} {ergonomic}
    uintx NonProfiledCodeHeapSize                  = 122913754                              {pd product} {ergonomic}
    uintx ProfiledCodeHeapSize                     = 122913754                              {pd product} {ergonomic}
    uintx ReservedCodeCacheSize                    = 251658240                              {pd product} {ergonomic}
     bool SegmentedCodeCache                       = true                                      {product} {ergonomic}
     bool UseCompressedClassPointers               = true                                 {lp64_product} {ergonomic}
     bool UseCompressedOops                        = true                                 {lp64_product} {ergonomic}
     bool UseG1GC                                  = true                                      {product} {ergonomic}
     bool UseLargePagesIndividualAllocation        = false                                  {pd product} {ergonomic}

Logging:
Log output configuration:
 #0: stdout all=warning uptime,level,tags
 #1: stderr all=off uptime,level,tags

Environment Variables:
PATH=C:\WINDOWS\system32;C:\WINDOWS;C:\WINDOWS\System32\Wbem;C:\WINDOWS\System32\WindowsPowerShell\v1.0\;C:\WINDOWS\System32\OpenSSH\;C:\Program Files\Git\cmd;C:\Program Files\nodejs\;C:\Users\Acer\AppData\Local\Microsoft\WindowsApps;C:\Users\Acer\AppData\Local\GitHubDesktop\bin;C:\Users\Acer\AppData\Local\Programs\Microsoft VS Code\bin;C:\Users\Acer\AppData\Roaming\npm;
USERNAME=Acer
OS=Windows_NT
PROCESSOR_IDENTIFIER=Intel64 Family 6 Model 122 Stepping 8, GenuineIntel



---------------  S Y S T E M  ---------------

OS: Windows 10 , 64 bit Build 19041 (10.0.19041.1806)
OS uptime: 0 days 17:04 hours

CPU:total 4 (initial active 4) (4 cores per cpu, 1 threads per core) family 6 model 122 stepping 8 microcode 0xc, cmov, cx8, fxsr, mmx, sse, sse2, sse3, ssse3, sse4.1, sse4.2, popcnt, aes, clmul, erms, 3dnowpref, tsc, tscinvbit, sha

Memory: 4k page, system-wide physical 3899M (55M free)
TotalPageFile size 5282M (AvailPageFile size 16M)
current process WorkingSet (physical memory assigned to process): 304M, peak: 304M
current process commit charge ("private bytes"): 350M, peak: 370M

vm_info: OpenJDK 64-Bit Server VM (11.0.12+7-b1504.28-7817840) for windows-amd64 JRE (11.0.12+7-b1504.28-7817840), built on Oct 13 2021 22:12:33 by "builder" with MS VC++ 14.0 (VS2015)

END.
