#
# There is insufficient memory for the Java Runtime Environment to continue.
# Native memory allocation (malloc) failed to allocate 2093776 bytes for Chunk::new
# Possible reasons:
#   The system is out of physical RAM or swap space
#   The process is running with CompressedOops enabled, and the Java Heap may be blocking the growth of the native heap
# Possible solutions:
#   Reduce memory load on the system
#   Increase physical memory or swap space
#   Check if swap backing store is full
#   Decrease Java heap size (-Xmx/-Xms)
#   Decrease number of Java threads
#   Decrease Java thread stack sizes (-Xss)
#   Set larger code cache with -XX:ReservedCodeCacheSize=
#   JVM is running with Unscaled Compressed Oops mode in which the Java heap is
#     placed in the first 4GB address space. The Java Heap base address is the
#     maximum limit for the native heap growth. Please use -XX:HeapBaseMinAddress
#     to set the Java Heap base and to place the Java Heap above 4GB virtual address.
# This output file may be truncated or incomplete.
#
#  Out of Memory Error (./src/hotspot/share/memory/arena.cpp:197), pid=8316, tid=3884
#
# JRE version: OpenJDK Runtime Environment (11.0.12+7) (build 11.0.12+7-b1504.28-7817840)
# Java VM: OpenJDK 64-Bit Server VM (11.0.12+7-b1504.28-7817840, mixed mode, tiered, compressed oops, g1 gc, windows-amd64)
# No core dump will be written. Minidumps are not enabled by default on client versions of Windows
#

---------------  S U M M A R Y ------------

Command Line: --add-opens=java.base/java.util=ALL-UNNAMED --add-opens=java.base/java.lang=ALL-UNNAMED --add-opens=java.base/java.lang.invoke=ALL-UNNAMED --add-opens=java.base/java.util=ALL-UNNAMED --add-opens=java.prefs/java.util.prefs=ALL-UNNAMED --add-opens=java.prefs/java.util.prefs=ALL-UNNAMED --add-opens=java.base/java.nio.charset=ALL-UNNAMED --add-opens=java.base/java.net=ALL-UNNAMED --add-opens=java.base/java.util.concurrent.atomic=ALL-UNNAMED -Xmx2048m -Dfile.encoding=UTF-8 -Duser.country=BR -Duser.language=pt -Duser.variant org.gradle.launcher.daemon.bootstrap.GradleDaemon 7.3.3

Host: Intel(R) Celeron(R) N4120 CPU @ 1.10GHz, 4 cores, 3G,  Windows 10 , 64 bit Build 19041 (10.0.19041.1806)
Time: Mon Aug  1 16:11:05 2022 H. de Verão da Europa Ocidental elapsed time: 52.954951 seconds (0d 0h 0m 52s)

---------------  T H R E A D  ---------------

Current thread (0x00000243d970f800):  JavaThread "C2 CompilerThread0" daemon [_thread_in_native, id=3884, stack(0x000000c50eb00000,0x000000c50ec00000)]


Current CompileTask:
C2:  52956 9293       4       java.lang.Class::annotationData (44 bytes)

Stack: [0x000000c50eb00000,0x000000c50ec00000]
Native frames: (J=compiled Java code, j=interpreted, Vv=VM code, C=native code)
V  [jvm.dll+0x5fbcea]
V  [jvm.dll+0x731905]
V  [jvm.dll+0x732f1d]
V  [jvm.dll+0x7335d3]
V  [jvm.dll+0x247bf8]
V  [jvm.dll+0xc018c]
V  [jvm.dll+0xc06cc]
V  [jvm.dll+0x35b2db]
V  [jvm.dll+0x328803]
V  [jvm.dll+0x327cfa]
V  [jvm.dll+0x200602]
V  [jvm.dll+0x1ff794]
V  [jvm.dll+0x18868c]
V  [jvm.dll+0x20e0d7]
V  [jvm.dll+0x20c901]
V  [jvm.dll+0x6f9b7f]
V  [jvm.dll+0x6f26a5]
V  [jvm.dll+0x5fabf6]
C  [ucrtbase.dll+0x21bb2]
C  [KERNEL32.DLL+0x17034]
C  [ntdll.dll+0x52651]


---------------  P R O C E S S  ---------------

Threads class SMR info:
_java_thread_list=0x00000243e014dda0, length=79, elements={
0x00000243bf368800, 0x00000243d96ab000, 0x00000243d96b4800, 0x00000243d9705800,
0x00000243d9707800, 0x00000243d970b000, 0x00000243d970f800, 0x00000243d9710800,
0x00000243d971c000, 0x00000243da1a3800, 0x00000243dacc6800, 0x00000243dadd6000,
0x00000243dc0fe000, 0x00000243db8ac000, 0x00000243db029000, 0x00000243dc1aa800,
0x00000243db0f7000, 0x00000243daf9d000, 0x00000243da505800, 0x00000243dc0e9000,
0x00000243dc0e8000, 0x00000243dc0ea800, 0x00000243dc0eb800, 0x00000243dc0ed000,
0x00000243dc0ec800, 0x00000243dc0ee000, 0x00000243dc0ef000, 0x00000243dc0ea000,
0x00000243dc24f800, 0x00000243dc250800, 0x00000243dc251800, 0x00000243dc24e000,
0x00000243dc24f000, 0x00000243dc252000, 0x00000243dc24d800, 0x00000243dc254800,
0x00000243dc259800, 0x00000243dc255800, 0x00000243dc256800, 0x00000243dc257000,
0x00000243dc258800, 0x00000243dc254000, 0x00000243dc25a800, 0x00000243dc25b000,
0x00000243dc25c000, 0x00000243dc44c000, 0x00000243dc44d000, 0x00000243dc44a800,
0x00000243dc451000, 0x00000243dc44b000, 0x00000243dc452800, 0x00000243dc453800,
0x00000243dc44f800, 0x00000243dc44d800, 0x00000243dc454000, 0x00000243dc451800,
0x00000243dc44e800, 0x00000243dc455000, 0x00000243dc456000, 0x00000243dc450000,
0x00000243dc459000, 0x00000243dc456800, 0x00000243dc457800, 0x00000243dc458800,
0x00000243dc45a800, 0x00000243dc460000, 0x00000243dc461000, 0x00000243dc45f800,
0x00000243dc45b000, 0x00000243dc461800, 0x00000243dc45c000, 0x00000243dc462800,
0x00000243dc45d000, 0x00000243dc463800, 0x00000243dc45d800, 0x00000243dc464000,
0x00000243dc45e800, 0x00000243dc465000, 0x00000243dc468800
}

Java Threads: ( => current thread )
  0x00000243bf368800 JavaThread "main" [_thread_blocked, id=9932, stack(0x000000c50df00000,0x000000c50e000000)]
  0x00000243d96ab000 JavaThread "Reference Handler" daemon [_thread_blocked, id=8264, stack(0x000000c50e600000,0x000000c50e700000)]
  0x00000243d96b4800 JavaThread "Finalizer" daemon [_thread_blocked, id=8800, stack(0x000000c50e700000,0x000000c50e800000)]
  0x00000243d9705800 JavaThread "Signal Dispatcher" daemon [_thread_blocked, id=8360, stack(0x000000c50e800000,0x000000c50e900000)]
  0x00000243d9707800 JavaThread "Attach Listener" daemon [_thread_blocked, id=4220, stack(0x000000c50e900000,0x000000c50ea00000)]
  0x00000243d970b000 JavaThread "Service Thread" daemon [_thread_blocked, id=7068, stack(0x000000c50ea00000,0x000000c50eb00000)]
=>0x00000243d970f800 JavaThread "C2 CompilerThread0" daemon [_thread_in_native, id=3884, stack(0x000000c50eb00000,0x000000c50ec00000)]
  0x00000243d9710800 JavaThread "C1 CompilerThread0" daemon [_thread_blocked, id=2628, stack(0x000000c50ec00000,0x000000c50ed00000)]
  0x00000243d971c000 JavaThread "Sweeper thread" daemon [_thread_blocked, id=2536, stack(0x000000c50ed00000,0x000000c50ee00000)]
  0x00000243da1a3800 JavaThread "Common-Cleaner" daemon [_thread_blocked, id=8540, stack(0x000000c50ee00000,0x000000c50ef00000)]
  0x00000243dacc6800 JavaThread "Daemon health stats" [_thread_blocked, id=8512, stack(0x000000c50f100000,0x000000c50f200000)]
  0x00000243dadd6000 JavaThread "Incoming local TCP Connector on port 56244" [_thread_in_native, id=3052, stack(0x000000c50f200000,0x000000c50f300000)]
  0x00000243dc0fe000 JavaThread "Daemon periodic checks" [_thread_blocked, id=4716, stack(0x000000c50f300000,0x000000c50f400000)]
  0x00000243db8ac000 JavaThread "Daemon" [_thread_blocked, id=3940, stack(0x000000c50f400000,0x000000c50f500000)]
  0x00000243db029000 JavaThread "Handler for socket connection from /127.0.0.1:56244 to /127.0.0.1:56245" [_thread_in_native, id=6812, stack(0x000000c50f500000,0x000000c50f600000)]
  0x00000243dc1aa800 JavaThread "Cancel handler" [_thread_blocked, id=8000, stack(0x000000c50f600000,0x000000c50f700000)]
  0x00000243db0f7000 JavaThread "Daemon worker" [_thread_in_vm, id=11124, stack(0x000000c50f700000,0x000000c50f800000)]
  0x00000243daf9d000 JavaThread "Asynchronous log dispatcher for DefaultDaemonConnection: socket connection from /127.0.0.1:56244 to /127.0.0.1:56245" [_thread_blocked, id=10220, stack(0x000000c50f800000,0x000000c50f900000)]
  0x00000243da505800 JavaThread "Stdin handler" [_thread_blocked, id=8496, stack(0x000000c50f900000,0x000000c50fa00000)]
  0x00000243dc0e9000 JavaThread "Daemon client event forwarder" [_thread_blocked, id=3056, stack(0x000000c50fa00000,0x000000c50fb00000)]
  0x00000243dc0e8000 JavaThread "Cache worker for journal cache (C:\Users\Acer\.gradle\caches\journal-1)" [_thread_blocked, id=6828, stack(0x000000c50fd00000,0x000000c50fe00000)]
  0x00000243dc0ea800 JavaThread "File lock request listener" [_thread_in_native, id=2416, stack(0x000000c50fe00000,0x000000c50ff00000)]
  0x00000243dc0eb800 JavaThread "Cache worker for file hash cache (C:\Users\Acer\.gradle\caches\7.3.3\fileHashes)" [_thread_blocked, id=1328, stack(0x000000c50ff00000,0x000000c510000000)]
  0x00000243dc0ed000 JavaThread "Cache worker for file hash cache (D:\BusinessCard\.gradle\7.3.3\fileHashes)" [_thread_blocked, id=10120, stack(0x000000c510000000,0x000000c510100000)]
  0x00000243dc0ec800 JavaThread "File watcher server" daemon [_thread_in_native, id=1160, stack(0x000000c510100000,0x000000c510200000)]
  0x00000243dc0ee000 JavaThread "File watcher consumer" daemon [_thread_blocked, id=3472, stack(0x000000c510200000,0x000000c510300000)]
  0x00000243dc0ef000 JavaThread "jar transforms" [_thread_blocked, id=4748, stack(0x000000c510300000,0x000000c510400000)]
  0x00000243dc0ea000 JavaThread "jar transforms Thread 2" [_thread_blocked, id=9220, stack(0x000000c510400000,0x000000c510500000)]
  0x00000243dc24f800 JavaThread "jar transforms Thread 3" [_thread_blocked, id=7940, stack(0x000000c510500000,0x000000c510600000)]
  0x00000243dc250800 JavaThread "jar transforms Thread 4" [_thread_blocked, id=2896, stack(0x000000c510600000,0x000000c510700000)]
  0x00000243dc251800 JavaThread "Cache worker for checksums cache (D:\BusinessCard\.gradle\7.3.3\checksums)" [_thread_blocked, id=8224, stack(0x000000c510700000,0x000000c510800000)]
  0x00000243dc24e000 JavaThread "Cache worker for cache directory md-supplier (C:\Users\Acer\.gradle\caches\7.3.3\md-supplier)" [_thread_blocked, id=2496, stack(0x000000c510800000,0x000000c510900000)]
  0x00000243dc24f000 JavaThread "Cache worker for cache directory md-rule (C:\Users\Acer\.gradle\caches\7.3.3\md-rule)" [_thread_blocked, id=2300, stack(0x000000c510900000,0x000000c510a00000)]
  0x00000243dc252000 JavaThread "Cache worker for execution history cache (C:\Users\Acer\.gradle\caches\7.3.3\executionHistory)" [_thread_blocked, id=264, stack(0x000000c510a00000,0x000000c510b00000)]
  0x00000243dc24d800 JavaThread "Cache worker for file content cache (C:\Users\Acer\.gradle\caches\7.3.3\fileContent)" [_thread_blocked, id=6300, stack(0x000000c510b00000,0x000000c510c00000)]
  0x00000243dc254800 JavaThread "Cache worker for dependencies-accessors (D:\BusinessCard\.gradle\7.3.3\dependencies-accessors)" [_thread_blocked, id=3496, stack(0x000000c510c00000,0x000000c510d00000)]
  0x00000243dc259800 JavaThread "Cache worker for Build Output Cleanup Cache (D:\BusinessCard\.gradle\buildOutputCleanup)" [_thread_blocked, id=9444, stack(0x000000c510d00000,0x000000c510e00000)]
  0x00000243dc255800 JavaThread "Unconstrained build operations" [_thread_blocked, id=4708, stack(0x000000c510e00000,0x000000c510f00000)]
  0x00000243dc256800 JavaThread "Unconstrained build operations Thread 2" [_thread_blocked, id=8384, stack(0x000000c510f00000,0x000000c511000000)]
  0x00000243dc257000 JavaThread "Unconstrained build operations Thread 3" [_thread_blocked, id=3260, stack(0x000000c511000000,0x000000c511100000)]
  0x00000243dc258800 JavaThread "Unconstrained build operations Thread 4" [_thread_blocked, id=9192, stack(0x000000c511100000,0x000000c511200000)]
  0x00000243dc254000 JavaThread "Unconstrained build operations Thread 5" [_thread_blocked, id=9404, stack(0x000000c511200000,0x000000c511300000)]
  0x00000243dc25a800 JavaThread "Unconstrained build operations Thread 6" [_thread_blocked, id=7716, stack(0x000000c511300000,0x000000c511400000)]
  0x00000243dc25b000 JavaThread "Unconstrained build operations Thread 7" [_thread_blocked, id=5960, stack(0x000000c511400000,0x000000c511500000)]
  0x00000243dc25c000 JavaThread "Unconstrained build operations Thread 8" [_thread_blocked, id=8936, stack(0x000000c511500000,0x000000c511600000)]
  0x00000243dc44c000 JavaThread "Unconstrained build operations Thread 9" [_thread_blocked, id=8652, stack(0x000000c511600000,0x000000c511700000)]
  0x00000243dc44d000 JavaThread "Unconstrained build operations Thread 10" [_thread_blocked, id=3204, stack(0x000000c511700000,0x000000c511800000)]
  0x00000243dc44a800 JavaThread "Unconstrained build operations Thread 11" [_thread_blocked, id=7832, stack(0x000000c511800000,0x000000c511900000)]
  0x00000243dc451000 JavaThread "Unconstrained build operations Thread 12" [_thread_blocked, id=10300, stack(0x000000c511900000,0x000000c511a00000)]
  0x00000243dc44b000 JavaThread "Unconstrained build operations Thread 13" [_thread_blocked, id=5376, stack(0x000000c511a00000,0x000000c511b00000)]
  0x00000243dc452800 JavaThread "Unconstrained build operations Thread 14" [_thread_blocked, id=7992, stack(0x000000c511b00000,0x000000c511c00000)]
  0x00000243dc453800 JavaThread "Unconstrained build operations Thread 15" [_thread_blocked, id=5088, stack(0x000000c511c00000,0x000000c511d00000)]
  0x00000243dc44f800 JavaThread "Unconstrained build operations Thread 16" [_thread_blocked, id=4852, stack(0x000000c511d00000,0x000000c511e00000)]
  0x00000243dc44d800 JavaThread "Unconstrained build operations Thread 17" [_thread_blocked, id=8068, stack(0x000000c511e00000,0x000000c511f00000)]
  0x00000243dc454000 JavaThread "Unconstrained build operations Thread 18" [_thread_blocked, id=6308, stack(0x000000c511f00000,0x000000c512000000)]
  0x00000243dc451800 JavaThread "Unconstrained build operations Thread 19" [_thread_blocked, id=9560, stack(0x000000c512000000,0x000000c512100000)]
  0x00000243dc44e800 JavaThread "Unconstrained build operations Thread 20" [_thread_blocked, id=9120, stack(0x000000c512100000,0x000000c512200000)]
  0x00000243dc455000 JavaThread "Unconstrained build operations Thread 21" [_thread_blocked, id=1708, stack(0x000000c512200000,0x000000c512300000)]
  0x00000243dc456000 JavaThread "Unconstrained build operations Thread 22" [_thread_blocked, id=8632, stack(0x000000c512300000,0x000000c512400000)]
  0x00000243dc450000 JavaThread "Unconstrained build operations Thread 23" [_thread_blocked, id=7620, stack(0x000000c512400000,0x000000c512500000)]
  0x00000243dc459000 JavaThread "Unconstrained build operations Thread 24" [_thread_blocked, id=1332, stack(0x000000c512500000,0x000000c512600000)]
  0x00000243dc456800 JavaThread "Unconstrained build operations Thread 25" [_thread_blocked, id=1520, stack(0x000000c512600000,0x000000c512700000)]
  0x00000243dc457800 JavaThread "Unconstrained build operations Thread 26" [_thread_blocked, id=1148, stack(0x000000c512700000,0x000000c512800000)]
  0x00000243dc458800 JavaThread "Unconstrained build operations Thread 27" [_thread_blocked, id=736, stack(0x000000c512800000,0x000000c512900000)]
  0x00000243dc45a800 JavaThread "Unconstrained build operations Thread 28" [_thread_blocked, id=6268, stack(0x000000c512900000,0x000000c512a00000)]
  0x00000243dc460000 JavaThread "Unconstrained build operations Thread 29" [_thread_blocked, id=10596, stack(0x000000c512a00000,0x000000c512b00000)]
  0x00000243dc461000 JavaThread "Unconstrained build operations Thread 30" [_thread_blocked, id=6036, stack(0x000000c512b00000,0x000000c512c00000)]
  0x00000243dc45f800 JavaThread "Unconstrained build operations Thread 31" [_thread_blocked, id=8608, stack(0x000000c512c00000,0x000000c512d00000)]
  0x00000243dc45b000 JavaThread "Unconstrained build operations Thread 32" [_thread_blocked, id=8304, stack(0x000000c512d00000,0x000000c512e00000)]
  0x00000243dc461800 JavaThread "Unconstrained build operations Thread 33" [_thread_blocked, id=4184, stack(0x000000c512e00000,0x000000c512f00000)]
  0x00000243dc45c000 JavaThread "Unconstrained build operations Thread 34" [_thread_blocked, id=5204, stack(0x000000c512f00000,0x000000c513000000)]
  0x00000243dc462800 JavaThread "Unconstrained build operations Thread 35" [_thread_blocked, id=8488, stack(0x000000c513000000,0x000000c513100000)]
  0x00000243dc45d000 JavaThread "Unconstrained build operations Thread 36" [_thread_blocked, id=8460, stack(0x000000c513100000,0x000000c513200000)]
  0x00000243dc463800 JavaThread "Unconstrained build operations Thread 37" [_thread_blocked, id=7808, stack(0x000000c513200000,0x000000c513300000)]
  0x00000243dc45d800 JavaThread "Unconstrained build operations Thread 38" [_thread_blocked, id=9528, stack(0x000000c513300000,0x000000c513400000)]
  0x00000243dc464000 JavaThread "Unconstrained build operations Thread 39" [_thread_blocked, id=7000, stack(0x000000c513400000,0x000000c513500000)]
  0x00000243dc45e800 JavaThread "Unconstrained build operations Thread 40" [_thread_blocked, id=9708, stack(0x000000c513500000,0x000000c513600000)]
  0x00000243dc465000 JavaThread "Memory manager" [_thread_blocked, id=5304, stack(0x000000c513800000,0x000000c513900000)]
  0x00000243dc468800 JavaThread "Cache worker for execution history cache (D:\BusinessCard\.gradle\7.3.3\executionHistory)" [_thread_blocked, id=1796, stack(0x000000c513c00000,0x000000c513d00000)]

Other Threads:
  0x00000243d96a5000 VMThread "VM Thread" [stack: 0x000000c50e500000,0x000000c50e600000] [id=4116]
  0x00000243da1c1000 WatcherThread [stack: 0x000000c50ef00000,0x000000c50f000000] [id=5100]
  0x00000243bf383000 GCTaskThread "GC Thread#0" [stack: 0x000000c50e000000,0x000000c50e100000] [id=3412]
  0x00000243daa44000 GCTaskThread "GC Thread#1" [stack: 0x000000c50f000000,0x000000c50f100000] [id=3836]
  0x00000243daf9c000 GCTaskThread "GC Thread#2" [stack: 0x000000c50fb00000,0x000000c50fc00000] [id=11104]
  0x00000243da9c6000 GCTaskThread "GC Thread#3" [stack: 0x000000c50fc00000,0x000000c50fd00000] [id=4624]
  0x00000243bf3b6000 ConcurrentGCThread "G1 Main Marker" [stack: 0x000000c50e100000,0x000000c50e200000] [id=3952]
  0x00000243bf3b7000 ConcurrentGCThread "G1 Conc#0" [stack: 0x000000c50e200000,0x000000c50e300000] [id=8012]
  0x00000243bf410000 ConcurrentGCThread "G1 Refine#0" [stack: 0x000000c50e300000,0x000000c50e400000] [id=3388]
  0x00000243bf411000 ConcurrentGCThread "G1 Young RemSet Sampling" [stack: 0x000000c50e400000,0x000000c50e500000] [id=7740]

Threads with active compile tasks:
C2 CompilerThread0  53115 9293       4       java.lang.Class::annotationData (44 bytes)

VM state:not at safepoint (normal execution)

VM Mutex/Monitor currently owned by a thread: None

Heap address: 0x0000000080000000, size: 2048 MB, Compressed Oops mode: 32-bit
Narrow klass base: 0x0000000000000000, Narrow klass shift: 3
Compressed class space size: 1073741824 Address: 0x0000000100000000

Heap:
 garbage-first heap   total 210944K, used 156464K [0x0000000080000000, 0x0000000100000000)
  region size 1024K, 49 young (50176K), 8 survivors (8192K)
 Metaspace       used 92386K, capacity 94513K, committed 94592K, reserved 1130496K
  class space    used 12036K, capacity 12856K, committed 12928K, reserved 1048576K
Heap Regions: E=young(eden), S=young(survivor), O=old, HS=humongous(starts), HC=humongous(continues), CS=collection set, F=free, A=archive, TAMS=top-at-mark-start (previous, next)
|   0|0x0000000080000000, 0x0000000080100000, 0x0000000080100000|100%| O|  |TAMS 0x0000000080100000, 0x0000000080000000| Untracked 
|   1|0x0000000080100000, 0x0000000080200000, 0x0000000080200000|100%| O|  |TAMS 0x0000000080200000, 0x0000000080100000| Untracked 
|   2|0x0000000080200000, 0x0000000080300000, 0x0000000080300000|100%| O|  |TAMS 0x0000000080300000, 0x0000000080200000| Untracked 
|   3|0x0000000080300000, 0x0000000080400000, 0x0000000080400000|100%|HS|  |TAMS 0x0000000080400000, 0x0000000080300000| Complete 
|   4|0x0000000080400000, 0x0000000080500000, 0x0000000080500000|100%|HC|  |TAMS 0x0000000080500000, 0x0000000080400000| Complete 
|   5|0x0000000080500000, 0x0000000080600000, 0x0000000080600000|100%|HC|  |TAMS 0x0000000080600000, 0x0000000080500000| Complete 
|   6|0x0000000080600000, 0x0000000080700000, 0x0000000080700000|100%| O|  |TAMS 0x0000000080700000, 0x0000000080600000| Untracked 
|   7|0x0000000080700000, 0x0000000080800000, 0x0000000080800000|100%| O|  |TAMS 0x0000000080800000, 0x0000000080700000| Untracked 
|   8|0x0000000080800000, 0x0000000080900000, 0x0000000080900000|100%| O|  |TAMS 0x0000000080900000, 0x0000000080800000| Untracked 
|   9|0x0000000080900000, 0x0000000080a00000, 0x0000000080a00000|100%| O|  |TAMS 0x0000000080a00000, 0x0000000080900000| Untracked 
|  10|0x0000000080a00000, 0x0000000080b00000, 0x0000000080b00000|100%| O|  |TAMS 0x0000000080b00000, 0x0000000080a00000| Untracked 
|  11|0x0000000080b00000, 0x0000000080c00000, 0x0000000080c00000|100%| O|  |TAMS 0x0000000080c00000, 0x0000000080b00000| Untracked 
|  12|0x0000000080c00000, 0x0000000080d00000, 0x0000000080d00000|100%| O|  |TAMS 0x0000000080d00000, 0x0000000080c00000| Untracked 
|  13|0x0000000080d00000, 0x0000000080e00000, 0x0000000080e00000|100%| O|  |TAMS 0x0000000080e00000, 0x0000000080d00000| Untracked 
|  14|0x0000000080e00000, 0x0000000080f00000, 0x0000000080f00000|100%| O|  |TAMS 0x0000000080f00000, 0x0000000080e00000| Untracked 
|  15|0x0000000080f00000, 0x0000000081000000, 0x0000000081000000|100%| O|  |TAMS 0x0000000081000000, 0x0000000080f00000| Untracked 
|  16|0x0000000081000000, 0x0000000081100000, 0x0000000081100000|100%| O|  |TAMS 0x0000000081100000, 0x0000000081000000| Untracked 
|  17|0x0000000081100000, 0x0000000081200000, 0x0000000081200000|100%|HS|  |TAMS 0x0000000081200000, 0x0000000081100000| Complete 
|  18|0x0000000081200000, 0x0000000081300000, 0x0000000081300000|100%|HC|  |TAMS 0x0000000081300000, 0x0000000081200000| Complete 
|  19|0x0000000081300000, 0x0000000081400000, 0x0000000081400000|100%|HS|  |TAMS 0x0000000081400000, 0x0000000081300000| Complete 
|  20|0x0000000081400000, 0x0000000081500000, 0x0000000081500000|100%|HC|  |TAMS 0x0000000081500000, 0x0000000081400000| Complete 
|  21|0x0000000081500000, 0x0000000081600000, 0x0000000081600000|100%|HC|  |TAMS 0x0000000081600000, 0x0000000081500000| Complete 
|  22|0x0000000081600000, 0x0000000081700000, 0x0000000081700000|100%|HS|  |TAMS 0x0000000081700000, 0x0000000081600000| Complete 
|  23|0x0000000081700000, 0x0000000081800000, 0x0000000081800000|100%| O|  |TAMS 0x0000000081800000, 0x0000000081700000| Untracked 
|  24|0x0000000081800000, 0x0000000081900000, 0x0000000081900000|100%|HS|  |TAMS 0x0000000081900000, 0x0000000081800000| Complete 
|  25|0x0000000081900000, 0x0000000081a00000, 0x0000000081a00000|100%|HC|  |TAMS 0x0000000081a00000, 0x0000000081900000| Complete 
|  26|0x0000000081a00000, 0x0000000081b00000, 0x0000000081b00000|100%|HC|  |TAMS 0x0000000081b00000, 0x0000000081a00000| Complete 
|  27|0x0000000081b00000, 0x0000000081c00000, 0x0000000081c00000|100%|HC|  |TAMS 0x0000000081c00000, 0x0000000081b00000| Complete 
|  28|0x0000000081c00000, 0x0000000081d00000, 0x0000000081d00000|100%| O|  |TAMS 0x0000000081d00000, 0x0000000081c00000| Untracked 
|  29|0x0000000081d00000, 0x0000000081e00000, 0x0000000081e00000|100%| O|  |TAMS 0x0000000081e00000, 0x0000000081d00000| Untracked 
|  30|0x0000000081e00000, 0x0000000081f00000, 0x0000000081f00000|100%| O|  |TAMS 0x0000000081f00000, 0x0000000081e00000| Untracked 
|  31|0x0000000081f00000, 0x0000000082000000, 0x0000000082000000|100%| O|  |TAMS 0x0000000082000000, 0x0000000081f00000| Untracked 
|  32|0x0000000082000000, 0x0000000082100000, 0x0000000082100000|100%| O|  |TAMS 0x0000000082100000, 0x0000000082000000| Untracked 
|  33|0x0000000082100000, 0x0000000082200000, 0x0000000082200000|100%| O|  |TAMS 0x0000000082200000, 0x0000000082100000| Untracked 
|  34|0x0000000082200000, 0x0000000082300000, 0x0000000082300000|100%| O|  |TAMS 0x0000000082300000, 0x0000000082200000| Untracked 
|  35|0x0000000082300000, 0x0000000082400000, 0x0000000082400000|100%| O|  |TAMS 0x0000000082400000, 0x0000000082300000| Untracked 
|  36|0x0000000082400000, 0x0000000082500000, 0x0000000082500000|100%| O|  |TAMS 0x0000000082500000, 0x0000000082400000| Untracked 
|  37|0x0000000082500000, 0x0000000082600000, 0x0000000082600000|100%| O|  |TAMS 0x0000000082600000, 0x0000000082500000| Untracked 
|  38|0x0000000082600000, 0x0000000082700000, 0x0000000082700000|100%| O|  |TAMS 0x0000000082700000, 0x0000000082600000| Untracked 
|  39|0x0000000082700000, 0x0000000082800000, 0x0000000082800000|100%|HS|  |TAMS 0x0000000082800000, 0x0000000082700000| Complete 
|  40|0x0000000082800000, 0x0000000082900000, 0x0000000082900000|100%|HC|  |TAMS 0x0000000082900000, 0x0000000082800000| Complete 
|  41|0x0000000082900000, 0x0000000082a00000, 0x0000000082a00000|100%|HC|  |TAMS 0x0000000082a00000, 0x0000000082900000| Complete 
|  42|0x0000000082a00000, 0x0000000082b00000, 0x0000000082b00000|100%| O|  |TAMS 0x0000000082b00000, 0x0000000082a00000| Untracked 
|  43|0x0000000082b00000, 0x0000000082c00000, 0x0000000082c00000|100%| O|  |TAMS 0x0000000082c00000, 0x0000000082b00000| Untracked 
|  44|0x0000000082c00000, 0x0000000082d00000, 0x0000000082d00000|100%| O|  |TAMS 0x0000000082d00000, 0x0000000082c00000| Untracked 
|  45|0x0000000082d00000, 0x0000000082e00000, 0x0000000082e00000|100%|HS|  |TAMS 0x0000000082e00000, 0x0000000082d00000| Complete 
|  46|0x0000000082e00000, 0x0000000082f00000, 0x0000000082f00000|100%| O|  |TAMS 0x0000000082f00000, 0x0000000082e00000| Untracked 
|  47|0x0000000082f00000, 0x0000000083000000, 0x0000000083000000|100%| O|  |TAMS 0x0000000083000000, 0x0000000082f00000| Untracked 
|  48|0x0000000083000000, 0x0000000083100000, 0x0000000083100000|100%| O|  |TAMS 0x0000000083100000, 0x0000000083000000| Untracked 
|  49|0x0000000083100000, 0x0000000083200000, 0x0000000083200000|100%| O|  |TAMS 0x0000000083200000, 0x0000000083100000| Untracked 
|  50|0x0000000083200000, 0x0000000083300000, 0x0000000083300000|100%| O|  |TAMS 0x0000000083300000, 0x0000000083200000| Untracked 
|  51|0x0000000083300000, 0x0000000083400000, 0x0000000083400000|100%| O|  |TAMS 0x0000000083400000, 0x0000000083300000| Untracked 
|  52|0x0000000083400000, 0x0000000083500000, 0x0000000083500000|100%|HS|  |TAMS 0x0000000083500000, 0x0000000083400000| Complete 
|  53|0x0000000083500000, 0x0000000083600000, 0x0000000083600000|100%|HC|  |TAMS 0x0000000083600000, 0x0000000083500000| Complete 
|  54|0x0000000083600000, 0x0000000083700000, 0x0000000083700000|100%|HC|  |TAMS 0x0000000083700000, 0x0000000083600000| Complete 
|  55|0x0000000083700000, 0x0000000083800000, 0x0000000083800000|100%|HC|  |TAMS 0x0000000083800000, 0x0000000083700000| Complete 
|  56|0x0000000083800000, 0x0000000083900000, 0x0000000083900000|100%| O|  |TAMS 0x0000000083900000, 0x0000000083800000| Untracked 
|  57|0x0000000083900000, 0x0000000083a00000, 0x0000000083a00000|100%| O|  |TAMS 0x0000000083a00000, 0x0000000083900000| Untracked 
|  58|0x0000000083a00000, 0x0000000083b00000, 0x0000000083b00000|100%| O|  |TAMS 0x0000000083b00000, 0x0000000083a00000| Untracked 
|  59|0x0000000083b00000, 0x0000000083c00000, 0x0000000083c00000|100%|HS|  |TAMS 0x0000000083c00000, 0x0000000083b00000| Complete 
|  60|0x0000000083c00000, 0x0000000083d00000, 0x0000000083d00000|100%|HS|  |TAMS 0x0000000083d00000, 0x0000000083c00000| Complete 
|  61|0x0000000083d00000, 0x0000000083e00000, 0x0000000083e00000|100%|HS|  |TAMS 0x0000000083e00000, 0x0000000083d00000| Complete 
|  62|0x0000000083e00000, 0x0000000083f00000, 0x0000000083f00000|100%|HS|  |TAMS 0x0000000083f00000, 0x0000000083e00000| Complete 
|  63|0x0000000083f00000, 0x0000000084000000, 0x0000000084000000|100%|HC|  |TAMS 0x0000000084000000, 0x0000000083f00000| Complete 
|  64|0x0000000084000000, 0x0000000084100000, 0x0000000084100000|100%|HC|  |TAMS 0x0000000084100000, 0x0000000084000000| Complete 
|  65|0x0000000084100000, 0x0000000084200000, 0x0000000084200000|100%|HS|  |TAMS 0x0000000084200000, 0x0000000084100000| Complete 
|  66|0x0000000084200000, 0x0000000084300000, 0x0000000084300000|100%|HC|  |TAMS 0x0000000084300000, 0x0000000084200000| Complete 
|  67|0x0000000084300000, 0x0000000084400000, 0x0000000084400000|100%| O|  |TAMS 0x0000000084400000, 0x0000000084300000| Untracked 
|  68|0x0000000084400000, 0x0000000084500000, 0x0000000084500000|100%| O|  |TAMS 0x0000000084500000, 0x0000000084400000| Untracked 
|  69|0x0000000084500000, 0x0000000084600000, 0x0000000084600000|100%| O|  |TAMS 0x0000000084600000, 0x0000000084500000| Untracked 
|  70|0x0000000084600000, 0x0000000084700000, 0x0000000084700000|100%| O|  |TAMS 0x0000000084700000, 0x0000000084600000| Untracked 
|  71|0x0000000084700000, 0x0000000084800000, 0x0000000084800000|100%| O|  |TAMS 0x0000000084800000, 0x0000000084700000| Untracked 
|  72|0x0000000084800000, 0x0000000084900000, 0x0000000084900000|100%| O|  |TAMS 0x0000000084900000, 0x0000000084800000| Untracked 
|  73|0x0000000084900000, 0x0000000084a00000, 0x0000000084a00000|100%| O|  |TAMS 0x0000000084a00000, 0x0000000084900000| Untracked 
|  74|0x0000000084a00000, 0x0000000084b00000, 0x0000000084b00000|100%| O|  |TAMS 0x0000000084b00000, 0x0000000084a00000| Untracked 
|  75|0x0000000084b00000, 0x0000000084c00000, 0x0000000084c00000|100%| O|  |TAMS 0x0000000084c00000, 0x0000000084b00000| Untracked 
|  76|0x0000000084c00000, 0x0000000084d00000, 0x0000000084d00000|100%| O|  |TAMS 0x0000000084d00000, 0x0000000084c00000| Untracked 
|  77|0x0000000084d00000, 0x0000000084e00000, 0x0000000084e00000|100%| O|  |TAMS 0x0000000084e00000, 0x0000000084d00000| Untracked 
|  78|0x0000000084e00000, 0x0000000084f00000, 0x0000000084f00000|100%| O|  |TAMS 0x0000000084f00000, 0x0000000084e00000| Untracked 
|  79|0x0000000084f00000, 0x0000000085000000, 0x0000000085000000|100%| O|  |TAMS 0x0000000085000000, 0x0000000084f00000| Untracked 
|  80|0x0000000085000000, 0x0000000085100000, 0x0000000085100000|100%| O|  |TAMS 0x0000000085100000, 0x0000000085000000| Untracked 
|  81|0x0000000085100000, 0x0000000085200000, 0x0000000085200000|100%| O|  |TAMS 0x0000000085200000, 0x0000000085100000| Untracked 
|  82|0x0000000085200000, 0x0000000085300000, 0x0000000085300000|100%| O|  |TAMS 0x0000000085300000, 0x0000000085200000| Untracked 
|  83|0x0000000085300000, 0x0000000085400000, 0x0000000085400000|100%| O|  |TAMS 0x0000000085400000, 0x0000000085300000| Untracked 
|  84|0x0000000085400000, 0x0000000085500000, 0x0000000085500000|100%| O|  |TAMS 0x0000000085500000, 0x0000000085400000| Untracked 
|  85|0x0000000085500000, 0x0000000085600000, 0x0000000085600000|100%| O|  |TAMS 0x0000000085600000, 0x0000000085500000| Untracked 
|  86|0x0000000085600000, 0x0000000085700000, 0x0000000085700000|100%|HS|  |TAMS 0x0000000085700000, 0x0000000085600000| Complete 
|  87|0x0000000085700000, 0x0000000085800000, 0x0000000085800000|100%|HC|  |TAMS 0x0000000085800000, 0x0000000085700000| Complete 
|  88|0x0000000085800000, 0x0000000085900000, 0x0000000085900000|100%|HS|  |TAMS 0x0000000085900000, 0x0000000085800000| Complete 
|  89|0x0000000085900000, 0x0000000085a00000, 0x0000000085a00000|100%|HC|  |TAMS 0x0000000085a00000, 0x0000000085900000| Complete 
|  90|0x0000000085a00000, 0x0000000085b00000, 0x0000000085b00000|100%|HC|  |TAMS 0x0000000085b00000, 0x0000000085a00000| Complete 
|  91|0x0000000085b00000, 0x0000000085c00000, 0x0000000085c00000|100%|HS|  |TAMS 0x0000000085c00000, 0x0000000085b00000| Complete 
|  92|0x0000000085c00000, 0x0000000085d00000, 0x0000000085d00000|100%| O|  |TAMS 0x0000000085d00000, 0x0000000085c00000| Untracked 
|  93|0x0000000085d00000, 0x0000000085e00000, 0x0000000085e00000|100%| O|  |TAMS 0x0000000085e00000, 0x0000000085d00000| Untracked 
|  94|0x0000000085e00000, 0x0000000085f00000, 0x0000000085f00000|100%| O|  |TAMS 0x0000000085f00000, 0x0000000085e00000| Untracked 
|  95|0x0000000085f00000, 0x0000000086000000, 0x0000000086000000|100%| O|  |TAMS 0x0000000086000000, 0x0000000085f00000| Untracked 
|  96|0x0000000086000000, 0x0000000086100000, 0x0000000086100000|100%|HS|  |TAMS 0x0000000086100000, 0x0000000086000000| Complete 
|  97|0x0000000086100000, 0x0000000086200000, 0x0000000086200000|100%|HC|  |TAMS 0x0000000086200000, 0x0000000086100000| Complete 
|  98|0x0000000086200000, 0x0000000086300000, 0x0000000086300000|100%|HC|  |TAMS 0x0000000086300000, 0x0000000086200000| Complete 
|  99|0x0000000086300000, 0x0000000086400000, 0x0000000086400000|100%|HC|  |TAMS 0x0000000086400000, 0x0000000086300000| Complete 
| 100|0x0000000086400000, 0x0000000086500000, 0x0000000086500000|100%| O|  |TAMS 0x0000000086500000, 0x0000000086400000| Untracked 
| 101|0x0000000086500000, 0x0000000086600000, 0x0000000086600000|100%| O|  |TAMS 0x0000000086600000, 0x0000000086500000| Untracked 
| 102|0x0000000086600000, 0x0000000086700000, 0x0000000086700000|100%| O|  |TAMS 0x0000000086700000, 0x0000000086600000| Untracked 
| 103|0x0000000086700000, 0x00000000867cc000, 0x0000000086800000| 79%| O|  |TAMS 0x00000000867cc000, 0x0000000086700000| Untracked 
| 104|0x0000000086800000, 0x0000000086900000, 0x0000000086900000|100%|HS|  |TAMS 0x0000000086800000, 0x0000000086800000| Complete 
| 105|0x0000000086900000, 0x0000000086900000, 0x0000000086a00000|  0%| F|  |TAMS 0x0000000086900000, 0x0000000086900000| Untracked 
| 106|0x0000000086a00000, 0x0000000086a00000, 0x0000000086b00000|  0%| F|  |TAMS 0x0000000086a00000, 0x0000000086a00000| Untracked 
| 107|0x0000000086b00000, 0x0000000086b00000, 0x0000000086c00000|  0%| F|  |TAMS 0x0000000086b00000, 0x0000000086b00000| Untracked 
| 108|0x0000000086c00000, 0x0000000086c00000, 0x0000000086d00000|  0%| F|  |TAMS 0x0000000086c00000, 0x0000000086c00000| Untracked 
| 109|0x0000000086d00000, 0x0000000086d00000, 0x0000000086e00000|  0%| F|  |TAMS 0x0000000086d00000, 0x0000000086d00000| Untracked 
| 110|0x0000000086e00000, 0x0000000086e00000, 0x0000000086f00000|  0%| F|  |TAMS 0x0000000086e00000, 0x0000000086e00000| Untracked 
| 111|0x0000000086f00000, 0x0000000086f00000, 0x0000000087000000|  0%| F|  |TAMS 0x0000000086f00000, 0x0000000086f00000| Untracked 
| 112|0x0000000087000000, 0x0000000087000000, 0x0000000087100000|  0%| F|  |TAMS 0x0000000087000000, 0x0000000087000000| Untracked 
| 113|0x0000000087100000, 0x0000000087100000, 0x0000000087200000|  0%| F|  |TAMS 0x0000000087100000, 0x0000000087100000| Untracked 
| 114|0x0000000087200000, 0x0000000087200000, 0x0000000087300000|  0%| F|  |TAMS 0x0000000087200000, 0x0000000087200000| Untracked 
| 115|0x0000000087300000, 0x0000000087300000, 0x0000000087400000|  0%| F|  |TAMS 0x0000000087300000, 0x0000000087300000| Untracked 
| 116|0x0000000087400000, 0x0000000087400000, 0x0000000087500000|  0%| F|  |TAMS 0x0000000087400000, 0x0000000087400000| Untracked 
| 117|0x0000000087500000, 0x0000000087500000, 0x0000000087600000|  0%| F|  |TAMS 0x0000000087500000, 0x0000000087500000| Untracked 
| 118|0x0000000087600000, 0x0000000087600000, 0x0000000087700000|  0%| F|  |TAMS 0x0000000087600000, 0x0000000087600000| Untracked 
| 119|0x0000000087700000, 0x0000000087700000, 0x0000000087800000|  0%| F|  |TAMS 0x0000000087700000, 0x0000000087700000| Untracked 
| 120|0x0000000087800000, 0x0000000087800000, 0x0000000087900000|  0%| F|  |TAMS 0x0000000087800000, 0x0000000087800000| Untracked 
| 121|0x0000000087900000, 0x0000000087900000, 0x0000000087a00000|  0%| F|  |TAMS 0x0000000087900000, 0x0000000087900000| Untracked 
| 122|0x0000000087a00000, 0x0000000087a00000, 0x0000000087b00000|  0%| F|  |TAMS 0x0000000087a00000, 0x0000000087a00000| Untracked 
| 123|0x0000000087b00000, 0x0000000087b00000, 0x0000000087c00000|  0%| F|  |TAMS 0x0000000087b00000, 0x0000000087b00000| Untracked 
| 124|0x0000000087c00000, 0x0000000087c00000, 0x0000000087d00000|  0%| F|  |TAMS 0x0000000087c00000, 0x0000000087c00000| Untracked 
| 125|0x0000000087d00000, 0x0000000087d00000, 0x0000000087e00000|  0%| F|  |TAMS 0x0000000087d00000, 0x0000000087d00000| Untracked 
| 126|0x0000000087e00000, 0x0000000087e00000, 0x0000000087f00000|  0%| F|  |TAMS 0x0000000087e00000, 0x0000000087e00000| Untracked 
| 127|0x0000000087f00000, 0x0000000087f00000, 0x0000000088000000|  0%| F|  |TAMS 0x0000000087f00000, 0x0000000087f00000| Untracked 
| 128|0x0000000088000000, 0x0000000088000000, 0x0000000088100000|  0%| F|  |TAMS 0x0000000088000000, 0x0000000088000000| Untracked 
| 129|0x0000000088100000, 0x0000000088100000, 0x0000000088200000|  0%| F|  |TAMS 0x0000000088100000, 0x0000000088100000| Untracked 
| 130|0x0000000088200000, 0x0000000088200000, 0x0000000088300000|  0%| F|  |TAMS 0x0000000088200000, 0x0000000088200000| Untracked 
| 131|0x0000000088300000, 0x0000000088300000, 0x0000000088400000|  0%| F|  |TAMS 0x0000000088300000, 0x0000000088300000| Untracked 
| 132|0x0000000088400000, 0x0000000088400000, 0x0000000088500000|  0%| F|  |TAMS 0x0000000088400000, 0x0000000088400000| Untracked 
| 133|0x0000000088500000, 0x0000000088500000, 0x0000000088600000|  0%| F|  |TAMS 0x0000000088500000, 0x0000000088500000| Untracked 
| 134|0x0000000088600000, 0x0000000088600000, 0x0000000088700000|  0%| F|  |TAMS 0x0000000088600000, 0x0000000088600000| Untracked 
| 135|0x0000000088700000, 0x0000000088800000, 0x0000000088800000|100%| S|CS|TAMS 0x0000000088700000, 0x0000000088700000| Complete 
| 136|0x0000000088800000, 0x0000000088900000, 0x0000000088900000|100%| S|CS|TAMS 0x0000000088800000, 0x0000000088800000| Complete 
| 137|0x0000000088900000, 0x0000000088a00000, 0x0000000088a00000|100%| S|CS|TAMS 0x0000000088900000, 0x0000000088900000| Complete 
| 138|0x0000000088a00000, 0x0000000088b00000, 0x0000000088b00000|100%| S|CS|TAMS 0x0000000088a00000, 0x0000000088a00000| Complete 
| 139|0x0000000088b00000, 0x0000000088c00000, 0x0000000088c00000|100%| S|CS|TAMS 0x0000000088b00000, 0x0000000088b00000| Complete 
| 140|0x0000000088c00000, 0x0000000088d00000, 0x0000000088d00000|100%| S|CS|TAMS 0x0000000088c00000, 0x0000000088c00000| Complete 
| 141|0x0000000088d00000, 0x0000000088e00000, 0x0000000088e00000|100%| S|CS|TAMS 0x0000000088d00000, 0x0000000088d00000| Complete 
| 142|0x0000000088e00000, 0x0000000088f00000, 0x0000000088f00000|100%| S|CS|TAMS 0x0000000088e00000, 0x0000000088e00000| Complete 
| 143|0x0000000088f00000, 0x0000000088f00000, 0x0000000089000000|  0%| F|  |TAMS 0x0000000088f00000, 0x0000000088f00000| Untracked 
| 144|0x0000000089000000, 0x0000000089000000, 0x0000000089100000|  0%| F|  |TAMS 0x0000000089000000, 0x0000000089000000| Untracked 
| 145|0x0000000089100000, 0x0000000089100000, 0x0000000089200000|  0%| F|  |TAMS 0x0000000089100000, 0x0000000089100000| Untracked 
| 146|0x0000000089200000, 0x0000000089200000, 0x0000000089300000|  0%| F|  |TAMS 0x0000000089200000, 0x0000000089200000| Untracked 
| 147|0x0000000089300000, 0x0000000089300000, 0x0000000089400000|  0%| F|  |TAMS 0x0000000089300000, 0x0000000089300000| Untracked 
| 148|0x0000000089400000, 0x0000000089400000, 0x0000000089500000|  0%| F|  |TAMS 0x0000000089400000, 0x0000000089400000| Untracked 
| 149|0x0000000089500000, 0x0000000089500000, 0x0000000089600000|  0%| F|  |TAMS 0x0000000089500000, 0x0000000089500000| Untracked 
| 150|0x0000000089600000, 0x0000000089600000, 0x0000000089700000|  0%| F|  |TAMS 0x0000000089600000, 0x0000000089600000| Untracked 
| 151|0x0000000089700000, 0x0000000089700000, 0x0000000089800000|  0%| F|  |TAMS 0x0000000089700000, 0x0000000089700000| Untracked 
| 152|0x0000000089800000, 0x0000000089800000, 0x0000000089900000|  0%| F|  |TAMS 0x0000000089800000, 0x0000000089800000| Untracked 
| 153|0x0000000089900000, 0x0000000089900000, 0x0000000089a00000|  0%| F|  |TAMS 0x0000000089900000, 0x0000000089900000| Untracked 
| 154|0x0000000089a00000, 0x0000000089a00000, 0x0000000089b00000|  0%| F|  |TAMS 0x0000000089a00000, 0x0000000089a00000| Untracked 
| 155|0x0000000089b00000, 0x0000000089b00000, 0x0000000089c00000|  0%| F|  |TAMS 0x0000000089b00000, 0x0000000089b00000| Untracked 
| 156|0x0000000089c00000, 0x0000000089c00000, 0x0000000089d00000|  0%| F|  |TAMS 0x0000000089c00000, 0x0000000089c00000| Untracked 
| 157|0x0000000089d00000, 0x0000000089d00000, 0x0000000089e00000|  0%| F|  |TAMS 0x0000000089d00000, 0x0000000089d00000| Untracked 
| 158|0x0000000089e00000, 0x0000000089e00000, 0x0000000089f00000|  0%| F|  |TAMS 0x0000000089e00000, 0x0000000089e00000| Untracked 
| 159|0x0000000089f00000, 0x0000000089f00000, 0x000000008a000000|  0%| F|  |TAMS 0x0000000089f00000, 0x0000000089f00000| Untracked 
| 160|0x000000008a000000, 0x000000008a000000, 0x000000008a100000|  0%| F|  |TAMS 0x000000008a000000, 0x000000008a000000| Untracked 
| 161|0x000000008a100000, 0x000000008a100000, 0x000000008a200000|  0%| F|  |TAMS 0x000000008a100000, 0x000000008a100000| Untracked 
| 162|0x000000008a200000, 0x000000008a200000, 0x000000008a300000|  0%| F|  |TAMS 0x000000008a200000, 0x000000008a200000| Untracked 
| 163|0x000000008a300000, 0x000000008a300000, 0x000000008a400000|  0%| F|  |TAMS 0x000000008a300000, 0x000000008a300000| Untracked 
| 164|0x000000008a400000, 0x000000008a400000, 0x000000008a500000|  0%| F|  |TAMS 0x000000008a400000, 0x000000008a400000| Untracked 
| 165|0x000000008a500000, 0x000000008a600000, 0x000000008a600000|100%| E|  |TAMS 0x000000008a500000, 0x000000008a500000| Complete 
| 166|0x000000008a600000, 0x000000008a700000, 0x000000008a700000|100%| E|CS|TAMS 0x000000008a600000, 0x000000008a600000| Complete 
| 167|0x000000008a700000, 0x000000008a800000, 0x000000008a800000|100%| E|CS|TAMS 0x000000008a700000, 0x000000008a700000| Complete 
| 168|0x000000008a800000, 0x000000008a900000, 0x000000008a900000|100%| E|CS|TAMS 0x000000008a800000, 0x000000008a800000| Complete 
| 169|0x000000008a900000, 0x000000008aa00000, 0x000000008aa00000|100%| E|CS|TAMS 0x000000008a900000, 0x000000008a900000| Complete 
| 170|0x000000008aa00000, 0x000000008ab00000, 0x000000008ab00000|100%| E|CS|TAMS 0x000000008aa00000, 0x000000008aa00000| Complete 
| 171|0x000000008ab00000, 0x000000008ac00000, 0x000000008ac00000|100%| E|CS|TAMS 0x000000008ab00000, 0x000000008ab00000| Complete 
| 172|0x000000008ac00000, 0x000000008ad00000, 0x000000008ad00000|100%| E|CS|TAMS 0x000000008ac00000, 0x000000008ac00000| Complete 
| 173|0x000000008ad00000, 0x000000008ae00000, 0x000000008ae00000|100%| E|CS|TAMS 0x000000008ad00000, 0x000000008ad00000| Complete 
| 174|0x000000008ae00000, 0x000000008af00000, 0x000000008af00000|100%| E|CS|TAMS 0x000000008ae00000, 0x000000008ae00000| Complete 
| 175|0x000000008af00000, 0x000000008b000000, 0x000000008b000000|100%| E|CS|TAMS 0x000000008af00000, 0x000000008af00000| Complete 
| 176|0x000000008b000000, 0x000000008b100000, 0x000000008b100000|100%| E|CS|TAMS 0x000000008b000000, 0x000000008b000000| Complete 
| 177|0x000000008b100000, 0x000000008b200000, 0x000000008b200000|100%| E|CS|TAMS 0x000000008b100000, 0x000000008b100000| Complete 
| 178|0x000000008b200000, 0x000000008b300000, 0x000000008b300000|100%| E|CS|TAMS 0x000000008b200000, 0x000000008b200000| Complete 
| 179|0x000000008b300000, 0x000000008b400000, 0x000000008b400000|100%| E|CS|TAMS 0x000000008b300000, 0x000000008b300000| Complete 
| 180|0x000000008b400000, 0x000000008b500000, 0x000000008b500000|100%| E|CS|TAMS 0x000000008b400000, 0x000000008b400000| Complete 
| 181|0x000000008b500000, 0x000000008b600000, 0x000000008b600000|100%| E|CS|TAMS 0x000000008b500000, 0x000000008b500000| Complete 
| 182|0x000000008b600000, 0x000000008b700000, 0x000000008b700000|100%| E|CS|TAMS 0x000000008b600000, 0x000000008b600000| Complete 
| 183|0x000000008b700000, 0x000000008b800000, 0x000000008b800000|100%| E|CS|TAMS 0x000000008b700000, 0x000000008b700000| Complete 
| 184|0x000000008b800000, 0x000000008b900000, 0x000000008b900000|100%| E|CS|TAMS 0x000000008b800000, 0x000000008b800000| Complete 
| 185|0x000000008b900000, 0x000000008ba00000, 0x000000008ba00000|100%| E|CS|TAMS 0x000000008b900000, 0x000000008b900000| Complete 
| 186|0x000000008ba00000, 0x000000008bb00000, 0x000000008bb00000|100%| E|CS|TAMS 0x000000008ba00000, 0x000000008ba00000| Complete 
| 187|0x000000008bb00000, 0x000000008bc00000, 0x000000008bc00000|100%| E|CS|TAMS 0x000000008bb00000, 0x000000008bb00000| Complete 
| 188|0x000000008bc00000, 0x000000008bd00000, 0x000000008bd00000|100%| E|CS|TAMS 0x000000008bc00000, 0x000000008bc00000| Complete 
| 189|0x000000008bd00000, 0x000000008be00000, 0x000000008be00000|100%| E|CS|TAMS 0x000000008bd00000, 0x000000008bd00000| Complete 
| 190|0x000000008be00000, 0x000000008bf00000, 0x000000008bf00000|100%| E|CS|TAMS 0x000000008be00000, 0x000000008be00000| Complete 
| 191|0x000000008bf00000, 0x000000008c000000, 0x000000008c000000|100%| E|CS|TAMS 0x000000008bf00000, 0x000000008bf00000| Complete 
| 192|0x000000008c000000, 0x000000008c100000, 0x000000008c100000|100%| E|CS|TAMS 0x000000008c000000, 0x000000008c000000| Complete 
| 193|0x000000008c100000, 0x000000008c200000, 0x000000008c200000|100%| E|CS|TAMS 0x000000008c100000, 0x000000008c100000| Complete 
| 194|0x000000008c200000, 0x000000008c300000, 0x000000008c300000|100%| E|CS|TAMS 0x000000008c200000, 0x000000008c200000| Complete 
| 195|0x000000008c300000, 0x000000008c400000, 0x000000008c400000|100%| E|CS|TAMS 0x000000008c300000, 0x000000008c300000| Complete 
| 196|0x000000008c400000, 0x000000008c500000, 0x000000008c500000|100%| E|CS|TAMS 0x000000008c400000, 0x000000008c400000| Complete 
| 197|0x000000008c500000, 0x000000008c600000, 0x000000008c600000|100%| E|CS|TAMS 0x000000008c500000, 0x000000008c500000| Complete 
| 198|0x000000008c600000, 0x000000008c700000, 0x000000008c700000|100%| E|CS|TAMS 0x000000008c600000, 0x000000008c600000| Complete 
| 199|0x000000008c700000, 0x000000008c800000, 0x000000008c800000|100%| E|CS|TAMS 0x000000008c700000, 0x000000008c700000| Complete 
| 200|0x000000008c800000, 0x000000008c900000, 0x000000008c900000|100%| E|CS|TAMS 0x000000008c800000, 0x000000008c800000| Complete 
| 201|0x000000008c900000, 0x000000008ca00000, 0x000000008ca00000|100%| E|CS|TAMS 0x000000008c900000, 0x000000008c900000| Complete 
| 202|0x000000008ca00000, 0x000000008cb00000, 0x000000008cb00000|100%| E|CS|TAMS 0x000000008ca00000, 0x000000008ca00000| Complete 
| 203|0x000000008cb00000, 0x000000008cc00000, 0x000000008cc00000|100%| E|CS|TAMS 0x000000008cb00000, 0x000000008cb00000| Complete 
| 204|0x000000008cc00000, 0x000000008cd00000, 0x000000008cd00000|100%| E|CS|TAMS 0x000000008cc00000, 0x000000008cc00000| Complete 
| 205|0x000000008cd00000, 0x000000008ce00000, 0x000000008ce00000|100%| E|CS|TAMS 0x000000008cd00000, 0x000000008cd00000| Complete 

Card table byte_map: [0x00000243d28a0000,0x00000243d2ca0000] _byte_map_base: 0x00000243d24a0000

Marking Bits (Prev, Next): (CMBitMap*) 0x00000243bf3acf08, (CMBitMap*) 0x00000243bf3acf40
 Prev Bits: [0x00000243d30a0000, 0x00000243d50a0000)
 Next Bits: [0x00000243d50a0000, 0x00000243d70a0000)

Polling page: 0x00000243bda50000

Metaspace:

Usage:
  Non-class:     79.87 MB capacity,    78.52 MB ( 98%) used,     1.11 MB (  1%) free+waste,   240.69 KB ( <1%) overhead. 
      Class:     12.55 MB capacity,    11.76 MB ( 94%) used,   699.86 KB (  5%) free+waste,   111.50 KB ( <1%) overhead. 
       Both:     92.42 MB capacity,    90.28 MB ( 98%) used,     1.80 MB (  2%) free+waste,   352.19 KB ( <1%) overhead. 

Virtual space:
  Non-class space:       80.00 MB reserved,      80.00 MB (100%) committed 
      Class space:        1.00 GB reserved,      12.63 MB (  1%) committed 
             Both:        1.08 GB reserved,      92.63 MB (  8%) committed 

Chunk freelists:
   Non-Class:  7.00 KB
       Class:  8.00 KB
        Both:  15.00 KB

MaxMetaspaceSize: 17179869184.00 GB
CompressedClassSpaceSize: 1.00 GB
Initial GC threshold: 20.80 MB
Current GC threshold: 146.67 MB
CDS: off

CodeHeap 'non-profiled nmethods': size=120064Kb used=4693Kb max_used=4693Kb free=115370Kb
 bounds [0x00000243ca940000, 0x00000243cade0000, 0x00000243d1e80000]
CodeHeap 'profiled nmethods': size=120000Kb used=19543Kb max_used=19543Kb free=100456Kb
 bounds [0x00000243c3410000, 0x00000243c4730000, 0x00000243ca940000]
CodeHeap 'non-nmethods': size=5696Kb used=2387Kb max_used=2425Kb free=3309Kb
 bounds [0x00000243c2e80000, 0x00000243c30f0000, 0x00000243c3410000]
 total_blobs=10124 nmethods=9216 adapters=819
 compilation: enabled
              stopped_count=0, restarted_count=0
 full_count=0

Compilation events (20 events):
Event: 52.841 Thread 0x00000243d9710800 9398       3       com.sun.xml.bind.v2.model.impl.ElementPropertyInfoImpl::getTypes (469 bytes)
Event: 52.849 Thread 0x00000243d9710800 nmethod 9398 0x00000243c470ed90 code [0x00000243c470f520, 0x00000243c4714468]
Event: 52.849 Thread 0x00000243d9710800 9399       3       com.sun.xml.bind.v2.model.impl.ModelBuilder::getTypeInfo (116 bytes)
Event: 52.851 Thread 0x00000243d9710800 nmethod 9399 0x00000243c4715d10 code [0x00000243c4715fc0, 0x00000243c4717018]
Event: 52.851 Thread 0x00000243d9710800 9400       3       com.sun.xml.bind.v2.model.impl.RuntimeTypeInfoSetImpl::getTypeInfo (9 bytes)
Event: 52.851 Thread 0x00000243d9710800 nmethod 9400 0x00000243c4717490 code [0x00000243c4717660, 0x00000243c47179e8]
Event: 52.851 Thread 0x00000243d9710800 9401       3       com.sun.xml.bind.v2.model.impl.RuntimeTypeInfoSetImpl::getTypeInfo (9 bytes)
Event: 52.851 Thread 0x00000243d9710800 nmethod 9401 0x00000243c4717b10 code [0x00000243c4717ce0, 0x00000243c4717f08]
Event: 52.851 Thread 0x00000243d9710800 9402       3       com.sun.xml.bind.v2.model.impl.TypeInfoSetImpl::getTypeInfo (81 bytes)
Event: 52.853 Thread 0x00000243d9710800 nmethod 9402 0x00000243c4718010 code [0x00000243c47182c0, 0x00000243c47192b8]
Event: 52.857 Thread 0x00000243d9710800 9403   !   3       java.util.logging.LogManager::ensureLogManagerInitialized (144 bytes)
Event: 52.859 Thread 0x00000243d9710800 nmethod 9403 0x00000243c4719710 code [0x00000243c47199c0, 0x00000243c471a698]
Event: 52.892 Thread 0x00000243d9710800 9404       1       com.sun.xml.bind.v2.model.impl.ElementPropertyInfoImpl::isValueList (5 bytes)
Event: 52.892 Thread 0x00000243d9710800 nmethod 9404 0x00000243cadd2d90 code [0x00000243cadd2f40, 0x00000243cadd2ff8]
Event: 52.892 Thread 0x00000243d9710800 9405       1       com.sun.xml.bind.v2.model.impl.ElementPropertyInfoImpl::ref (5 bytes)
Event: 52.892 Thread 0x00000243d9710800 nmethod 9405 0x00000243cadd3090 code [0x00000243cadd3240, 0x00000243cadd32f8]
Event: 52.893 Thread 0x00000243d9710800 9406       3       com.sun.xml.bind.v2.model.impl.ElementPropertyInfoImpl$1::size (13 bytes)
Event: 52.894 Thread 0x00000243d9710800 nmethod 9406 0x00000243c471ab10 code [0x00000243c471ace0, 0x00000243c471af58]
Event: 52.935 Thread 0x00000243d9710800 9407       1       com.sun.xml.bind.v2.model.impl.PropertyInfoImpl::id (5 bytes)
Event: 52.935 Thread 0x00000243d9710800 nmethod 9407 0x00000243cadd3390 code [0x00000243cadd3540, 0x00000243cadd35f8]

GC Heap History (20 events):
Event: 19.477 GC heap before
{Heap before GC invocations=34 (full 0):
 garbage-first heap   total 110592K, used 88605K [0x0000000080000000, 0x0000000100000000)
  region size 1024K, 32 young (32768K), 4 survivors (4096K)
 Metaspace       used 54734K, capacity 56239K, committed 56448K, reserved 1097728K
  class space    used 7167K, capacity 7682K, committed 7808K, reserved 1048576K
}
Event: 19.552 GC heap after
{Heap after GC invocations=35 (full 0):
 garbage-first heap   total 110592K, used 62412K [0x0000000080000000, 0x0000000100000000)
  region size 1024K, 4 young (4096K), 4 survivors (4096K)
 Metaspace       used 54734K, capacity 56239K, committed 56448K, reserved 1097728K
  class space    used 7167K, capacity 7682K, committed 7808K, reserved 1048576K
}
Event: 22.688 GC heap before
{Heap before GC invocations=35 (full 0):
 garbage-first heap   total 110592K, used 89036K [0x0000000080000000, 0x0000000100000000)
  region size 1024K, 30 young (30720K), 4 survivors (4096K)
 Metaspace       used 56296K, capacity 57832K, committed 58112K, reserved 1099776K
  class space    used 7329K, capacity 7865K, committed 7936K, reserved 1048576K
}
Event: 22.717 GC heap after
{Heap after GC invocations=36 (full 0):
 garbage-first heap   total 158720K, used 63303K [0x0000000080000000, 0x0000000100000000)
  region size 1024K, 4 young (4096K), 4 survivors (4096K)
 Metaspace       used 56296K, capacity 57832K, committed 58112K, reserved 1099776K
  class space    used 7329K, capacity 7865K, committed 7936K, reserved 1048576K
}
Event: 31.406 GC heap before
{Heap before GC invocations=37 (full 0):
 garbage-first heap   total 158720K, used 120647K [0x0000000080000000, 0x0000000100000000)
  region size 1024K, 53 young (54272K), 4 survivors (4096K)
 Metaspace       used 57105K, capacity 58699K, committed 59008K, reserved 1099776K
  class space    used 7401K, capacity 7951K, committed 8064K, reserved 1048576K
}
Event: 31.516 GC heap after
{Heap after GC invocations=38 (full 0):
 garbage-first heap   total 158720K, used 80010K [0x0000000080000000, 0x0000000100000000)
  region size 1024K, 7 young (7168K), 7 survivors (7168K)
 Metaspace       used 57105K, capacity 58699K, committed 59008K, reserved 1099776K
  class space    used 7401K, capacity 7951K, committed 8064K, reserved 1048576K
}
Event: 33.783 GC heap before
{Heap before GC invocations=38 (full 0):
 garbage-first heap   total 158720K, used 123018K [0x0000000080000000, 0x0000000100000000)
  region size 1024K, 49 young (50176K), 7 survivors (7168K)
 Metaspace       used 62521K, capacity 64245K, committed 64512K, reserved 1105920K
  class space    used 8117K, capacity 8691K, committed 8704K, reserved 1048576K
}
Event: 33.875 GC heap after
{Heap after GC invocations=39 (full 0):
 garbage-first heap   total 158720K, used 81586K [0x0000000080000000, 0x0000000100000000)
  region size 1024K, 2 young (2048K), 2 survivors (2048K)
 Metaspace       used 62521K, capacity 64245K, committed 64512K, reserved 1105920K
  class space    used 8117K, capacity 8691K, committed 8704K, reserved 1048576K
}
Event: 36.010 GC heap before
{Heap before GC invocations=40 (full 0):
 garbage-first heap   total 158720K, used 123570K [0x0000000080000000, 0x0000000100000000)
  region size 1024K, 44 young (45056K), 2 survivors (2048K)
 Metaspace       used 68334K, capacity 70097K, committed 70144K, reserved 1110016K
  class space    used 8798K, capacity 9445K, committed 9472K, reserved 1048576K
}
Event: 36.067 GC heap after
{Heap after GC invocations=41 (full 0):
 garbage-first heap   total 158720K, used 87040K [0x0000000080000000, 0x0000000100000000)
  region size 1024K, 6 young (6144K), 6 survivors (6144K)
 Metaspace       used 68334K, capacity 70097K, committed 70144K, reserved 1110016K
  class space    used 8798K, capacity 9445K, committed 9472K, reserved 1048576K
}
Event: 37.308 GC heap before
{Heap before GC invocations=41 (full 0):
 garbage-first heap   total 158720K, used 128000K [0x0000000080000000, 0x0000000100000000)
  region size 1024K, 46 young (47104K), 6 survivors (6144K)
 Metaspace       used 71823K, capacity 73655K, committed 73984K, reserved 1114112K
  class space    used 9250K, capacity 9879K, committed 9984K, reserved 1048576K
}
Event: 37.342 GC heap after
{Heap after GC invocations=42 (full 0):
 garbage-first heap   total 210944K, used 87911K [0x0000000080000000, 0x0000000100000000)
  region size 1024K, 3 young (3072K), 3 survivors (3072K)
 Metaspace       used 71823K, capacity 73655K, committed 73984K, reserved 1114112K
  class space    used 9250K, capacity 9879K, committed 9984K, reserved 1048576K
}
Event: 40.416 GC heap before
{Heap before GC invocations=43 (full 0):
 garbage-first heap   total 210944K, used 152423K [0x0000000080000000, 0x0000000100000000)
  region size 1024K, 65 young (66560K), 3 survivors (3072K)
 Metaspace       used 75438K, capacity 77408K, committed 77568K, reserved 1116160K
  class space    used 9698K, capacity 10375K, committed 10496K, reserved 1048576K
}
Event: 40.498 GC heap after
{Heap after GC invocations=44 (full 0):
 garbage-first heap   total 210944K, used 91711K [0x0000000080000000, 0x0000000100000000)
  region size 1024K, 7 young (7168K), 7 survivors (7168K)
 Metaspace       used 75438K, capacity 77408K, committed 77568K, reserved 1116160K
  class space    used 9698K, capacity 10375K, committed 10496K, reserved 1048576K
}
Event: 42.944 GC heap before
{Heap before GC invocations=44 (full 0):
 garbage-first heap   total 210944K, used 158271K [0x0000000080000000, 0x0000000100000000)
  region size 1024K, 72 young (73728K), 7 survivors (7168K)
 Metaspace       used 81650K, capacity 83674K, committed 83840K, reserved 1122304K
  class space    used 10663K, capacity 11365K, committed 11392K, reserved 1048576K
}
Event: 43.061 GC heap after
{Heap after GC invocations=45 (full 0):
 garbage-first heap   total 210944K, used 96179K [0x0000000080000000, 0x0000000100000000)
  region size 1024K, 9 young (9216K), 9 survivors (9216K)
 Metaspace       used 81650K, capacity 83674K, committed 83840K, reserved 1122304K
  class space    used 10663K, capacity 11365K, committed 11392K, reserved 1048576K
}
Event: 45.454 GC heap before
{Heap before GC invocations=45 (full 0):
 garbage-first heap   total 210944K, used 117683K [0x0000000080000000, 0x0000000100000000)
  region size 1024K, 25 young (25600K), 9 survivors (9216K)
 Metaspace       used 83280K, capacity 85359K, committed 85504K, reserved 1122304K
  class space    used 10875K, capacity 11668K, committed 11776K, reserved 1048576K
}
Event: 45.558 GC heap after
{Heap after GC invocations=46 (full 0):
 garbage-first heap   total 210944K, used 104528K [0x0000000080000000, 0x0000000100000000)
  region size 1024K, 7 young (7168K), 7 survivors (7168K)
 Metaspace       used 83280K, capacity 85359K, committed 85504K, reserved 1122304K
  class space    used 10875K, capacity 11668K, committed 11776K, reserved 1048576K
}
Event: 49.455 GC heap before
{Heap before GC invocations=47 (full 0):
 garbage-first heap   total 210944K, used 163920K [0x0000000080000000, 0x0000000100000000)
  region size 1024K, 63 young (64512K), 7 survivors (7168K)
 Metaspace       used 86687K, capacity 88945K, committed 89088K, reserved 1126400K
  class space    used 11325K, capacity 12164K, committed 12288K, reserved 1048576K
}
Event: 49.604 GC heap after
{Heap after GC invocations=48 (full 0):
 garbage-first heap   total 210944K, used 114480K [0x0000000080000000, 0x0000000100000000)
  region size 1024K, 8 young (8192K), 8 survivors (8192K)
 Metaspace       used 86687K, capacity 88945K, committed 89088K, reserved 1126400K
  class space    used 11325K, capacity 12164K, committed 12288K, reserved 1048576K
}

Deoptimization events (20 events):
Event: 51.177 Thread 0x00000243db0f7000 Uncommon trap: trap_request=0xffffff4d fr.pc=0x00000243cad2cb28 relative=0x0000000000000068
Event: 51.177 Thread 0x00000243db0f7000 Uncommon trap: reason=unstable_if action=reinterpret pc=0x00000243cad2cb28 method=org.objectweb.asm.AnnotationWriter.computeAnnotationsSize(Lorg/objectweb/asm/AnnotationWriter;Lorg/objectweb/asm/AnnotationWriter;Lorg/objectweb/asm/AnnotationWriter;Lorg/ob
Event: 51.177 Thread 0x00000243db0f7000 DEOPT PACKING pc=0x00000243cad2cb28 sp=0x000000c50f7f9a10
Event: 51.177 Thread 0x00000243db0f7000 DEOPT UNPACKING pc=0x00000243c2eca1a9 sp=0x000000c50f7f9998 mode 2
Event: 51.177 Thread 0x00000243db0f7000 Uncommon trap: trap_request=0xffffff4d fr.pc=0x00000243cad2aae0 relative=0x00000000000000a0
Event: 51.177 Thread 0x00000243db0f7000 Uncommon trap: reason=unstable_if action=reinterpret pc=0x00000243cad2aae0 method=org.objectweb.asm.AnnotationWriter.putAnnotations(Lorg/objectweb/asm/SymbolTable;Lorg/objectweb/asm/AnnotationWriter;Lorg/objectweb/asm/AnnotationWriter;Lorg/objectweb/asm/A
Event: 51.177 Thread 0x00000243db0f7000 DEOPT PACKING pc=0x00000243cad2aae0 sp=0x000000c50f7f99f0
Event: 51.177 Thread 0x00000243db0f7000 DEOPT UNPACKING pc=0x00000243c2eca1a9 sp=0x000000c50f7f9980 mode 2
Event: 51.203 Thread 0x00000243db0f7000 Uncommon trap: trap_request=0xffffffde fr.pc=0x00000243cac82c64 relative=0x00000000000009a4
Event: 51.203 Thread 0x00000243db0f7000 Uncommon trap: reason=class_check action=maybe_recompile pc=0x00000243cac82c64 method=java.util.regex.Pattern$BnM.match(Ljava/util/regex/Matcher;ILjava/lang/CharSequence;)Z @ 111 c2
Event: 51.203 Thread 0x00000243db0f7000 DEOPT PACKING pc=0x00000243cac82c64 sp=0x000000c50f7fb070
Event: 51.203 Thread 0x00000243db0f7000 DEOPT UNPACKING pc=0x00000243c2eca1a9 sp=0x000000c50f7faf90 mode 2
Event: 51.481 Thread 0x00000243db0f7000 Uncommon trap: trap_request=0xffffff4d fr.pc=0x00000243cac81944 relative=0x00000000000000a4
Event: 51.481 Thread 0x00000243db0f7000 Uncommon trap: reason=unstable_if action=reinterpret pc=0x00000243cac81944 method=java.lang.CharacterDataLatin1.digit(II)I @ 12 c2
Event: 51.481 Thread 0x00000243db0f7000 DEOPT PACKING pc=0x00000243cac81944 sp=0x000000c50f7fa8b0
Event: 51.481 Thread 0x00000243db0f7000 DEOPT UNPACKING pc=0x00000243c2eca1a9 sp=0x000000c50f7fa828 mode 2
Event: 51.749 Thread 0x00000243db0f7000 Uncommon trap: trap_request=0xffffff4d fr.pc=0x00000243cabe2788 relative=0x0000000000001d08
Event: 51.749 Thread 0x00000243db0f7000 Uncommon trap: reason=unstable_if action=reinterpret pc=0x00000243cabe2788 method=sun.nio.fs.WindowsPathParser.normalize(Ljava/lang/StringBuilder;Ljava/lang/String;I)Ljava/lang/String; @ 172 c2
Event: 51.749 Thread 0x00000243db0f7000 DEOPT PACKING pc=0x00000243cabe2788 sp=0x000000c50f7f96f0
Event: 51.749 Thread 0x00000243db0f7000 DEOPT UNPACKING pc=0x00000243c2eca1a9 sp=0x000000c50f7f96e0 mode 2

Classes redefined (0 events):
No events

Internal exceptions (20 events):
Event: 48.617 Thread 0x00000243db0f7000 Exception <a 'java/lang/ClassNotFoundException'{0x000000008a770d80}: org/gradle/internal/extensibility/DefaultConventionBeanInfo> (0x000000008a770d80) thrown at [./src/hotspot/share/classfile/systemDictionary.cpp, line 231]
Event: 48.619 Thread 0x00000243db0f7000 Exception <a 'java/lang/ClassNotFoundException'{0x000000008a787158}: org/gradle/internal/extensibility/DefaultConventionCustomizer> (0x000000008a787158) thrown at [./src/hotspot/share/classfile/systemDictionary.cpp, line 231]
Event: 48.639 Thread 0x00000243db0f7000 Exception <a 'java/lang/ClassNotFoundException'{0x000000008a62eb18}: org/gradle/internal/extensibility/DefaultExtensionsSchemaBeanInfo> (0x000000008a62eb18) thrown at [./src/hotspot/share/classfile/systemDictionary.cpp, line 231]
Event: 48.640 Thread 0x00000243db0f7000 Exception <a 'java/lang/ClassNotFoundException'{0x000000008a645eb0}: org/gradle/internal/extensibility/DefaultExtensionsSchemaCustomizer> (0x000000008a645eb0) thrown at [./src/hotspot/share/classfile/systemDictionary.cpp, line 231]
Event: 48.644 Thread 0x00000243db0f7000 Exception <a 'java/lang/ClassNotFoundException'{0x000000008a685460}: org/gradle/internal/extensibility/ExtensionsStorage$ExtensionHolderBeanInfo> (0x000000008a685460) thrown at [./src/hotspot/share/classfile/systemDictionary.cpp, line 231]
Event: 48.645 Thread 0x00000243db0f7000 Exception <a 'java/lang/ClassNotFoundException'{0x000000008a69db48}: org/gradle/internal/extensibility/ExtensionsStorage$ExtensionHolderCustomizer> (0x000000008a69db48) thrown at [./src/hotspot/share/classfile/systemDictionary.cpp, line 231]
Event: 48.683 Thread 0x00000243db0f7000 Exception <a 'java/lang/ClassNotFoundException'{0x000000008a4d5010}: org/codehaus/groovy/runtime/NullObjectBeanInfo> (0x000000008a4d5010) thrown at [./src/hotspot/share/classfile/systemDictionary.cpp, line 231]
Event: 48.696 Thread 0x00000243db0f7000 Exception <a 'java/lang/ClassNotFoundException'{0x000000008a2a9ec8}: org/codehaus/groovy/runtime/NullObjectCustomizer> (0x000000008a2a9ec8) thrown at [./src/hotspot/share/classfile/systemDictionary.cpp, line 231]
Event: 48.965 Thread 0x00000243db0f7000 Exception <a 'java/lang/ClassNotFoundException'{0x0000000089ad9560}: org/gradle/api/internal/tasks/DefaultSourceSetContainer_DecoratedBeanInfo> (0x0000000089ad9560) thrown at [./src/hotspot/share/classfile/systemDictionary.cpp, line 231]
Event: 48.967 Thread 0x00000243db0f7000 Exception <a 'java/lang/ClassNotFoundException'{0x0000000089afb2a0}: org/gradle/api/internal/tasks/DefaultSourceSetContainerBeanInfo> (0x0000000089afb2a0) thrown at [./src/hotspot/share/classfile/systemDictionary.cpp, line 231]
Event: 48.968 Thread 0x00000243db0f7000 Exception <a 'java/lang/ClassNotFoundException'{0x000000008991d558}: org/gradle/api/internal/tasks/DefaultSourceSetContainerCustomizer> (0x000000008991d558) thrown at [./src/hotspot/share/classfile/systemDictionary.cpp, line 231]
Event: 48.970 Thread 0x00000243db0f7000 Exception <a 'java/lang/ClassNotFoundException'{0x000000008994e070}: org/gradle/api/internal/tasks/DefaultSourceSetContainer_DecoratedCustomizer> (0x000000008994e070) thrown at [./src/hotspot/share/classfile/systemDictionary.cpp, line 231]
Event: 49.305 Thread 0x00000243db0f7000 Exception <a 'java/lang/NoSuchMethodError'{0x000000008933e350}: <clinit>> (0x000000008933e350) thrown at [./src/hotspot/share/prims/jni.cpp, line 1365]
Event: 49.308 Thread 0x00000243db0f7000 Exception <a 'java/lang/NoSuchMethodError'{0x000000008934fc58}: <clinit>> (0x000000008934fc58) thrown at [./src/hotspot/share/prims/jni.cpp, line 1365]
Event: 49.313 Thread 0x00000243db0f7000 Exception <a 'java/lang/NoSuchMethodError'{0x00000000893656d0}: <clinit>> (0x00000000893656d0) thrown at [./src/hotspot/share/prims/jni.cpp, line 1365]
Event: 49.319 Thread 0x00000243db0f7000 Exception <a 'java/lang/NoSuchMethodError'{0x00000000893a5140}: <clinit>> (0x00000000893a5140) thrown at [./src/hotspot/share/prims/jni.cpp, line 1365]
Event: 49.320 Thread 0x00000243db0f7000 Exception <a 'java/lang/NoSuchMethodError'{0x00000000893b2b80}: <clinit>> (0x00000000893b2b80) thrown at [./src/hotspot/share/prims/jni.cpp, line 1365]
Event: 51.575 Thread 0x00000243db0f7000 Exception <a 'sun/nio/fs/WindowsException'{0x000000008be6a4c0}> (0x000000008be6a4c0) thrown at [./src/hotspot/share/prims/jni.cpp, line 615]
Event: 51.576 Thread 0x00000243db0f7000 Exception <a 'sun/nio/fs/WindowsException'{0x000000008be6a888}> (0x000000008be6a888) thrown at [./src/hotspot/share/prims/jni.cpp, line 615]
Event: 52.376 Thread 0x00000243db0f7000 Exception <a 'java/lang/NullPointerException'{0x000000008b5ee378}> (0x000000008b5ee378) thrown at [./src/hotspot/share/interpreter/linkResolver.cpp, line 1440]

Events (20 events):
Event: 52.923 loading class com/sun/xml/bind/v2/ClassFactory$1
Event: 52.923 loading class com/sun/xml/bind/v2/ClassFactory$1 done
Event: 52.924 loading class java/lang/ExceptionInInitializerError
Event: 52.927 loading class java/lang/ExceptionInInitializerError done
Event: 52.929 loading class com/sun/xml/bind/v2/runtime/property/ValueProperty
Event: 52.929 loading class com/sun/xml/bind/v2/runtime/property/ValueProperty done
Event: 52.930 loading class com/sun/xml/bind/v2/runtime/unmarshaller/ValuePropertyLoader
Event: 52.930 loading class com/sun/xml/bind/v2/runtime/unmarshaller/ValuePropertyLoader done
Event: 52.932 loading class com/sun/istack/SAXException2
Event: 52.932 loading class com/sun/istack/SAXException2 done
Event: 52.932 loading class com/sun/xml/bind/v2/runtime/unmarshaller/LocatorEx
Event: 52.932 loading class com/sun/xml/bind/v2/runtime/unmarshaller/LocatorEx done
Event: 52.933 loading class com/sun/xml/bind/v2/runtime/unmarshaller/Patcher
Event: 52.933 loading class com/sun/xml/bind/v2/runtime/unmarshaller/Patcher done
Event: 52.935 loading class javax/xml/bind/annotation/DomHandler
Event: 52.935 loading class javax/xml/bind/annotation/DomHandler done
Event: 52.936 loading class com/sun/xml/bind/v2/runtime/unmarshaller/DomLoader
Event: 52.936 loading class com/sun/xml/bind/v2/runtime/unmarshaller/DomLoader done
Event: 52.938 loading class javax/xml/bind/annotation/W3CDomHandler
Event: 52.938 loading class javax/xml/bind/annotation/W3CDomHandler done


Dynamic libraries:
0x00007ff6b8af0000 - 0x00007ff6b8afa000 	D:\android_1\jre\bin\java.exe
0x00007ff86cd70000 - 0x00007ff86cf68000 	C:\WINDOWS\SYSTEM32\ntdll.dll
0x00007ff86ba50000 - 0x00007ff86bb0d000 	C:\WINDOWS\System32\KERNEL32.DLL
0x00007ff86a750000 - 0x00007ff86aa1e000 	C:\WINDOWS\System32\KERNELBASE.dll
0x00007ff86ab00000 - 0x00007ff86ac00000 	C:\WINDOWS\System32\ucrtbase.dll
0x00007ff864210000 - 0x00007ff864229000 	D:\android_1\jre\bin\jli.dll
0x00007ff863fe0000 - 0x00007ff863ff7000 	D:\android_1\jre\bin\VCRUNTIME140.dll
0x00007ff86add0000 - 0x00007ff86af70000 	C:\WINDOWS\System32\USER32.dll
0x00007ff86aad0000 - 0x00007ff86aaf2000 	C:\WINDOWS\System32\win32u.dll
0x00007ff855d30000 - 0x00007ff855fca000 	C:\WINDOWS\WinSxS\amd64_microsoft.windows.common-controls_6595b64144ccf1df_6.0.19041.1110_none_60b5254171f9507e\COMCTL32.dll
0x00007ff86b500000 - 0x00007ff86b52a000 	C:\WINDOWS\System32\GDI32.dll
0x00007ff86acc0000 - 0x00007ff86adcb000 	C:\WINDOWS\System32\gdi32full.dll
0x00007ff86a4c0000 - 0x00007ff86a55d000 	C:\WINDOWS\System32\msvcp_win.dll
0x00007ff86b2c0000 - 0x00007ff86b35e000 	C:\WINDOWS\System32\msvcrt.dll
0x00007ff86bd70000 - 0x00007ff86bda0000 	C:\WINDOWS\System32\IMM32.DLL
0x00007ff83a810000 - 0x00007ff83a8ad000 	D:\android_1\jre\bin\msvcp140.dll
0x00007ff837ad0000 - 0x00007ff8385b5000 	D:\android_1\jre\bin\server\jvm.dll
0x00007ff86b3f0000 - 0x00007ff86b49e000 	C:\WINDOWS\System32\ADVAPI32.dll
0x00007ff86be80000 - 0x00007ff86bf1c000 	C:\WINDOWS\System32\sechost.dll
0x00007ff86c890000 - 0x00007ff86c9b5000 	C:\WINDOWS\System32\RPCRT4.dll
0x00007ff86cd20000 - 0x00007ff86cd28000 	C:\WINDOWS\System32\PSAPI.DLL
0x00007ff84e640000 - 0x00007ff84e667000 	C:\WINDOWS\SYSTEM32\WINMM.dll
0x00007ff8640e0000 - 0x00007ff8640ea000 	C:\WINDOWS\SYSTEM32\VERSION.dll
0x00007ff8550a0000 - 0x00007ff8550a9000 	C:\WINDOWS\SYSTEM32\WSOCK32.dll
0x00007ff86c820000 - 0x00007ff86c88b000 	C:\WINDOWS\System32\ws2_32.DLL
0x00007ff868d70000 - 0x00007ff868d82000 	C:\WINDOWS\SYSTEM32\kernel.appcore.dll
0x00007ff8645f0000 - 0x00007ff864601000 	D:\android_1\jre\bin\verify.dll
0x00007ff868a30000 - 0x00007ff868c14000 	C:\WINDOWS\SYSTEM32\DBGHELP.DLL
0x00007ff851430000 - 0x00007ff85145c000 	C:\WINDOWS\SYSTEM32\dbgcore.DLL
0x00007ff86a560000 - 0x00007ff86a5e2000 	C:\WINDOWS\System32\bcryptPrimitives.dll
0x00007ff854b10000 - 0x00007ff854b39000 	D:\android_1\jre\bin\java.dll
0x00007ff866eb0000 - 0x00007ff866ebb000 	D:\android_1\jre\bin\jimage.dll
0x00007ff8644f0000 - 0x00007ff864508000 	D:\android_1\jre\bin\zip.dll
0x00007ff86c060000 - 0x00007ff86c7a4000 	C:\WINDOWS\System32\SHELL32.dll
0x00007ff8681c0000 - 0x00007ff868954000 	C:\WINDOWS\SYSTEM32\windows.storage.dll
0x00007ff86c9c0000 - 0x00007ff86cd14000 	C:\WINDOWS\System32\combase.dll
0x00007ff869e20000 - 0x00007ff869e50000 	C:\WINDOWS\SYSTEM32\Wldp.dll
0x00007ff86bcc0000 - 0x00007ff86bd6d000 	C:\WINDOWS\System32\SHCORE.dll
0x00007ff86be20000 - 0x00007ff86be75000 	C:\WINDOWS\System32\shlwapi.dll
0x00007ff86a3d0000 - 0x00007ff86a3ef000 	C:\WINDOWS\SYSTEM32\profapi.dll
0x00007ff860d60000 - 0x00007ff860d7a000 	D:\android_1\jre\bin\net.dll
0x00007ff85ff50000 - 0x00007ff86005a000 	C:\WINDOWS\SYSTEM32\WINHTTP.dll
0x00007ff869b80000 - 0x00007ff869bea000 	C:\WINDOWS\system32\mswsock.dll
0x00007ff85e970000 - 0x00007ff85e984000 	D:\android_1\jre\bin\nio.dll
0x00007ff864230000 - 0x00007ff864257000 	C:\Users\Acer\.gradle\native\e1d6ef7f7dcc3fd88c89a11ec53ec762bb8ba0a96d01ffa2cd45eb1d1d8dd5c5\windows-amd64\native-platform.dll
0x00007ff82bb50000 - 0x00007ff82bc94000 	C:\Users\Acer\.gradle\native\5664cfc778a61ccfe75a443a1ab52a65af34e5dc3c78e0209fed803814484fcb\windows-amd64\native-platform-file-events.dll
0x00007ff8646d0000 - 0x00007ff8646da000 	D:\android_1\jre\bin\management.dll
0x00007ff864580000 - 0x00007ff86458d000 	D:\android_1\jre\bin\management_ext.dll
0x00007ff869d80000 - 0x00007ff869d98000 	C:\WINDOWS\SYSTEM32\CRYPTSP.dll
0x00007ff869500000 - 0x00007ff869534000 	C:\WINDOWS\system32\rsaenh.dll
0x00007ff86a490000 - 0x00007ff86a4b7000 	C:\WINDOWS\System32\bcrypt.dll
0x00007ff86a390000 - 0x00007ff86a3be000 	C:\WINDOWS\SYSTEM32\USERENV.dll
0x00007ff869d70000 - 0x00007ff869d7c000 	C:\WINDOWS\SYSTEM32\CRYPTBASE.dll
0x00007ff869870000 - 0x00007ff8698ab000 	C:\WINDOWS\SYSTEM32\IPHLPAPI.DLL
0x00007ff86c7b0000 - 0x00007ff86c7b8000 	C:\WINDOWS\System32\NSI.dll
0x00007ff860f10000 - 0x00007ff860f27000 	C:\WINDOWS\SYSTEM32\dhcpcsvc6.DLL
0x00007ff861610000 - 0x00007ff86162d000 	C:\WINDOWS\SYSTEM32\dhcpcsvc.DLL
0x00007ff8698b0000 - 0x00007ff86997b000 	C:\WINDOWS\SYSTEM32\DNSAPI.dll

dbghelp: loaded successfully - version: 4.0.5 - missing functions: none
symbol engine: initialized successfully - sym options: 0x614 - pdb path: .;D:\android_1\jre\bin;C:\WINDOWS\SYSTEM32;C:\WINDOWS\WinSxS\amd64_microsoft.windows.common-controls_6595b64144ccf1df_6.0.19041.1110_none_60b5254171f9507e;D:\android_1\jre\bin\server;C:\Users\Acer\.gradle\native\e1d6ef7f7dcc3fd88c89a11ec53ec762bb8ba0a96d01ffa2cd45eb1d1d8dd5c5\windows-amd64;C:\Users\Acer\.gradle\native\5664cfc778a61ccfe75a443a1ab52a65af34e5dc3c78e0209fed803814484fcb\windows-amd64

VM Arguments:
jvm_args: --add-opens=java.base/java.util=ALL-UNNAMED --add-opens=java.base/java.lang=ALL-UNNAMED --add-opens=java.base/java.lang.invoke=ALL-UNNAMED --add-opens=java.base/java.util=ALL-UNNAMED --add-opens=java.prefs/java.util.prefs=ALL-UNNAMED --add-opens=java.prefs/java.util.prefs=ALL-UNNAMED --add-opens=java.base/java.nio.charset=ALL-UNNAMED --add-opens=java.base/java.net=ALL-UNNAMED --add-opens=java.base/java.util.concurrent.atomic=ALL-UNNAMED -Xmx2048m -Dfile.encoding=UTF-8 -Duser.country=BR -Duser.language=pt -Duser.variant 
java_command: org.gradle.launcher.daemon.bootstrap.GradleDaemon 7.3.3
java_class_path (initial): C:\Users\Acer\.gradle\wrapper\dists\gradle-7.3.3-bin\6a41zxkdtcxs8rphpq6y0069z\gradle-7.3.3\lib\gradle-launcher-7.3.3.jar
Launcher Type: SUN_STANDARD

[Global flags]
     intx CICompilerCount                          = 3                                         {product} {ergonomic}
     uint ConcGCThreads                            = 1                                         {product} {ergonomic}
     uint G1ConcRefinementThreads                  = 4                                         {product} {ergonomic}
   size_t G1HeapRegionSize                         = 1048576                                   {product} {ergonomic}
    uintx GCDrainStackTargetSize                   = 64                                        {product} {ergonomic}
   size_t InitialHeapSize                          = 65011712                                  {product} {ergonomic}
   size_t MarkStackSize                            = 4194304                                   {product} {ergonomic}
   size_t MaxHeapSize                              = 2147483648                                {product} {command line}
   size_t MaxNewSize                               = 1287651328                                {product} {ergonomic}
   size_t MinHeapDeltaBytes                        = 1048576                                   {product} {ergonomic}
    uintx NonNMethodCodeHeapSize                   = 5830732                                {pd product} {ergonomic}
    uintx NonProfiledCodeHeapSize                  = 122913754                              {pd product} {ergonomic}
    uintx ProfiledCodeHeapSize                     = 122913754                              {pd product} {ergonomic}
    uintx ReservedCodeCacheSize                    = 251658240                              {pd product} {ergonomic}
     bool SegmentedCodeCache                       = true                                      {product} {ergonomic}
     bool UseCompressedClassPointers               = true                                 {lp64_product} {ergonomic}
     bool UseCompressedOops                        = true                                 {lp64_product} {ergonomic}
     bool UseG1GC                                  = true                                      {product} {ergonomic}
     bool UseLargePagesIndividualAllocation        = false                                  {pd product} {ergonomic}

Logging:
Log output configuration:
 #0: stdout all=warning uptime,level,tags
 #1: stderr all=off uptime,level,tags

Environment Variables:
PATH=C:\WINDOWS\system32;C:\WINDOWS;C:\WINDOWS\System32\Wbem;C:\WINDOWS\System32\WindowsPowerShell\v1.0\;C:\WINDOWS\System32\OpenSSH\;C:\Program Files\Git\cmd;C:\Program Files\nodejs\;C:\Users\Acer\AppData\Local\Microsoft\WindowsApps;C:\Users\Acer\AppData\Local\GitHubDesktop\bin;C:\Users\Acer\AppData\Local\Programs\Microsoft VS Code\bin;C:\Users\Acer\AppData\Roaming\npm;
USERNAME=Acer
OS=Windows_NT
PROCESSOR_IDENTIFIER=Intel64 Family 6 Model 122 Stepping 8, GenuineIntel



---------------  S Y S T E M  ---------------

OS: Windows 10 , 64 bit Build 19041 (10.0.19041.1806)
OS uptime: 0 days 2:14 hours

CPU:total 4 (initial active 4) (4 cores per cpu, 1 threads per core) family 6 model 122 stepping 8 microcode 0xc, cmov, cx8, fxsr, mmx, sse, sse2, sse3, ssse3, sse4.1, sse4.2, popcnt, aes, clmul, erms, 3dnowpref, tsc, tscinvbit, sha

Memory: 4k page, system-wide physical 3899M (104M free)
TotalPageFile size 5282M (AvailPageFile size 6M)
current process WorkingSet (physical memory assigned to process): 227M, peak: 240M
current process commit charge ("private bytes"): 468M, peak: 469M

vm_info: OpenJDK 64-Bit Server VM (11.0.12+7-b1504.28-7817840) for windows-amd64 JRE (11.0.12+7-b1504.28-7817840), built on Oct 13 2021 22:12:33 by "builder" with MS VC++ 14.0 (VS2015)

END.
