#
# There is insufficient memory for the Java Runtime Environment to continue.
# Native memory allocation (malloc) failed to allocate 1148896 bytes for Chunk::new
# Possible reasons:
#   The system is out of physical RAM or swap space
#   The process is running with CompressedOops enabled, and the Java Heap may be blocking the growth of the native heap
# Possible solutions:
#   Reduce memory load on the system
#   Increase physical memory or swap space
#   Check if swap backing store is full
#   Decrease Java heap size (-Xmx/-Xms)
#   Decrease number of Java threads
#   Decrease Java thread stack sizes (-Xss)
#   Set larger code cache with -XX:ReservedCodeCacheSize=
#   JVM is running with Unscaled Compressed Oops mode in which the Java heap is
#     placed in the first 4GB address space. The Java Heap base address is the
#     maximum limit for the native heap growth. Please use -XX:HeapBaseMinAddress
#     to set the Java Heap base and to place the Java Heap above 4GB virtual address.
# This output file may be truncated or incomplete.
#
#  Out of Memory Error (./src/hotspot/share/memory/arena.cpp:197), pid=1240, tid=4936
#
# JRE version: OpenJDK Runtime Environment (11.0.12+7) (build 11.0.12+7-b1504.28-7817840)
# Java VM: OpenJDK 64-Bit Server VM (11.0.12+7-b1504.28-7817840, mixed mode, tiered, compressed oops, g1 gc, windows-amd64)
# No core dump will be written. Minidumps are not enabled by default on client versions of Windows
#

---------------  S U M M A R Y ------------

Command Line: --add-opens=java.base/java.util=ALL-UNNAMED --add-opens=java.base/java.lang=ALL-UNNAMED --add-opens=java.base/java.lang.invoke=ALL-UNNAMED --add-opens=java.base/java.util=ALL-UNNAMED --add-opens=java.prefs/java.util.prefs=ALL-UNNAMED --add-opens=java.prefs/java.util.prefs=ALL-UNNAMED --add-opens=java.base/java.nio.charset=ALL-UNNAMED --add-opens=java.base/java.net=ALL-UNNAMED --add-opens=java.base/java.util.concurrent.atomic=ALL-UNNAMED -Xmx2048m -Dfile.encoding=UTF-8 -Duser.country=BR -Duser.language=pt -Duser.variant org.gradle.launcher.daemon.bootstrap.GradleDaemon 7.3.3

Host: Intel(R) Celeron(R) N4120 CPU @ 1.10GHz, 4 cores, 3G,  Windows 10 , 64 bit Build 19041 (10.0.19041.1806)
Time: Mon Aug  1 17:11:16 2022 H. de Verão da Europa Ocidental elapsed time: 563.015639 seconds (0d 0h 9m 23s)

---------------  T H R E A D  ---------------

Current thread (0x000002adfdd90000):  JavaThread "C2 CompilerThread0" daemon [_thread_in_native, id=4936, stack(0x000000d1e8800000,0x000000d1e8900000)]


Current CompileTask:
C2: 563017 10443 %     4       org.gradle.internal.instantiation.generator.AbstractClassGenerator::inspectType @ 107 (560 bytes)

Stack: [0x000000d1e8800000,0x000000d1e8900000]
Native frames: (J=compiled Java code, j=interpreted, Vv=VM code, C=native code)
V  [jvm.dll+0x5fbcea]
V  [jvm.dll+0x731905]
V  [jvm.dll+0x732f1d]
V  [jvm.dll+0x7335d3]
V  [jvm.dll+0x247bf8]
V  [jvm.dll+0xc018c]
V  [jvm.dll+0xc06cc]
V  [jvm.dll+0x2bcc04]
V  [jvm.dll+0x5113a8]
V  [jvm.dll+0x201c5a]
V  [jvm.dll+0x1ff71f]
V  [jvm.dll+0x18868c]
V  [jvm.dll+0x20e0d7]
V  [jvm.dll+0x20c901]
V  [jvm.dll+0x6f9b7f]
V  [jvm.dll+0x6f26a5]
V  [jvm.dll+0x5fabf6]
C  [ucrtbase.dll+0x21bb2]
C  [KERNEL32.DLL+0x17034]
C  [ntdll.dll+0x52651]


---------------  P R O C E S S  ---------------

Threads class SMR info:
_java_thread_list=0x000002ad82f15440, length=78, elements={
0x000002ade21f8800, 0x000002adfdd2c800, 0x000002adfdd36000, 0x000002adfdd85800,
0x000002adfdd87800, 0x000002adfdd89000, 0x000002adfdd90000, 0x000002adfdd96800,
0x000002adfdd99800, 0x000002adfe843800, 0x000002ad803a8800, 0x000002ad81734800,
0x000002ad812cf800, 0x000002ad801e6800, 0x000002ad801e7000, 0x000002ad801e3000,
0x000002ad801e2800, 0x000002ad801e9000, 0x000002ad801e4000, 0x000002ad801e4800,
0x000002ad81742000, 0x000002ad81744800, 0x000002ad81745800, 0x000002ad81741800,
0x000002ad83612800, 0x000002ad83611800, 0x000002ad83614000, 0x000002ad83613800,
0x000002ad83615000, 0x000002ad8360f800, 0x000002ad83610000, 0x000002ad83616000,
0x000002ad83616800, 0x000002ad83611000, 0x000002ad8361b800, 0x000002ad8361d000,
0x000002ad8361c800, 0x000002ad83617800, 0x000002ad8361e000, 0x000002ad83618800,
0x000002ad83619000, 0x000002ad8361a000, 0x000002ad8361a800, 0x000002ad81743800,
0x000002ad81748000, 0x000002ad81746000, 0x000002ad81748800, 0x000002ad81743000,
0x000002ad8174f000, 0x000002ad8174c000, 0x000002ad8174d800, 0x000002ad81750000,
0x000002ad8174b000, 0x000002ad8174c800, 0x000002ad8174a000, 0x000002ad8174e800,
0x000002ad801e8000, 0x000002ad801e5800, 0x000002ad81d9e800, 0x000002ad81d9d800,
0x000002ad81d9c000, 0x000002ad81d9a800, 0x000002ad81d9b000, 0x000002ad81d98800,
0x000002ad81d9d000, 0x000002ad81d9f800, 0x000002ad81d99800, 0x000002ad81da5000,
0x000002ad81da3800, 0x000002ad81da6000, 0x000002ad81da1800, 0x000002ad81da0000,
0x000002ad81da6800, 0x000002ad81da4000, 0x000002ad81da2800, 0x000002ad81da1000,
0x000002ad81da7800, 0x000002ad81d12000
}

Java Threads: ( => current thread )
  0x000002ade21f8800 JavaThread "main" [_thread_blocked, id=8424, stack(0x000000d1e7c00000,0x000000d1e7d00000)]
  0x000002adfdd2c800 JavaThread "Reference Handler" daemon [_thread_blocked, id=128, stack(0x000000d1e8300000,0x000000d1e8400000)]
  0x000002adfdd36000 JavaThread "Finalizer" daemon [_thread_blocked, id=8452, stack(0x000000d1e8400000,0x000000d1e8500000)]
  0x000002adfdd85800 JavaThread "Signal Dispatcher" daemon [_thread_blocked, id=10576, stack(0x000000d1e8500000,0x000000d1e8600000)]
  0x000002adfdd87800 JavaThread "Attach Listener" daemon [_thread_blocked, id=8788, stack(0x000000d1e8600000,0x000000d1e8700000)]
  0x000002adfdd89000 JavaThread "Service Thread" daemon [_thread_blocked, id=7244, stack(0x000000d1e8700000,0x000000d1e8800000)]
=>0x000002adfdd90000 JavaThread "C2 CompilerThread0" daemon [_thread_in_native, id=4936, stack(0x000000d1e8800000,0x000000d1e8900000)]
  0x000002adfdd96800 JavaThread "C1 CompilerThread0" daemon [_thread_blocked, id=11172, stack(0x000000d1e8900000,0x000000d1e8a00000)]
  0x000002adfdd99800 JavaThread "Sweeper thread" daemon [_thread_blocked, id=9608, stack(0x000000d1e8a00000,0x000000d1e8b00000)]
  0x000002adfe843800 JavaThread "Common-Cleaner" daemon [_thread_blocked, id=10528, stack(0x000000d1e8b00000,0x000000d1e8c00000)]
  0x000002ad803a8800 JavaThread "Daemon health stats" [_thread_blocked, id=8916, stack(0x000000d1e8e00000,0x000000d1e8f00000)]
  0x000002ad81734800 JavaThread "Incoming local TCP Connector on port 50275" [_thread_in_native, id=5952, stack(0x000000d1e8f00000,0x000000d1e9000000)]
  0x000002ad812cf800 JavaThread "Daemon periodic checks" [_thread_blocked, id=7528, stack(0x000000d1e9000000,0x000000d1e9100000)]
  0x000002ad801e6800 JavaThread "Cache worker for journal cache (C:\Users\Acer\.gradle\caches\journal-1)" [_thread_blocked, id=7192, stack(0x000000d1e9a00000,0x000000d1e9b00000)]
  0x000002ad801e7000 JavaThread "File lock request listener" [_thread_in_native, id=2732, stack(0x000000d1e9b00000,0x000000d1e9c00000)]
  0x000002ad801e3000 JavaThread "Cache worker for file hash cache (C:\Users\Acer\.gradle\caches\7.3.3\fileHashes)" [_thread_blocked, id=5432, stack(0x000000d1e9c00000,0x000000d1e9d00000)]
  0x000002ad801e2800 JavaThread "File watcher server" daemon [_thread_in_native, id=10904, stack(0x000000d1e9e00000,0x000000d1e9f00000)]
  0x000002ad801e9000 JavaThread "File watcher consumer" daemon [_thread_blocked, id=5824, stack(0x000000d1e9f00000,0x000000d1ea000000)]
  0x000002ad801e4000 JavaThread "jar transforms" [_thread_blocked, id=6044, stack(0x000000d1ea000000,0x000000d1ea100000)]
  0x000002ad801e4800 JavaThread "jar transforms Thread 2" [_thread_blocked, id=9296, stack(0x000000d1ea100000,0x000000d1ea200000)]
  0x000002ad81742000 JavaThread "jar transforms Thread 3" [_thread_blocked, id=5260, stack(0x000000d1ea200000,0x000000d1ea300000)]
  0x000002ad81744800 JavaThread "jar transforms Thread 4" [_thread_blocked, id=7904, stack(0x000000d1ea300000,0x000000d1ea400000)]
  0x000002ad81745800 JavaThread "Cache worker for execution history cache (C:\Users\Acer\.gradle\caches\7.3.3\executionHistory)" [_thread_blocked, id=3608, stack(0x000000d1ea700000,0x000000d1ea800000)]
  0x000002ad81741800 JavaThread "Cache worker for file content cache (C:\Users\Acer\.gradle\caches\7.3.3\fileContent)" [_thread_blocked, id=9096, stack(0x000000d1ea800000,0x000000d1ea900000)]
  0x000002ad83612800 JavaThread "Memory manager" [_thread_blocked, id=3284, stack(0x000000d1ed000000,0x000000d1ed100000)]
  0x000002ad83611800 JavaThread "Daemon Thread 3" [_thread_blocked, id=1396, stack(0x000000d1e7900000,0x000000d1e7a00000)]
  0x000002ad83614000 JavaThread "Handler for socket connection from /127.0.0.1:50275 to /127.0.0.1:50383" [_thread_in_native, id=11152, stack(0x000000d1e7a00000,0x000000d1e7b00000)]
  0x000002ad83613800 JavaThread "Cancel handler" [_thread_blocked, id=1824, stack(0x000000d1e7b00000,0x000000d1e7c00000)]
  0x000002ad83615000 JavaThread "Daemon worker Thread 3" [_thread_in_Java, id=5288, stack(0x000000d1e9100000,0x000000d1e9200000)]
  0x000002ad8360f800 JavaThread "Asynchronous log dispatcher for DefaultDaemonConnection: socket connection from /127.0.0.1:50275 to /127.0.0.1:50383" [_thread_blocked, id=8220, stack(0x000000d1e9200000,0x000000d1e9300000)]
  0x000002ad83610000 JavaThread "Stdin handler" [_thread_blocked, id=3196, stack(0x000000d1e9300000,0x000000d1e9400000)]
  0x000002ad83616000 JavaThread "Daemon client event forwarder" [_thread_blocked, id=10804, stack(0x000000d1e9400000,0x000000d1e9500000)]
  0x000002ad83616800 JavaThread "Cache worker for file hash cache (D:\BusinessCard\.gradle\7.3.3\fileHashes)" [_thread_blocked, id=10056, stack(0x000000d1e9500000,0x000000d1e9600000)]
  0x000002ad83611000 JavaThread "Cache worker for checksums cache (D:\BusinessCard\.gradle\7.3.3\checksums)" [_thread_blocked, id=9992, stack(0x000000d1e9600000,0x000000d1e9700000)]
  0x000002ad8361b800 JavaThread "Cache worker for cache directory md-supplier (C:\Users\Acer\.gradle\caches\7.3.3\md-supplier)" [_thread_blocked, id=8628, stack(0x000000d1e9700000,0x000000d1e9800000)]
  0x000002ad8361d000 JavaThread "Cache worker for cache directory md-rule (C:\Users\Acer\.gradle\caches\7.3.3\md-rule)" [_thread_blocked, id=5364, stack(0x000000d1e9d00000,0x000000d1e9e00000)]
  0x000002ad8361c800 JavaThread "Cache worker for dependencies-accessors (D:\BusinessCard\.gradle\7.3.3\dependencies-accessors)" [_thread_blocked, id=4892, stack(0x000000d1ea400000,0x000000d1ea500000)]
  0x000002ad83617800 JavaThread "Cache worker for Build Output Cleanup Cache (D:\BusinessCard\.gradle\buildOutputCleanup)" [_thread_blocked, id=4688, stack(0x000000d1ea500000,0x000000d1ea600000)]
  0x000002ad8361e000 JavaThread "Unconstrained build operations" [_thread_blocked, id=4064, stack(0x000000d1ea600000,0x000000d1ea700000)]
  0x000002ad83618800 JavaThread "Unconstrained build operations Thread 2" [_thread_blocked, id=7720, stack(0x000000d1ea900000,0x000000d1eaa00000)]
  0x000002ad83619000 JavaThread "Unconstrained build operations Thread 3" [_thread_blocked, id=10604, stack(0x000000d1eaa00000,0x000000d1eab00000)]
  0x000002ad8361a000 JavaThread "Unconstrained build operations Thread 4" [_thread_blocked, id=10464, stack(0x000000d1eab00000,0x000000d1eac00000)]
  0x000002ad8361a800 JavaThread "Unconstrained build operations Thread 5" [_thread_blocked, id=6792, stack(0x000000d1eac00000,0x000000d1ead00000)]
  0x000002ad81743800 JavaThread "Unconstrained build operations Thread 6" [_thread_blocked, id=9104, stack(0x000000d1ead00000,0x000000d1eae00000)]
  0x000002ad81748000 JavaThread "Unconstrained build operations Thread 7" [_thread_blocked, id=10936, stack(0x000000d1eae00000,0x000000d1eaf00000)]
  0x000002ad81746000 JavaThread "Unconstrained build operations Thread 8" [_thread_blocked, id=9108, stack(0x000000d1eaf00000,0x000000d1eb000000)]
  0x000002ad81748800 JavaThread "Unconstrained build operations Thread 9" [_thread_blocked, id=6816, stack(0x000000d1eb000000,0x000000d1eb100000)]
  0x000002ad81743000 JavaThread "Unconstrained build operations Thread 10" [_thread_blocked, id=3692, stack(0x000000d1eb100000,0x000000d1eb200000)]
  0x000002ad8174f000 JavaThread "Unconstrained build operations Thread 11" [_thread_blocked, id=8716, stack(0x000000d1eb200000,0x000000d1eb300000)]
  0x000002ad8174c000 JavaThread "Unconstrained build operations Thread 12" [_thread_blocked, id=6356, stack(0x000000d1eb300000,0x000000d1eb400000)]
  0x000002ad8174d800 JavaThread "Unconstrained build operations Thread 13" [_thread_blocked, id=1272, stack(0x000000d1eb400000,0x000000d1eb500000)]
  0x000002ad81750000 JavaThread "Unconstrained build operations Thread 14" [_thread_blocked, id=11032, stack(0x000000d1eb500000,0x000000d1eb600000)]
  0x000002ad8174b000 JavaThread "Unconstrained build operations Thread 15" [_thread_blocked, id=2904, stack(0x000000d1eb600000,0x000000d1eb700000)]
  0x000002ad8174c800 JavaThread "Unconstrained build operations Thread 16" [_thread_blocked, id=4600, stack(0x000000d1eb700000,0x000000d1eb800000)]
  0x000002ad8174a000 JavaThread "Unconstrained build operations Thread 17" [_thread_blocked, id=3076, stack(0x000000d1eb800000,0x000000d1eb900000)]
  0x000002ad8174e800 JavaThread "Unconstrained build operations Thread 18" [_thread_blocked, id=8616, stack(0x000000d1eb900000,0x000000d1eba00000)]
  0x000002ad801e8000 JavaThread "Unconstrained build operations Thread 19" [_thread_blocked, id=4580, stack(0x000000d1eba00000,0x000000d1ebb00000)]
  0x000002ad801e5800 JavaThread "Unconstrained build operations Thread 20" [_thread_blocked, id=6996, stack(0x000000d1ebb00000,0x000000d1ebc00000)]
  0x000002ad81d9e800 JavaThread "Unconstrained build operations Thread 21" [_thread_blocked, id=6412, stack(0x000000d1ebc00000,0x000000d1ebd00000)]
  0x000002ad81d9d800 JavaThread "Unconstrained build operations Thread 22" [_thread_blocked, id=9292, stack(0x000000d1ebd00000,0x000000d1ebe00000)]
  0x000002ad81d9c000 JavaThread "Unconstrained build operations Thread 23" [_thread_blocked, id=8172, stack(0x000000d1ebe00000,0x000000d1ebf00000)]
  0x000002ad81d9a800 JavaThread "Unconstrained build operations Thread 24" [_thread_blocked, id=6368, stack(0x000000d1ebf00000,0x000000d1ec000000)]
  0x000002ad81d9b000 JavaThread "Unconstrained build operations Thread 25" [_thread_blocked, id=3876, stack(0x000000d1ec000000,0x000000d1ec100000)]
  0x000002ad81d98800 JavaThread "Unconstrained build operations Thread 26" [_thread_blocked, id=3720, stack(0x000000d1ec100000,0x000000d1ec200000)]
  0x000002ad81d9d000 JavaThread "Unconstrained build operations Thread 27" [_thread_blocked, id=1184, stack(0x000000d1ec200000,0x000000d1ec300000)]
  0x000002ad81d9f800 JavaThread "Unconstrained build operations Thread 28" [_thread_blocked, id=7576, stack(0x000000d1ec300000,0x000000d1ec400000)]
  0x000002ad81d99800 JavaThread "Unconstrained build operations Thread 29" [_thread_blocked, id=9556, stack(0x000000d1ec400000,0x000000d1ec500000)]
  0x000002ad81da5000 JavaThread "Unconstrained build operations Thread 30" [_thread_blocked, id=11020, stack(0x000000d1ec500000,0x000000d1ec600000)]
  0x000002ad81da3800 JavaThread "Unconstrained build operations Thread 31" [_thread_blocked, id=3232, stack(0x000000d1ec600000,0x000000d1ec700000)]
  0x000002ad81da6000 JavaThread "Unconstrained build operations Thread 32" [_thread_blocked, id=6604, stack(0x000000d1ec700000,0x000000d1ec800000)]
  0x000002ad81da1800 JavaThread "Unconstrained build operations Thread 33" [_thread_blocked, id=10188, stack(0x000000d1ec800000,0x000000d1ec900000)]
  0x000002ad81da0000 JavaThread "Unconstrained build operations Thread 34" [_thread_blocked, id=8140, stack(0x000000d1ec900000,0x000000d1eca00000)]
  0x000002ad81da6800 JavaThread "Unconstrained build operations Thread 35" [_thread_blocked, id=9452, stack(0x000000d1eca00000,0x000000d1ecb00000)]
  0x000002ad81da4000 JavaThread "Unconstrained build operations Thread 36" [_thread_blocked, id=10396, stack(0x000000d1ecb00000,0x000000d1ecc00000)]
  0x000002ad81da2800 JavaThread "Unconstrained build operations Thread 37" [_thread_blocked, id=7892, stack(0x000000d1ecc00000,0x000000d1ecd00000)]
  0x000002ad81da1000 JavaThread "Unconstrained build operations Thread 38" [_thread_blocked, id=8260, stack(0x000000d1ecd00000,0x000000d1ece00000)]
  0x000002ad81da7800 JavaThread "Unconstrained build operations Thread 39" [_thread_blocked, id=5692, stack(0x000000d1ece00000,0x000000d1ecf00000)]
  0x000002ad81d12000 JavaThread "Unconstrained build operations Thread 40" [_thread_blocked, id=7704, stack(0x000000d1ecf00000,0x000000d1ed000000)]

Other Threads:
  0x000002adfdd29000 VMThread "VM Thread" [stack: 0x000000d1e8200000,0x000000d1e8300000] [id=6076]
  0x000002adfe850800 WatcherThread [stack: 0x000000d1e8c00000,0x000000d1e8d00000] [id=10668]
  0x000002ade2212000 GCTaskThread "GC Thread#0" [stack: 0x000000d1e7d00000,0x000000d1e7e00000] [id=7636]
  0x000002adfe924800 GCTaskThread "GC Thread#1" [stack: 0x000000d1e8d00000,0x000000d1e8e00000] [id=8344]
  0x000002ad80515800 GCTaskThread "GC Thread#2" [stack: 0x000000d1e9800000,0x000000d1e9900000] [id=8028]
  0x000002ad806fd800 GCTaskThread "GC Thread#3" [stack: 0x000000d1e9900000,0x000000d1e9a00000] [id=10140]
  0x000002ade2246000 ConcurrentGCThread "G1 Main Marker" [stack: 0x000000d1e7e00000,0x000000d1e7f00000] [id=260]
  0x000002ade2247800 ConcurrentGCThread "G1 Conc#0" [stack: 0x000000d1e7f00000,0x000000d1e8000000] [id=1456]
  0x000002ade229f800 ConcurrentGCThread "G1 Refine#0" [stack: 0x000000d1e8000000,0x000000d1e8100000] [id=272]
  0x000002ade22a0800 ConcurrentGCThread "G1 Young RemSet Sampling" [stack: 0x000000d1e8100000,0x000000d1e8200000] [id=252]

Threads with active compile tasks:
C2 CompilerThread0 563146 10443 %     4       org.gradle.internal.instantiation.generator.AbstractClassGenerator::inspectType @ 107 (560 bytes)

VM state:not at safepoint (normal execution)

VM Mutex/Monitor currently owned by a thread: None

Heap address: 0x0000000080000000, size: 2048 MB, Compressed Oops mode: 32-bit
Narrow klass base: 0x0000000000000000, Narrow klass shift: 3
Compressed class space size: 1073741824 Address: 0x0000000100000000

Heap:
 garbage-first heap   total 161792K, used 102220K [0x0000000080000000, 0x0000000100000000)
  region size 1024K, 5 young (5120K), 4 survivors (4096K)
 Metaspace       used 84715K, capacity 87099K, committed 87424K, reserved 1124352K
  class space    used 10925K, capacity 11793K, committed 11904K, reserved 1048576K
Heap Regions: E=young(eden), S=young(survivor), O=old, HS=humongous(starts), HC=humongous(continues), CS=collection set, F=free, A=archive, TAMS=top-at-mark-start (previous, next)
|   0|0x0000000080000000, 0x0000000080100000, 0x0000000080100000|100%| O|  |TAMS 0x0000000080100000, 0x0000000080000000| Untracked 
|   1|0x0000000080100000, 0x0000000080200000, 0x0000000080200000|100%| O|  |TAMS 0x0000000080200000, 0x0000000080100000| Untracked 
|   2|0x0000000080200000, 0x0000000080300000, 0x0000000080300000|100%| O|  |TAMS 0x0000000080300000, 0x0000000080200000| Untracked 
|   3|0x0000000080300000, 0x0000000080400000, 0x0000000080400000|100%|HS|  |TAMS 0x0000000080400000, 0x0000000080300000| Complete 
|   4|0x0000000080400000, 0x0000000080500000, 0x0000000080500000|100%|HC|  |TAMS 0x0000000080500000, 0x0000000080400000| Complete 
|   5|0x0000000080500000, 0x0000000080600000, 0x0000000080600000|100%|HC|  |TAMS 0x0000000080600000, 0x0000000080500000| Complete 
|   6|0x0000000080600000, 0x0000000080700000, 0x0000000080700000|100%| O|  |TAMS 0x0000000080700000, 0x0000000080600000| Untracked 
|   7|0x0000000080700000, 0x0000000080800000, 0x0000000080800000|100%| O|  |TAMS 0x0000000080800000, 0x0000000080700000| Untracked 
|   8|0x0000000080800000, 0x0000000080900000, 0x0000000080900000|100%| O|  |TAMS 0x0000000080900000, 0x0000000080800000| Untracked 
|   9|0x0000000080900000, 0x0000000080a00000, 0x0000000080a00000|100%| O|  |TAMS 0x0000000080a00000, 0x0000000080900000| Untracked 
|  10|0x0000000080a00000, 0x0000000080b00000, 0x0000000080b00000|100%| O|  |TAMS 0x0000000080b00000, 0x0000000080a00000| Untracked 
|  11|0x0000000080b00000, 0x0000000080c00000, 0x0000000080c00000|100%| O|  |TAMS 0x0000000080c00000, 0x0000000080b00000| Untracked 
|  12|0x0000000080c00000, 0x0000000080d00000, 0x0000000080d00000|100%| O|  |TAMS 0x0000000080d00000, 0x0000000080c00000| Untracked 
|  13|0x0000000080d00000, 0x0000000080e00000, 0x0000000080e00000|100%| O|  |TAMS 0x0000000080e00000, 0x0000000080d00000| Untracked 
|  14|0x0000000080e00000, 0x0000000080f00000, 0x0000000080f00000|100%| O|  |TAMS 0x0000000080f00000, 0x0000000080e00000| Untracked 
|  15|0x0000000080f00000, 0x0000000081000000, 0x0000000081000000|100%| O|  |TAMS 0x0000000081000000, 0x0000000080f00000| Untracked 
|  16|0x0000000081000000, 0x0000000081100000, 0x0000000081100000|100%| O|  |TAMS 0x0000000081100000, 0x0000000081000000| Untracked 
|  17|0x0000000081100000, 0x0000000081200000, 0x0000000081200000|100%|HS|  |TAMS 0x0000000081200000, 0x0000000081100000| Complete 
|  18|0x0000000081200000, 0x0000000081300000, 0x0000000081300000|100%|HC|  |TAMS 0x0000000081300000, 0x0000000081200000| Complete 
|  19|0x0000000081300000, 0x0000000081400000, 0x0000000081400000|100%|HS|  |TAMS 0x0000000081400000, 0x0000000081300000| Complete 
|  20|0x0000000081400000, 0x0000000081500000, 0x0000000081500000|100%|HC|  |TAMS 0x0000000081500000, 0x0000000081400000| Complete 
|  21|0x0000000081500000, 0x0000000081600000, 0x0000000081600000|100%|HC|  |TAMS 0x0000000081600000, 0x0000000081500000| Complete 
|  22|0x0000000081600000, 0x0000000081700000, 0x0000000081700000|100%|HS|  |TAMS 0x0000000081700000, 0x0000000081600000| Complete 
|  23|0x0000000081700000, 0x0000000081800000, 0x0000000081800000|100%|HS|  |TAMS 0x0000000081800000, 0x0000000081700000| Complete 
|  24|0x0000000081800000, 0x0000000081900000, 0x0000000081900000|100%|HC|  |TAMS 0x0000000081900000, 0x0000000081800000| Complete 
|  25|0x0000000081900000, 0x0000000081a00000, 0x0000000081a00000|100%|HC|  |TAMS 0x0000000081a00000, 0x0000000081900000| Complete 
|  26|0x0000000081a00000, 0x0000000081b00000, 0x0000000081b00000|100%|HC|  |TAMS 0x0000000081b00000, 0x0000000081a00000| Complete 
|  27|0x0000000081b00000, 0x0000000081c00000, 0x0000000081c00000|100%| O|  |TAMS 0x0000000081c00000, 0x0000000081b00000| Untracked 
|  28|0x0000000081c00000, 0x0000000081d00000, 0x0000000081d00000|100%| O|  |TAMS 0x0000000081d00000, 0x0000000081c00000| Untracked 
|  29|0x0000000081d00000, 0x0000000081e00000, 0x0000000081e00000|100%| O|  |TAMS 0x0000000081e00000, 0x0000000081d00000| Untracked 
|  30|0x0000000081e00000, 0x0000000081f00000, 0x0000000081f00000|100%| O|  |TAMS 0x0000000081f00000, 0x0000000081e00000| Untracked 
|  31|0x0000000081f00000, 0x0000000082000000, 0x0000000082000000|100%| O|  |TAMS 0x0000000082000000, 0x0000000081f00000| Untracked 
|  32|0x0000000082000000, 0x0000000082100000, 0x0000000082100000|100%| O|  |TAMS 0x0000000082100000, 0x0000000082000000| Untracked 
|  33|0x0000000082100000, 0x0000000082200000, 0x0000000082200000|100%| O|  |TAMS 0x0000000082200000, 0x0000000082100000| Untracked 
|  34|0x0000000082200000, 0x0000000082300000, 0x0000000082300000|100%| O|  |TAMS 0x0000000082300000, 0x0000000082200000| Untracked 
|  35|0x0000000082300000, 0x0000000082400000, 0x0000000082400000|100%| O|  |TAMS 0x0000000082400000, 0x0000000082300000| Untracked 
|  36|0x0000000082400000, 0x0000000082500000, 0x0000000082500000|100%| O|  |TAMS 0x0000000082500000, 0x0000000082400000| Untracked 
|  37|0x0000000082500000, 0x0000000082600000, 0x0000000082600000|100%| O|  |TAMS 0x0000000082600000, 0x0000000082500000| Untracked 
|  38|0x0000000082600000, 0x0000000082700000, 0x0000000082700000|100%| O|  |TAMS 0x0000000082700000, 0x0000000082600000| Untracked 
|  39|0x0000000082700000, 0x0000000082800000, 0x0000000082800000|100%| O|  |TAMS 0x0000000082800000, 0x0000000082700000| Untracked 
|  40|0x0000000082800000, 0x0000000082900000, 0x0000000082900000|100%| O|  |TAMS 0x0000000082900000, 0x0000000082800000| Untracked 
|  41|0x0000000082900000, 0x0000000082a00000, 0x0000000082a00000|100%|HS|  |TAMS 0x0000000082a00000, 0x0000000082900000| Complete 
|  42|0x0000000082a00000, 0x0000000082b00000, 0x0000000082b00000|100%|HC|  |TAMS 0x0000000082b00000, 0x0000000082a00000| Complete 
|  43|0x0000000082b00000, 0x0000000082c00000, 0x0000000082c00000|100%|HC|  |TAMS 0x0000000082c00000, 0x0000000082b00000| Complete 
|  44|0x0000000082c00000, 0x0000000082d00000, 0x0000000082d00000|100%|HS|  |TAMS 0x0000000082d00000, 0x0000000082c00000| Complete 
|  45|0x0000000082d00000, 0x0000000082e00000, 0x0000000082e00000|100%| O|  |TAMS 0x0000000082e00000, 0x0000000082d00000| Untracked 
|  46|0x0000000082e00000, 0x0000000082f00000, 0x0000000082f00000|100%| O|  |TAMS 0x0000000082f00000, 0x0000000082e00000| Untracked 
|  47|0x0000000082f00000, 0x0000000083000000, 0x0000000083000000|100%| O|  |TAMS 0x0000000083000000, 0x0000000082f00000| Untracked 
|  48|0x0000000083000000, 0x0000000083100000, 0x0000000083100000|100%| O|  |TAMS 0x0000000083100000, 0x0000000083000000| Untracked 
|  49|0x0000000083100000, 0x0000000083200000, 0x0000000083200000|100%| O|  |TAMS 0x0000000083200000, 0x0000000083100000| Untracked 
|  50|0x0000000083200000, 0x0000000083300000, 0x0000000083300000|100%|HS|  |TAMS 0x0000000083300000, 0x0000000083200000| Complete 
|  51|0x0000000083300000, 0x0000000083400000, 0x0000000083400000|100%|HC|  |TAMS 0x0000000083400000, 0x0000000083300000| Complete 
|  52|0x0000000083400000, 0x0000000083500000, 0x0000000083500000|100%|HC|  |TAMS 0x0000000083500000, 0x0000000083400000| Complete 
|  53|0x0000000083500000, 0x0000000083600000, 0x0000000083600000|100%|HC|  |TAMS 0x0000000083600000, 0x0000000083500000| Complete 
|  54|0x0000000083600000, 0x0000000083700000, 0x0000000083700000|100%| O|  |TAMS 0x0000000083700000, 0x0000000083600000| Untracked 
|  55|0x0000000083700000, 0x0000000083800000, 0x0000000083800000|100%| O|  |TAMS 0x0000000083800000, 0x0000000083700000| Untracked 
|  56|0x0000000083800000, 0x0000000083900000, 0x0000000083900000|100%| O|  |TAMS 0x0000000083900000, 0x0000000083800000| Untracked 
|  57|0x0000000083900000, 0x0000000083a00000, 0x0000000083a00000|100%| O|  |TAMS 0x0000000083a00000, 0x0000000083900000| Untracked 
|  58|0x0000000083a00000, 0x0000000083b00000, 0x0000000083b00000|100%|HS|  |TAMS 0x0000000083b00000, 0x0000000083a00000| Complete 
|  59|0x0000000083b00000, 0x0000000083c00000, 0x0000000083c00000|100%|HS|  |TAMS 0x0000000083c00000, 0x0000000083b00000| Complete 
|  60|0x0000000083c00000, 0x0000000083d00000, 0x0000000083d00000|100%| O|  |TAMS 0x0000000083d00000, 0x0000000083c00000| Untracked 
|  61|0x0000000083d00000, 0x0000000083e00000, 0x0000000083e00000|100%|HS|  |TAMS 0x0000000083e00000, 0x0000000083d00000| Complete 
|  62|0x0000000083e00000, 0x0000000083f00000, 0x0000000083f00000|100%| O|  |TAMS 0x0000000083f00000, 0x0000000083e00000| Untracked 
|  63|0x0000000083f00000, 0x0000000084000000, 0x0000000084000000|100%| O|  |TAMS 0x0000000084000000, 0x0000000083f00000| Untracked 
|  64|0x0000000084000000, 0x0000000084100000, 0x0000000084100000|100%|HS|  |TAMS 0x0000000084100000, 0x0000000084000000| Complete 
|  65|0x0000000084100000, 0x0000000084200000, 0x0000000084200000|100%|HC|  |TAMS 0x0000000084200000, 0x0000000084100000| Complete 
|  66|0x0000000084200000, 0x0000000084300000, 0x0000000084300000|100%|HC|  |TAMS 0x0000000084300000, 0x0000000084200000| Complete 
|  67|0x0000000084300000, 0x0000000084400000, 0x0000000084400000|100%| O|  |TAMS 0x0000000084400000, 0x0000000084300000| Untracked 
|  68|0x0000000084400000, 0x0000000084500000, 0x0000000084500000|100%|HS|  |TAMS 0x0000000084500000, 0x0000000084400000| Complete 
|  69|0x0000000084500000, 0x0000000084600000, 0x0000000084600000|100%|HC|  |TAMS 0x0000000084600000, 0x0000000084500000| Complete 
|  70|0x0000000084600000, 0x0000000084700000, 0x0000000084700000|100%| O|  |TAMS 0x0000000084700000, 0x0000000084600000| Untracked 
|  71|0x0000000084700000, 0x0000000084800000, 0x0000000084800000|100%| O|  |TAMS 0x0000000084800000, 0x0000000084700000| Untracked 
|  72|0x0000000084800000, 0x0000000084900000, 0x0000000084900000|100%| O|  |TAMS 0x0000000084900000, 0x0000000084800000| Untracked 
|  73|0x0000000084900000, 0x0000000084a00000, 0x0000000084a00000|100%| O|  |TAMS 0x0000000084a00000, 0x0000000084900000| Untracked 
|  74|0x0000000084a00000, 0x0000000084b00000, 0x0000000084b00000|100%| O|  |TAMS 0x0000000084b00000, 0x0000000084a00000| Untracked 
|  75|0x0000000084b00000, 0x0000000084c00000, 0x0000000084c00000|100%| O|  |TAMS 0x0000000084c00000, 0x0000000084b00000| Untracked 
|  76|0x0000000084c00000, 0x0000000084d00000, 0x0000000084d00000|100%| O|  |TAMS 0x0000000084d00000, 0x0000000084c00000| Untracked 
|  77|0x0000000084d00000, 0x0000000084e00000, 0x0000000084e00000|100%| O|  |TAMS 0x0000000084e00000, 0x0000000084d00000| Untracked 
|  78|0x0000000084e00000, 0x0000000084f00000, 0x0000000084f00000|100%| O|  |TAMS 0x0000000084f00000, 0x0000000084e00000| Untracked 
|  79|0x0000000084f00000, 0x0000000085000000, 0x0000000085000000|100%| O|  |TAMS 0x0000000085000000, 0x0000000084f00000| Untracked 
|  80|0x0000000085000000, 0x0000000085100000, 0x0000000085100000|100%| O|  |TAMS 0x0000000085100000, 0x0000000085000000| Untracked 
|  81|0x0000000085100000, 0x0000000085200000, 0x0000000085200000|100%| O|  |TAMS 0x0000000085200000, 0x0000000085100000| Untracked 
|  82|0x0000000085200000, 0x0000000085300000, 0x0000000085300000|100%| O|  |TAMS 0x0000000085300000, 0x0000000085200000| Untracked 
|  83|0x0000000085300000, 0x0000000085400000, 0x0000000085400000|100%| O|  |TAMS 0x0000000085400000, 0x0000000085300000| Untracked 
|  84|0x0000000085400000, 0x0000000085500000, 0x0000000085500000|100%| O|  |TAMS 0x0000000085500000, 0x0000000085400000| Untracked 
|  85|0x0000000085500000, 0x0000000085600000, 0x0000000085600000|100%| O|  |TAMS 0x0000000085600000, 0x0000000085500000| Untracked 
|  86|0x0000000085600000, 0x0000000085700000, 0x0000000085700000|100%| O|  |TAMS 0x0000000085700000, 0x0000000085600000| Untracked 
|  87|0x0000000085700000, 0x0000000085800000, 0x0000000085800000|100%| O|  |TAMS 0x0000000085800000, 0x0000000085700000| Untracked 
|  88|0x0000000085800000, 0x0000000085900000, 0x0000000085900000|100%| O|  |TAMS 0x0000000085900000, 0x0000000085800000| Untracked 
|  89|0x0000000085900000, 0x0000000085a00000, 0x0000000085a00000|100%| O|  |TAMS 0x0000000085a00000, 0x0000000085900000| Untracked 
|  90|0x0000000085a00000, 0x0000000085b00000, 0x0000000085b00000|100%| O|  |TAMS 0x0000000085b00000, 0x0000000085a00000| Untracked 
|  91|0x0000000085b00000, 0x0000000085c00000, 0x0000000085c00000|100%| O|  |TAMS 0x0000000085c00000, 0x0000000085b00000| Untracked 
|  92|0x0000000085c00000, 0x0000000085d00000, 0x0000000085d00000|100%| O|  |TAMS 0x0000000085d00000, 0x0000000085c00000| Untracked 
|  93|0x0000000085d00000, 0x0000000085e00000, 0x0000000085e00000|100%| O|  |TAMS 0x0000000085e00000, 0x0000000085d00000| Untracked 
|  94|0x0000000085e00000, 0x0000000085f00000, 0x0000000085f00000|100%| O|  |TAMS 0x0000000085f00000, 0x0000000085e00000| Untracked 
|  95|0x0000000085f00000, 0x0000000085fff600, 0x0000000086000000| 99%| O|  |TAMS 0x0000000085fff600, 0x0000000085f00000| Untracked 
|  96|0x0000000086000000, 0x0000000086000000, 0x0000000086100000|  0%| F|  |TAMS 0x0000000086000000, 0x0000000086000000| Untracked 
|  97|0x0000000086100000, 0x0000000086100000, 0x0000000086200000|  0%| F|  |TAMS 0x0000000086100000, 0x0000000086100000| Untracked 
|  98|0x0000000086200000, 0x0000000086200000, 0x0000000086300000|  0%| F|  |TAMS 0x0000000086200000, 0x0000000086200000| Untracked 
|  99|0x0000000086300000, 0x0000000086300000, 0x0000000086400000|  0%| F|  |TAMS 0x0000000086300000, 0x0000000086300000| Untracked 
| 100|0x0000000086400000, 0x0000000086400000, 0x0000000086500000|  0%| F|  |TAMS 0x0000000086400000, 0x0000000086400000| Untracked 
| 101|0x0000000086500000, 0x0000000086500000, 0x0000000086600000|  0%| F|  |TAMS 0x0000000086500000, 0x0000000086500000| Untracked 
| 102|0x0000000086600000, 0x0000000086600000, 0x0000000086700000|  0%| F|  |TAMS 0x0000000086600000, 0x0000000086600000| Untracked 
| 103|0x0000000086700000, 0x0000000086700000, 0x0000000086800000|  0%| F|  |TAMS 0x0000000086700000, 0x0000000086700000| Untracked 
| 104|0x0000000086800000, 0x0000000086800000, 0x0000000086900000|  0%| F|  |TAMS 0x0000000086800000, 0x0000000086800000| Untracked 
| 105|0x0000000086900000, 0x0000000086900000, 0x0000000086a00000|  0%| F|  |TAMS 0x0000000086900000, 0x0000000086900000| Untracked 
| 106|0x0000000086a00000, 0x0000000086a00000, 0x0000000086b00000|  0%| F|  |TAMS 0x0000000086a00000, 0x0000000086a00000| Untracked 
| 107|0x0000000086b00000, 0x0000000086b00000, 0x0000000086c00000|  0%| F|  |TAMS 0x0000000086b00000, 0x0000000086b00000| Untracked 
| 108|0x0000000086c00000, 0x0000000086c00000, 0x0000000086d00000|  0%| F|  |TAMS 0x0000000086c00000, 0x0000000086c00000| Untracked 
| 109|0x0000000086d00000, 0x0000000086d00000, 0x0000000086e00000|  0%| F|  |TAMS 0x0000000086d00000, 0x0000000086d00000| Untracked 
| 110|0x0000000086e00000, 0x0000000086e00000, 0x0000000086f00000|  0%| F|  |TAMS 0x0000000086e00000, 0x0000000086e00000| Untracked 
| 111|0x0000000086f00000, 0x0000000086f00000, 0x0000000087000000|  0%| F|  |TAMS 0x0000000086f00000, 0x0000000086f00000| Untracked 
| 112|0x0000000087000000, 0x0000000087000000, 0x0000000087100000|  0%| F|  |TAMS 0x0000000087000000, 0x0000000087000000| Untracked 
| 113|0x0000000087100000, 0x0000000087100000, 0x0000000087200000|  0%| F|  |TAMS 0x0000000087100000, 0x0000000087100000| Untracked 
| 114|0x0000000087200000, 0x0000000087200000, 0x0000000087300000|  0%| F|  |TAMS 0x0000000087200000, 0x0000000087200000| Untracked 
| 115|0x0000000087300000, 0x0000000087300000, 0x0000000087400000|  0%| F|  |TAMS 0x0000000087300000, 0x0000000087300000| Untracked 
| 116|0x0000000087400000, 0x0000000087400000, 0x0000000087500000|  0%| F|  |TAMS 0x0000000087400000, 0x0000000087400000| Untracked 
| 117|0x0000000087500000, 0x00000000875d3c10, 0x0000000087600000| 82%| S|CS|TAMS 0x0000000087500000, 0x0000000087500000| Complete 
| 118|0x0000000087600000, 0x0000000087700000, 0x0000000087700000|100%| S|CS|TAMS 0x0000000087600000, 0x0000000087600000| Complete 
| 119|0x0000000087700000, 0x0000000087800000, 0x0000000087800000|100%| S|CS|TAMS 0x0000000087700000, 0x0000000087700000| Complete 
| 120|0x0000000087800000, 0x0000000087900000, 0x0000000087900000|100%| S|CS|TAMS 0x0000000087800000, 0x0000000087800000| Complete 
| 121|0x0000000087900000, 0x0000000087900000, 0x0000000087a00000|  0%| F|  |TAMS 0x0000000087900000, 0x0000000087900000| Untracked 
| 122|0x0000000087a00000, 0x0000000087a00000, 0x0000000087b00000|  0%| F|  |TAMS 0x0000000087a00000, 0x0000000087a00000| Untracked 
| 123|0x0000000087b00000, 0x0000000087b00000, 0x0000000087c00000|  0%| F|  |TAMS 0x0000000087b00000, 0x0000000087b00000| Untracked 
| 124|0x0000000087c00000, 0x0000000087c00000, 0x0000000087d00000|  0%| F|  |TAMS 0x0000000087c00000, 0x0000000087c00000| Untracked 
| 125|0x0000000087d00000, 0x0000000087d00000, 0x0000000087e00000|  0%| F|  |TAMS 0x0000000087d00000, 0x0000000087d00000| Untracked 
| 126|0x0000000087e00000, 0x0000000087e00000, 0x0000000087f00000|  0%| F|  |TAMS 0x0000000087e00000, 0x0000000087e00000| Untracked 
| 127|0x0000000087f00000, 0x0000000087f00000, 0x0000000088000000|  0%| F|  |TAMS 0x0000000087f00000, 0x0000000087f00000| Untracked 
| 128|0x0000000088000000, 0x0000000088000000, 0x0000000088100000|  0%| F|  |TAMS 0x0000000088000000, 0x0000000088000000| Untracked 
| 129|0x0000000088100000, 0x0000000088100000, 0x0000000088200000|  0%| F|  |TAMS 0x0000000088100000, 0x0000000088100000| Untracked 
| 130|0x0000000088200000, 0x0000000088200000, 0x0000000088300000|  0%| F|  |TAMS 0x0000000088200000, 0x0000000088200000| Untracked 
| 131|0x0000000088300000, 0x0000000088300000, 0x0000000088400000|  0%| F|  |TAMS 0x0000000088300000, 0x0000000088300000| Untracked 
| 132|0x0000000088400000, 0x0000000088400000, 0x0000000088500000|  0%| F|  |TAMS 0x0000000088400000, 0x0000000088400000| Untracked 
| 133|0x0000000088500000, 0x0000000088500000, 0x0000000088600000|  0%| F|  |TAMS 0x0000000088500000, 0x0000000088500000| Untracked 
| 134|0x0000000088600000, 0x0000000088600000, 0x0000000088700000|  0%| F|  |TAMS 0x0000000088600000, 0x0000000088600000| Untracked 
| 135|0x0000000088700000, 0x0000000088700000, 0x0000000088800000|  0%| F|  |TAMS 0x0000000088700000, 0x0000000088700000| Untracked 
| 136|0x0000000088800000, 0x0000000088800000, 0x0000000088900000|  0%| F|  |TAMS 0x0000000088800000, 0x0000000088800000| Untracked 
| 137|0x0000000088900000, 0x0000000088900000, 0x0000000088a00000|  0%| F|  |TAMS 0x0000000088900000, 0x0000000088900000| Untracked 
| 138|0x0000000088a00000, 0x0000000088a00000, 0x0000000088b00000|  0%| F|  |TAMS 0x0000000088a00000, 0x0000000088a00000| Untracked 
| 139|0x0000000088b00000, 0x0000000088b00000, 0x0000000088c00000|  0%| F|  |TAMS 0x0000000088b00000, 0x0000000088b00000| Untracked 
| 140|0x0000000088c00000, 0x0000000088c00000, 0x0000000088d00000|  0%| F|  |TAMS 0x0000000088c00000, 0x0000000088c00000| Untracked 
| 141|0x0000000088d00000, 0x0000000088d00000, 0x0000000088e00000|  0%| F|  |TAMS 0x0000000088d00000, 0x0000000088d00000| Untracked 
| 142|0x0000000088e00000, 0x0000000088e00000, 0x0000000088f00000|  0%| F|  |TAMS 0x0000000088e00000, 0x0000000088e00000| Untracked 
| 143|0x0000000088f00000, 0x0000000088f00000, 0x0000000089000000|  0%| F|  |TAMS 0x0000000088f00000, 0x0000000088f00000| Untracked 
| 144|0x0000000089000000, 0x0000000089000000, 0x0000000089100000|  0%| F|  |TAMS 0x0000000089000000, 0x0000000089000000| Untracked 
| 145|0x0000000089100000, 0x0000000089100000, 0x0000000089200000|  0%| F|  |TAMS 0x0000000089100000, 0x0000000089100000| Untracked 
| 146|0x0000000089200000, 0x0000000089200000, 0x0000000089300000|  0%| F|  |TAMS 0x0000000089200000, 0x0000000089200000| Untracked 
| 147|0x0000000089300000, 0x0000000089300000, 0x0000000089400000|  0%| F|  |TAMS 0x0000000089300000, 0x0000000089300000| Untracked 
| 148|0x0000000089400000, 0x0000000089400000, 0x0000000089500000|  0%| F|  |TAMS 0x0000000089400000, 0x0000000089400000| Untracked 
| 149|0x0000000089500000, 0x0000000089500000, 0x0000000089600000|  0%| F|  |TAMS 0x0000000089500000, 0x0000000089500000| Untracked 
| 150|0x0000000089600000, 0x0000000089600000, 0x0000000089700000|  0%| F|  |TAMS 0x0000000089600000, 0x0000000089600000| Untracked 
| 151|0x0000000089700000, 0x0000000089700000, 0x0000000089800000|  0%| F|  |TAMS 0x0000000089700000, 0x0000000089700000| Untracked 
| 152|0x0000000089800000, 0x0000000089800000, 0x0000000089900000|  0%| F|  |TAMS 0x0000000089800000, 0x0000000089800000| Untracked 
| 153|0x0000000089900000, 0x0000000089900000, 0x0000000089a00000|  0%| F|  |TAMS 0x0000000089900000, 0x0000000089900000| Untracked 
| 154|0x0000000089a00000, 0x0000000089a00000, 0x0000000089b00000|  0%| F|  |TAMS 0x0000000089a00000, 0x0000000089a00000| Untracked 
| 155|0x0000000089b00000, 0x0000000089b00000, 0x0000000089c00000|  0%| F|  |TAMS 0x0000000089b00000, 0x0000000089b00000| Untracked 
| 156|0x0000000089c00000, 0x0000000089c00000, 0x0000000089d00000|  0%| F|  |TAMS 0x0000000089c00000, 0x0000000089c00000| Untracked 
| 157|0x0000000089d00000, 0x0000000089df6a70, 0x0000000089e00000| 96%| E|  |TAMS 0x0000000089d00000, 0x0000000089d00000| Complete 

Card table byte_map: [0x000002adf6f10000,0x000002adf7310000] _byte_map_base: 0x000002adf6b10000

Marking Bits (Prev, Next): (CMBitMap*) 0x000002ade223d488, (CMBitMap*) 0x000002ade223d4c0
 Prev Bits: [0x000002adf7710000, 0x000002adf9710000)
 Next Bits: [0x000002adf9710000, 0x000002adfb710000)

Polling page: 0x000002ade22e0000

Metaspace:

Usage:
  Non-class:     73.54 MB capacity,    72.08 MB ( 98%) used,     1.23 MB (  2%) free+waste,   230.06 KB ( <1%) overhead. 
      Class:     11.52 MB capacity,    10.67 MB ( 93%) used,   756.88 KB (  6%) free+waste,   105.88 KB ( <1%) overhead. 
       Both:     85.06 MB capacity,    82.76 MB ( 97%) used,     1.97 MB (  2%) free+waste,   335.94 KB ( <1%) overhead. 

Virtual space:
  Non-class space:       74.00 MB reserved,      73.75 MB (>99%) committed 
      Class space:        1.00 GB reserved,      11.63 MB (  1%) committed 
             Both:        1.07 GB reserved,      85.38 MB (  8%) committed 

Chunk freelists:
   Non-Class:  22.00 KB
       Class:  15.00 KB
        Both:  37.00 KB

MaxMetaspaceSize: 17179869184.00 GB
CompressedClassSpaceSize: 1.00 GB
Initial GC threshold: 20.80 MB
Current GC threshold: 136.88 MB
CDS: off

CodeHeap 'non-profiled nmethods': size=120064Kb used=4927Kb max_used=4927Kb free=115136Kb
 bounds [0x000002adeefa0000, 0x000002adef470000, 0x000002adf64e0000]
CodeHeap 'profiled nmethods': size=120000Kb used=22373Kb max_used=22373Kb free=97626Kb
 bounds [0x000002ade7a70000, 0x000002ade9050000, 0x000002adeefa0000]
CodeHeap 'non-nmethods': size=5696Kb used=2372Kb max_used=2413Kb free=3324Kb
 bounds [0x000002ade74e0000, 0x000002ade7750000, 0x000002ade7a70000]
 total_blobs=11237 nmethods=10347 adapters=801
 compilation: enabled
              stopped_count=0, restarted_count=0
 full_count=0

Compilation events (20 events):
Event: 562.971 Thread 0x000002adfdd96800 10477       3       org.gradle.api.internal.AbstractValidatingNamedDomainObjectContainer::create (17 bytes)
Event: 562.972 Thread 0x000002adfdd96800 nmethod 10477 0x000002ade902e490 code [0x000002ade902e700, 0x000002ade902f218]
Event: 562.972 Thread 0x000002adfdd96800 10478       3       org.gradle.api.internal.artifacts.configurations.DefaultConfigurationContainer::doCreate (6 bytes)
Event: 562.972 Thread 0x000002adfdd96800 nmethod 10478 0x000002ade902f590 code [0x000002ade902f780, 0x000002ade902fb78]
Event: 562.972 Thread 0x000002adfdd96800 10480       3       org.gradle.api.internal.artifacts.configurations.DefaultConfiguration::extendsFrom (178 bytes)
Event: 562.974 Thread 0x000002adfdd96800 nmethod 10480 0x000002ade902fd10 code [0x000002ade90300e0, 0x000002ade9031b58]
Event: 562.974 Thread 0x000002adfdd96800 10481       3       org.gradle.api.internal.collections.FilteredCollection$FilteringIterator::<init> (38 bytes)
Event: 562.974 Thread 0x000002adfdd96800 nmethod 10481 0x000002ade9032310 code [0x000002ade9032500, 0x000002ade9032948]
Event: 562.974 Thread 0x000002adfdd96800 10482       1       kotlin.collections.ArrayDeque::getSize (5 bytes)
Event: 562.975 Thread 0x000002adfdd96800 nmethod 10482 0x000002adef46e790 code [0x000002adef46e940, 0x000002adef46e9f8]
Event: 562.975 Thread 0x000002adfdd96800 10479       3       org.gradle.api.internal.artifacts.configurations.DefaultConfigurationContainer::doCreate (24 bytes)
Event: 562.975 Thread 0x000002adfdd96800 nmethod 10479 0x000002ade9032a90 code [0x000002ade9032c60, 0x000002ade9032f78]
Event: 562.975 Thread 0x000002adfdd96800 10483       3       org.jetbrains.kotlin.gradle.plugin.mpp.AbstractKotlinCompilationToRunnableFiles::getCompilationDetails$kotlin_gradle_plugin_common (8 bytes)
Event: 562.975 Thread 0x000002adfdd96800 nmethod 10483 0x000002ade9033110 code [0x000002ade90332c0, 0x000002ade9033558]
Event: 562.978 Thread 0x000002adfdd96800 10485       2       org.gradle.api.internal.DefaultNamedDomainObjectCollection$AbstractNamedDomainObjectProvider::<init> (20 bytes)
Event: 562.978 Thread 0x000002adfdd96800 nmethod 10485 0x000002ade9033610 code [0x000002ade90337c0, 0x000002ade90339d8]
Event: 562.978 Thread 0x000002adfdd96800 10486       2       org.slf4j.impl.StaticLoggerBinder::getSingleton (4 bytes)
Event: 562.978 Thread 0x000002adfdd96800 nmethod 10486 0x000002ade9033a90 code [0x000002ade9033c40, 0x000002ade9033d18]
Event: 562.978 Thread 0x000002adfdd96800 10487       2       kotlin.collections.EmptyList::iterator (7 bytes)
Event: 562.979 Thread 0x000002adfdd96800 nmethod 10487 0x000002ade9033d90 code [0x000002ade9033f40, 0x000002ade9034038]

GC Heap History (20 events):
Event: 133.349 GC heap before
{Heap before GC invocations=51 (full 0):
 garbage-first heap   total 134144K, used 101198K [0x0000000080000000, 0x0000000100000000)
  region size 1024K, 23 young (23552K), 1 survivors (1024K)
 Metaspace       used 55546K, capacity 57128K, committed 57216K, reserved 1099776K
  class space    used 7227K, capacity 7779K, committed 7808K, reserved 1048576K
}
Event: 133.383 GC heap after
{Heap after GC invocations=52 (full 0):
 garbage-first heap   total 161792K, used 78865K [0x0000000080000000, 0x0000000100000000)
  region size 1024K, 2 young (2048K), 2 survivors (2048K)
 Metaspace       used 55546K, capacity 57128K, committed 57216K, reserved 1099776K
  class space    used 7227K, capacity 7779K, committed 7808K, reserved 1048576K
}
Event: 458.594 GC heap before
{Heap before GC invocations=52 (full 0):
 garbage-first heap   total 161792K, used 111633K [0x0000000080000000, 0x0000000100000000)
  region size 1024K, 34 young (34816K), 2 survivors (2048K)
 Metaspace       used 56279K, capacity 57905K, committed 58112K, reserved 1099776K
  class space    used 7251K, capacity 7819K, committed 7936K, reserved 1048576K
}
Event: 458.608 GC heap after
{Heap after GC invocations=53 (full 0):
 garbage-first heap   total 161792K, used 81072K [0x0000000080000000, 0x0000000100000000)
  region size 1024K, 4 young (4096K), 4 survivors (4096K)
 Metaspace       used 56279K, capacity 57905K, committed 58112K, reserved 1099776K
  class space    used 7251K, capacity 7819K, committed 7936K, reserved 1048576K
}
Event: 459.865 GC heap before
{Heap before GC invocations=54 (full 0):
 garbage-first heap   total 161792K, used 119984K [0x0000000080000000, 0x0000000100000000)
  region size 1024K, 43 young (44032K), 4 survivors (4096K)
 Metaspace       used 61022K, capacity 62878K, committed 63104K, reserved 1103872K
  class space    used 7818K, capacity 8491K, committed 8576K, reserved 1048576K
}
Event: 459.879 GC heap after
{Heap after GC invocations=55 (full 0):
 garbage-first heap   total 161792K, used 83025K [0x0000000080000000, 0x0000000100000000)
  region size 1024K, 5 young (5120K), 5 survivors (5120K)
 Metaspace       used 61022K, capacity 62878K, committed 63104K, reserved 1103872K
  class space    used 7818K, capacity 8491K, committed 8576K, reserved 1048576K
}
Event: 461.071 GC heap before
{Heap before GC invocations=55 (full 0):
 garbage-first heap   total 161792K, used 123985K [0x0000000080000000, 0x0000000100000000)
  region size 1024K, 45 young (46080K), 5 survivors (5120K)
 Metaspace       used 66643K, capacity 68549K, committed 68608K, reserved 1107968K
  class space    used 8502K, capacity 9184K, committed 9216K, reserved 1048576K
}
Event: 461.101 GC heap after
{Heap after GC invocations=56 (full 0):
 garbage-first heap   total 161792K, used 84642K [0x0000000080000000, 0x0000000100000000)
  region size 1024K, 4 young (4096K), 4 survivors (4096K)
 Metaspace       used 66643K, capacity 68549K, committed 68608K, reserved 1107968K
  class space    used 8502K, capacity 9184K, committed 9216K, reserved 1048576K
}
Event: 462.445 GC heap before
{Heap before GC invocations=57 (full 0):
 garbage-first heap   total 161792K, used 125602K [0x0000000080000000, 0x0000000100000000)
  region size 1024K, 45 young (46080K), 4 survivors (4096K)
 Metaspace       used 71537K, capacity 73517K, committed 73600K, reserved 1114112K
  class space    used 9113K, capacity 9791K, committed 9856K, reserved 1048576K
}
Event: 462.465 GC heap after
{Heap after GC invocations=58 (full 0):
 garbage-first heap   total 161792K, used 88322K [0x0000000080000000, 0x0000000100000000)
  region size 1024K, 6 young (6144K), 6 survivors (6144K)
 Metaspace       used 71537K, capacity 73517K, committed 73600K, reserved 1114112K
  class space    used 9113K, capacity 9791K, committed 9856K, reserved 1048576K
}
Event: 463.009 GC heap before
{Heap before GC invocations=58 (full 0):
 garbage-first heap   total 161792K, used 114946K [0x0000000080000000, 0x0000000100000000)
  region size 1024K, 33 young (33792K), 6 survivors (6144K)
 Metaspace       used 73568K, capacity 75527K, committed 75648K, reserved 1114112K
  class space    used 9385K, capacity 10096K, committed 10112K, reserved 1048576K
}
Event: 463.039 GC heap after
{Heap after GC invocations=59 (full 0):
 garbage-first heap   total 161792K, used 89973K [0x0000000080000000, 0x0000000100000000)
  region size 1024K, 2 young (2048K), 2 survivors (2048K)
 Metaspace       used 73568K, capacity 75527K, committed 75648K, reserved 1114112K
  class space    used 9385K, capacity 10096K, committed 10112K, reserved 1048576K
}
Event: 464.550 GC heap before
{Heap before GC invocations=60 (full 0):
 garbage-first heap   total 161792K, used 131957K [0x0000000080000000, 0x0000000100000000)
  region size 1024K, 42 young (43008K), 2 survivors (2048K)
 Metaspace       used 76877K, capacity 79068K, committed 79232K, reserved 1118208K
  class space    used 9796K, capacity 10584K, committed 10624K, reserved 1048576K
}
Event: 464.558 GC heap after
{Heap after GC invocations=61 (full 0):
 garbage-first heap   total 161792K, used 91545K [0x0000000080000000, 0x0000000100000000)
  region size 1024K, 4 young (4096K), 4 survivors (4096K)
 Metaspace       used 76877K, capacity 79068K, committed 79232K, reserved 1118208K
  class space    used 9796K, capacity 10584K, committed 10624K, reserved 1048576K
}
Event: 465.776 GC heap before
{Heap before GC invocations=61 (full 0):
 garbage-first heap   total 161792K, used 132505K [0x0000000080000000, 0x0000000100000000)
  region size 1024K, 44 young (45056K), 4 survivors (4096K)
 Metaspace       used 77643K, capacity 79844K, committed 80128K, reserved 1118208K
  class space    used 9877K, capacity 10692K, committed 10752K, reserved 1048576K
}
Event: 465.819 GC heap after
{Heap after GC invocations=62 (full 0):
 garbage-first heap   total 161792K, used 94873K [0x0000000080000000, 0x0000000100000000)
  region size 1024K, 6 young (6144K), 6 survivors (6144K)
 Metaspace       used 77643K, capacity 79844K, committed 80128K, reserved 1118208K
  class space    used 9877K, capacity 10692K, committed 10752K, reserved 1048576K
}
Event: 560.359 GC heap before
{Heap before GC invocations=63 (full 0):
 garbage-first heap   total 161792K, used 132761K [0x0000000080000000, 0x0000000100000000)
  region size 1024K, 43 young (44032K), 6 survivors (6144K)
 Metaspace       used 78277K, capacity 80564K, committed 80640K, reserved 1120256K
  class space    used 9904K, capacity 10732K, committed 10752K, reserved 1048576K
}
Event: 560.409 GC heap after
{Heap after GC invocations=64 (full 0):
 garbage-first heap   total 161792K, used 98530K [0x0000000080000000, 0x0000000100000000)
  region size 1024K, 4 young (4096K), 4 survivors (4096K)
 Metaspace       used 78277K, capacity 80564K, committed 80640K, reserved 1120256K
  class space    used 9904K, capacity 10732K, committed 10752K, reserved 1048576K
}
Event: 561.521 GC heap before
{Heap before GC invocations=64 (full 0):
 garbage-first heap   total 161792K, used 134370K [0x0000000080000000, 0x0000000100000000)
  region size 1024K, 39 young (39936K), 4 survivors (4096K)
 Metaspace       used 81030K, capacity 83455K, committed 83712K, reserved 1122304K
  class space    used 10340K, capacity 11205K, committed 11264K, reserved 1048576K
}
Event: 561.587 GC heap after
{Heap after GC invocations=65 (full 0):
 garbage-first heap   total 161792K, used 100230K [0x0000000080000000, 0x0000000100000000)
  region size 1024K, 2 young (2048K), 2 survivors (2048K)
 Metaspace       used 81030K, capacity 83455K, committed 83712K, reserved 1122304K
  class space    used 10340K, capacity 11205K, committed 11264K, reserved 1048576K
}

Deoptimization events (20 events):
Event: 562.766 Thread 0x000002ad83615000 Uncommon trap: trap_request=0xffffffc6 fr.pc=0x000002adef433478 relative=0x0000000000000b98
Event: 562.766 Thread 0x000002ad83615000 Uncommon trap: reason=bimorphic_or_optimized_type_check action=maybe_recompile pc=0x000002adef433478 method=java.util.regex.Pattern$Start.match(Ljava/util/regex/Matcher;ILjava/lang/CharSequence;)Z @ 44 c2
Event: 562.767 Thread 0x000002ad83615000 DEOPT PACKING pc=0x000002adef433478 sp=0x000000d1e91f8720
Event: 562.767 Thread 0x000002ad83615000 DEOPT UNPACKING pc=0x000002ade752a1a9 sp=0x000000d1e91f8690 mode 2
Event: 562.799 Thread 0x000002ad83615000 Uncommon trap: trap_request=0xffffff4d fr.pc=0x000002adef2cde70 relative=0x0000000000001430
Event: 562.799 Thread 0x000002ad83615000 Uncommon trap: reason=unstable_if action=reinterpret pc=0x000002adef2cde70 method=java.util.concurrent.ConcurrentHashMap.putVal(Ljava/lang/Object;Ljava/lang/Object;Z)Ljava/lang/Object; @ 245 c2
Event: 562.799 Thread 0x000002ad83615000 DEOPT PACKING pc=0x000002adef2cde70 sp=0x000000d1e91f7b50
Event: 562.799 Thread 0x000002ad83615000 DEOPT UNPACKING pc=0x000002ade752a1a9 sp=0x000000d1e91f7ae8 mode 2
Event: 562.821 Thread 0x000002ad83615000 Uncommon trap: trap_request=0xffffffc6 fr.pc=0x000002adef433478 relative=0x0000000000000b98
Event: 562.821 Thread 0x000002ad83615000 Uncommon trap: reason=bimorphic_or_optimized_type_check action=maybe_recompile pc=0x000002adef433478 method=java.util.regex.Pattern$Start.match(Ljava/util/regex/Matcher;ILjava/lang/CharSequence;)Z @ 44 c2
Event: 562.821 Thread 0x000002ad83615000 DEOPT PACKING pc=0x000002adef433478 sp=0x000000d1e91f8780
Event: 562.821 Thread 0x000002ad83615000 DEOPT UNPACKING pc=0x000002ade752a1a9 sp=0x000000d1e91f86f0 mode 2
Event: 562.822 Thread 0x000002ad83615000 Uncommon trap: trap_request=0xffffffc6 fr.pc=0x000002adef433478 relative=0x0000000000000b98
Event: 562.823 Thread 0x000002ad83615000 Uncommon trap: reason=bimorphic_or_optimized_type_check action=maybe_recompile pc=0x000002adef433478 method=java.util.regex.Pattern$Start.match(Ljava/util/regex/Matcher;ILjava/lang/CharSequence;)Z @ 44 c2
Event: 562.823 Thread 0x000002ad83615000 DEOPT PACKING pc=0x000002adef433478 sp=0x000000d1e91f8780
Event: 562.823 Thread 0x000002ad83615000 DEOPT UNPACKING pc=0x000002ade752a1a9 sp=0x000000d1e91f86f0 mode 2
Event: 562.823 Thread 0x000002ad83615000 Uncommon trap: trap_request=0xffffffc6 fr.pc=0x000002adef433478 relative=0x0000000000000b98
Event: 562.823 Thread 0x000002ad83615000 Uncommon trap: reason=bimorphic_or_optimized_type_check action=maybe_recompile pc=0x000002adef433478 method=java.util.regex.Pattern$Start.match(Ljava/util/regex/Matcher;ILjava/lang/CharSequence;)Z @ 44 c2
Event: 562.823 Thread 0x000002ad83615000 DEOPT PACKING pc=0x000002adef433478 sp=0x000000d1e91f8870
Event: 562.823 Thread 0x000002ad83615000 DEOPT UNPACKING pc=0x000002ade752a1a9 sp=0x000000d1e91f87e0 mode 2

Classes redefined (0 events):
No events

Internal exceptions (20 events):
Event: 560.581 Thread 0x000002ad801e4000 Exception <a 'sun/nio/fs/WindowsException'{0x0000000089897428}> (0x0000000089897428) thrown at [./src/hotspot/share/prims/jni.cpp, line 615]
Event: 560.690 Thread 0x000002ad83615000 Exception <a 'java/lang/ClassNotFoundException'{0x00000000898cd178}: build_2z14qzc1ipivkyhmq7wgqgja2BeanInfo> (0x00000000898cd178) thrown at [./src/hotspot/share/classfile/systemDictionary.cpp, line 231]
Event: 560.690 Thread 0x000002ad83615000 Exception <a 'java/lang/ClassNotFoundException'{0x00000000898d9068}: build_2z14qzc1ipivkyhmq7wgqgja2Customizer> (0x00000000898d9068) thrown at [./src/hotspot/share/classfile/systemDictionary.cpp, line 231]
Event: 560.701 Thread 0x000002ad83615000 Exception <a 'java/lang/ClassNotFoundException'{0x0000000089759380}: build_2z14qzc1ipivkyhmq7wgqgja2$_run_closure1$_closure4BeanInfo> (0x0000000089759380) thrown at [./src/hotspot/share/classfile/systemDictionary.cpp, line 231]
Event: 560.701 Thread 0x000002ad83615000 Exception <a 'java/lang/ClassNotFoundException'{0x0000000089768728}: build_2z14qzc1ipivkyhmq7wgqgja2$_run_closure1$_closure4Customizer> (0x0000000089768728) thrown at [./src/hotspot/share/classfile/systemDictionary.cpp, line 231]
Event: 560.705 Thread 0x000002ad83615000 Exception <a 'java/lang/ClassNotFoundException'{0x00000000897906f8}: build_2z14qzc1ipivkyhmq7wgqgja2$_run_closure1BeanInfo> (0x00000000897906f8) thrown at [./src/hotspot/share/classfile/systemDictionary.cpp, line 231]
Event: 560.705 Thread 0x000002ad83615000 Exception <a 'java/lang/ClassNotFoundException'{0x000000008979f988}: build_2z14qzc1ipivkyhmq7wgqgja2$_run_closure1Customizer> (0x000000008979f988) thrown at [./src/hotspot/share/classfile/systemDictionary.cpp, line 231]
Event: 560.759 Thread 0x000002ad83615000 Exception <a 'java/lang/ClassNotFoundException'{0x00000000893b2e08}: org/codehaus/groovy/runtime/GStringImplBeanInfo> (0x00000000893b2e08) thrown at [./src/hotspot/share/classfile/systemDictionary.cpp, line 231]
Event: 560.766 Thread 0x000002ad83615000 Exception <a 'java/lang/ClassNotFoundException'{0x0000000089070a18}: org/codehaus/groovy/runtime/GStringImplCustomizer> (0x0000000089070a18) thrown at [./src/hotspot/share/classfile/systemDictionary.cpp, line 231]
Event: 562.078 Thread 0x000002ad83615000 Implicit null exception at 0x000002adef458100 to 0x000002adef458554
Event: 562.697 Thread 0x000002ad83615000 Exception <a 'java/lang/ClassNotFoundException'{0x00000000886782f0}: com/android/build/gradle/internal/api/ApkVariantOutputImpl_DecoratedBeanInfo> (0x00000000886782f0) thrown at [./src/hotspot/share/classfile/systemDictionary.cpp, line 231]
Event: 562.697 Thread 0x000002ad83615000 Exception <a 'java/lang/ClassNotFoundException'{0x0000000088694dd0}: com/android/build/gradle/internal/api/ApkVariantOutputImplBeanInfo> (0x0000000088694dd0) thrown at [./src/hotspot/share/classfile/systemDictionary.cpp, line 231]
Event: 562.698 Thread 0x000002ad83615000 Exception <a 'java/lang/ClassNotFoundException'{0x00000000886b2458}: com/android/build/gradle/internal/api/BaseVariantOutputImplBeanInfo> (0x00000000886b2458) thrown at [./src/hotspot/share/classfile/systemDictionary.cpp, line 231]
Event: 562.699 Thread 0x000002ad83615000 Exception <a 'java/lang/ClassNotFoundException'{0x00000000886d0080}: com/android/build/gradle/internal/api/BaseVariantOutputImplCustomizer> (0x00000000886d0080) thrown at [./src/hotspot/share/classfile/systemDictionary.cpp, line 231]
Event: 562.700 Thread 0x000002ad83615000 Exception <a 'java/lang/ClassNotFoundException'{0x00000000886fee18}: com/android/build/gradle/internal/api/ApkVariantOutputImplCustomizer> (0x00000000886fee18) thrown at [./src/hotspot/share/classfile/systemDictionary.cpp, line 231]
Event: 562.702 Thread 0x000002ad83615000 Exception <a 'java/lang/ClassNotFoundException'{0x000000008852a4e0}: com/android/build/gradle/internal/api/ApkVariantOutputImpl_DecoratedCustomizer> (0x000000008852a4e0) thrown at [./src/hotspot/share/classfile/systemDictionary.cpp, line 231]
Event: 562.832 Thread 0x000002ad83615000 Exception <a 'java/lang/ClassNotFoundException'{0x00000000883cccf0}: com/android/build/gradle/internal/api/ReadOnlyBuildTypeBeanInfo> (0x00000000883cccf0) thrown at [./src/hotspot/share/classfile/systemDictionary.cpp, line 231]
Event: 562.833 Thread 0x000002ad83615000 Exception <a 'java/lang/ClassNotFoundException'{0x00000000883e93a8}: com/android/build/gradle/internal/api/ReadOnlyBaseConfigBeanInfo> (0x00000000883e93a8) thrown at [./src/hotspot/share/classfile/systemDictionary.cpp, line 231]
Event: 562.834 Thread 0x000002ad83615000 Exception <a 'java/lang/ClassNotFoundException'{0x0000000088206898}: com/android/build/gradle/internal/api/ReadOnlyBaseConfigCustomizer> (0x0000000088206898) thrown at [./src/hotspot/share/classfile/systemDictionary.cpp, line 231]
Event: 562.841 Thread 0x000002ad83615000 Exception <a 'java/lang/ClassNotFoundException'{0x0000000088233690}: com/android/build/gradle/internal/api/ReadOnlyBuildTypeCustomizer> (0x0000000088233690) thrown at [./src/hotspot/share/classfile/systemDictionary.cpp, line 231]

Events (20 events):
Event: 562.930 loading class org/jetbrains/kotlin/gradle/plugin/mpp/DefaultCompilationDetails$source$1
Event: 562.930 loading class org/jetbrains/kotlin/gradle/plugin/mpp/DefaultCompilationDetails$source$1 done
Event: 562.931 loading class org/jetbrains/kotlin/tooling/core/ClosureKt
Event: 562.931 loading class org/jetbrains/kotlin/tooling/core/ClosureKt done
Event: 562.933 loading class org/jetbrains/kotlin/gradle/plugin/mpp/DefaultCompilationDetails$addExactSourceSetsEagerly$1$1$1
Event: 562.933 loading class org/jetbrains/kotlin/gradle/plugin/mpp/DefaultCompilationDetails$addExactSourceSetsEagerly$1$1$1 done
Event: 562.934 loading class org/jetbrains/kotlin/gradle/plugin/sources/DefaultKotlinSourceSet$special$$inlined$Iterable$1
Event: 562.934 loading class org/jetbrains/kotlin/gradle/plugin/sources/DefaultKotlinSourceSet$special$$inlined$Iterable$1 done
Event: 562.935 loading class org/jetbrains/kotlin/gradle/plugin/mpp/DefaultCompilationDetails$addSourcesToCompileTask$1
Event: 562.935 loading class org/jetbrains/kotlin/gradle/plugin/mpp/DefaultCompilationDetails$addSourcesToCompileTask$1 done
Event: 562.935 loading class org/jetbrains/kotlin/gradle/plugin/mpp/KotlinCompilationsKt$addSourcesToKotlinCompileTask$1
Event: 562.935 loading class org/jetbrains/kotlin/gradle/plugin/mpp/KotlinCompilationsKt$addSourcesToKotlinCompileTask$1 done
Event: 562.936 loading class org/jetbrains/kotlin/gradle/plugin/mpp/KotlinCompilationsKt$addSourcesToKotlinCompileTask$2
Event: 562.936 loading class org/jetbrains/kotlin/gradle/plugin/mpp/KotlinCompilationsKt$addSourcesToKotlinCompileTask$2 done
Event: 562.937 loading class org/jetbrains/kotlin/gradle/plugin/GradleUtilsKt
Event: 562.937 loading class org/jetbrains/kotlin/gradle/plugin/GradleUtilsKt done
Event: 562.939 loading class com/android/build/gradle/internal/api/UnitTestVariantImpl
Event: 562.939 loading class com/android/build/gradle/internal/api/UnitTestVariantImpl done
Event: 562.980 loading class org/jetbrains/kotlin/gradle/tooling/IncludeKotlinToolingMetadataInApkKt$includeKotlinToolingMetadataInApk$1$1$1
Event: 562.980 loading class org/jetbrains/kotlin/gradle/tooling/IncludeKotlinToolingMetadataInApkKt$includeKotlinToolingMetadataInApk$1$1$1 done


Dynamic libraries:
0x00007ff7f6e00000 - 0x00007ff7f6e0a000 	D:\android_1\jre\bin\java.exe
0x00007ffe312b0000 - 0x00007ffe314a8000 	C:\WINDOWS\SYSTEM32\ntdll.dll
0x00007ffe30e30000 - 0x00007ffe30eed000 	C:\WINDOWS\System32\KERNEL32.DLL
0x00007ffe2ee90000 - 0x00007ffe2f15e000 	C:\WINDOWS\System32\KERNELBASE.dll
0x00007ffe2ece0000 - 0x00007ffe2ede0000 	C:\WINDOWS\System32\ucrtbase.dll
0x00007ffe24210000 - 0x00007ffe24227000 	D:\android_1\jre\bin\VCRUNTIME140.dll
0x00007ffe0d840000 - 0x00007ffe0d859000 	D:\android_1\jre\bin\jli.dll
0x00007ffe2f3f0000 - 0x00007ffe2f590000 	C:\WINDOWS\System32\USER32.dll
0x00007ffe2ec10000 - 0x00007ffe2ec32000 	C:\WINDOWS\System32\win32u.dll
0x00007ffe2dd80000 - 0x00007ffe2e01a000 	C:\WINDOWS\WinSxS\amd64_microsoft.windows.common-controls_6595b64144ccf1df_6.0.19041.1110_none_60b5254171f9507e\COMCTL32.dll
0x00007ffe30480000 - 0x00007ffe304aa000 	C:\WINDOWS\System32\GDI32.dll
0x00007ffe30300000 - 0x00007ffe3039e000 	C:\WINDOWS\System32\msvcrt.dll
0x00007ffe2f160000 - 0x00007ffe2f26b000 	C:\WINDOWS\System32\gdi32full.dll
0x00007ffe2ec40000 - 0x00007ffe2ecdd000 	C:\WINDOWS\System32\msvcp_win.dll
0x00007ffe2f310000 - 0x00007ffe2f340000 	C:\WINDOWS\System32\IMM32.DLL
0x00007ffe0d7a0000 - 0x00007ffe0d83d000 	D:\android_1\jre\bin\msvcp140.dll
0x00007ffde7a60000 - 0x00007ffde8545000 	D:\android_1\jre\bin\server\jvm.dll
0x00007ffe30f80000 - 0x00007ffe3102e000 	C:\WINDOWS\System32\ADVAPI32.dll
0x00007ffe30c60000 - 0x00007ffe30cfc000 	C:\WINDOWS\System32\sechost.dll
0x00007ffe2fbd0000 - 0x00007ffe2fcf5000 	C:\WINDOWS\System32\RPCRT4.dll
0x00007ffe31050000 - 0x00007ffe31058000 	C:\WINDOWS\System32\PSAPI.DLL
0x00007ffe116c0000 - 0x00007ffe116e7000 	C:\WINDOWS\SYSTEM32\WINMM.dll
0x00007ffe2ad70000 - 0x00007ffe2ad7a000 	C:\WINDOWS\SYSTEM32\VERSION.dll
0x00007ffe19730000 - 0x00007ffe19739000 	C:\WINDOWS\SYSTEM32\WSOCK32.dll
0x00007ffe31060000 - 0x00007ffe310cb000 	C:\WINDOWS\System32\WS2_32.dll
0x00007ffe2cc10000 - 0x00007ffe2cc22000 	C:\WINDOWS\SYSTEM32\kernel.appcore.dll
0x00007ffe0f790000 - 0x00007ffe0f7a1000 	D:\android_1\jre\bin\verify.dll
0x00007ffe2e300000 - 0x00007ffe2e4e4000 	C:\WINDOWS\SYSTEM32\DBGHELP.DLL
0x00007ffe2e130000 - 0x00007ffe2e15c000 	C:\WINDOWS\SYSTEM32\dbgcore.DLL
0x00007ffe2eb30000 - 0x00007ffe2ebb2000 	C:\WINDOWS\System32\bcryptPrimitives.dll
0x00007ffdf7220000 - 0x00007ffdf7249000 	D:\android_1\jre\bin\java.dll
0x00007ffe27df0000 - 0x00007ffe27dfb000 	D:\android_1\jre\bin\jimage.dll
0x00007ffe0c150000 - 0x00007ffe0c168000 	D:\android_1\jre\bin\zip.dll
0x00007ffe304b0000 - 0x00007ffe30bf4000 	C:\WINDOWS\System32\SHELL32.dll
0x00007ffe2bc10000 - 0x00007ffe2c3a4000 	C:\WINDOWS\SYSTEM32\windows.storage.dll
0x00007ffe2f870000 - 0x00007ffe2fbc4000 	C:\WINDOWS\System32\combase.dll
0x00007ffe2dce0000 - 0x00007ffe2dd10000 	C:\WINDOWS\SYSTEM32\Wldp.dll
0x00007ffe310d0000 - 0x00007ffe3117d000 	C:\WINDOWS\System32\SHCORE.dll
0x00007ffe302a0000 - 0x00007ffe302f5000 	C:\WINDOWS\System32\shlwapi.dll
0x00007ffe2e910000 - 0x00007ffe2e92f000 	C:\WINDOWS\SYSTEM32\profapi.dll
0x00007ffe0aa80000 - 0x00007ffe0aa9a000 	D:\android_1\jre\bin\net.dll
0x00007ffe205f0000 - 0x00007ffe206fa000 	C:\WINDOWS\SYSTEM32\WINHTTP.dll
0x00007ffe2da40000 - 0x00007ffe2daaa000 	C:\WINDOWS\system32\mswsock.dll
0x00007ffe09d50000 - 0x00007ffe09d64000 	D:\android_1\jre\bin\nio.dll
0x00007ffe0d860000 - 0x00007ffe0d887000 	C:\Users\Acer\.gradle\native\e1d6ef7f7dcc3fd88c89a11ec53ec762bb8ba0a96d01ffa2cd45eb1d1d8dd5c5\windows-amd64\native-platform.dll
0x00007ffdd32f0000 - 0x00007ffdd3434000 	C:\Users\Acer\.gradle\native\5664cfc778a61ccfe75a443a1ab52a65af34e5dc3c78e0209fed803814484fcb\windows-amd64\native-platform-file-events.dll
0x00007ffe287d0000 - 0x00007ffe287da000 	D:\android_1\jre\bin\management.dll
0x00007ffe275a0000 - 0x00007ffe275ad000 	D:\android_1\jre\bin\management_ext.dll
0x00007ffe2e690000 - 0x00007ffe2e6a8000 	C:\WINDOWS\SYSTEM32\CRYPTSP.dll
0x00007ffe2d3e0000 - 0x00007ffe2d414000 	C:\WINDOWS\system32\rsaenh.dll
0x00007ffe2f270000 - 0x00007ffe2f297000 	C:\WINDOWS\System32\bcrypt.dll
0x00007ffe2e8d0000 - 0x00007ffe2e8fe000 	C:\WINDOWS\SYSTEM32\USERENV.dll
0x00007ffe2dcd0000 - 0x00007ffe2dcdc000 	C:\WINDOWS\SYSTEM32\CRYPTBASE.dll
0x00007ffe2d730000 - 0x00007ffe2d76b000 	C:\WINDOWS\SYSTEM32\IPHLPAPI.DLL
0x00007ffe30f70000 - 0x00007ffe30f78000 	C:\WINDOWS\System32\NSI.dll
0x00007ffe23f70000 - 0x00007ffe23f87000 	C:\WINDOWS\SYSTEM32\dhcpcsvc6.DLL
0x00007ffe24a50000 - 0x00007ffe24a6d000 	C:\WINDOWS\SYSTEM32\dhcpcsvc.DLL
0x00007ffe2d770000 - 0x00007ffe2d83b000 	C:\WINDOWS\SYSTEM32\DNSAPI.dll

dbghelp: loaded successfully - version: 4.0.5 - missing functions: none
symbol engine: initialized successfully - sym options: 0x614 - pdb path: .;D:\android_1\jre\bin;C:\WINDOWS\SYSTEM32;C:\WINDOWS\WinSxS\amd64_microsoft.windows.common-controls_6595b64144ccf1df_6.0.19041.1110_none_60b5254171f9507e;D:\android_1\jre\bin\server;C:\Users\Acer\.gradle\native\e1d6ef7f7dcc3fd88c89a11ec53ec762bb8ba0a96d01ffa2cd45eb1d1d8dd5c5\windows-amd64;C:\Users\Acer\.gradle\native\5664cfc778a61ccfe75a443a1ab52a65af34e5dc3c78e0209fed803814484fcb\windows-amd64

VM Arguments:
jvm_args: --add-opens=java.base/java.util=ALL-UNNAMED --add-opens=java.base/java.lang=ALL-UNNAMED --add-opens=java.base/java.lang.invoke=ALL-UNNAMED --add-opens=java.base/java.util=ALL-UNNAMED --add-opens=java.prefs/java.util.prefs=ALL-UNNAMED --add-opens=java.prefs/java.util.prefs=ALL-UNNAMED --add-opens=java.base/java.nio.charset=ALL-UNNAMED --add-opens=java.base/java.net=ALL-UNNAMED --add-opens=java.base/java.util.concurrent.atomic=ALL-UNNAMED -Xmx2048m -Dfile.encoding=UTF-8 -Duser.country=BR -Duser.language=pt -Duser.variant 
java_command: org.gradle.launcher.daemon.bootstrap.GradleDaemon 7.3.3
java_class_path (initial): C:\Users\Acer\.gradle\wrapper\dists\gradle-7.3.3-bin\6a41zxkdtcxs8rphpq6y0069z\gradle-7.3.3\lib\gradle-launcher-7.3.3.jar
Launcher Type: SUN_STANDARD

[Global flags]
     intx CICompilerCount                          = 3                                         {product} {ergonomic}
     uint ConcGCThreads                            = 1                                         {product} {ergonomic}
     uint G1ConcRefinementThreads                  = 4                                         {product} {ergonomic}
   size_t G1HeapRegionSize                         = 1048576                                   {product} {ergonomic}
    uintx GCDrainStackTargetSize                   = 64                                        {product} {ergonomic}
   size_t InitialHeapSize                          = 65011712                                  {product} {ergonomic}
   size_t MarkStackSize                            = 4194304                                   {product} {ergonomic}
   size_t MaxHeapSize                              = 2147483648                                {product} {command line}
   size_t MaxNewSize                               = 1287651328                                {product} {ergonomic}
   size_t MinHeapDeltaBytes                        = 1048576                                   {product} {ergonomic}
    uintx NonNMethodCodeHeapSize                   = 5830732                                {pd product} {ergonomic}
    uintx NonProfiledCodeHeapSize                  = 122913754                              {pd product} {ergonomic}
    uintx ProfiledCodeHeapSize                     = 122913754                              {pd product} {ergonomic}
    uintx ReservedCodeCacheSize                    = 251658240                              {pd product} {ergonomic}
     bool SegmentedCodeCache                       = true                                      {product} {ergonomic}
     bool UseCompressedClassPointers               = true                                 {lp64_product} {ergonomic}
     bool UseCompressedOops                        = true                                 {lp64_product} {ergonomic}
     bool UseG1GC                                  = true                                      {product} {ergonomic}
     bool UseLargePagesIndividualAllocation        = false                                  {pd product} {ergonomic}

Logging:
Log output configuration:
 #0: stdout all=warning uptime,level,tags
 #1: stderr all=off uptime,level,tags

Environment Variables:
PATH=C:\WINDOWS\system32;C:\WINDOWS;C:\WINDOWS\System32\Wbem;C:\WINDOWS\System32\WindowsPowerShell\v1.0\;C:\WINDOWS\System32\OpenSSH\;C:\Program Files\Git\cmd;C:\Program Files\nodejs\;C:\Users\Acer\AppData\Local\Microsoft\WindowsApps;C:\Users\Acer\AppData\Local\GitHubDesktop\bin;C:\Users\Acer\AppData\Local\Programs\Microsoft VS Code\bin;C:\Users\Acer\AppData\Roaming\npm;
USERNAME=Acer
OS=Windows_NT
PROCESSOR_IDENTIFIER=Intel64 Family 6 Model 122 Stepping 8, GenuineIntel



---------------  S Y S T E M  ---------------

OS: Windows 10 , 64 bit Build 19041 (10.0.19041.1806)
OS uptime: 0 days 0:26 hours

CPU:total 4 (initial active 4) (4 cores per cpu, 1 threads per core) family 6 model 122 stepping 8 microcode 0xc, cmov, cx8, fxsr, mmx, sse, sse2, sse3, ssse3, sse4.1, sse4.2, popcnt, aes, clmul, erms, 3dnowpref, tsc, tscinvbit, sha

Memory: 4k page, system-wide physical 3899M (105M free)
TotalPageFile size 5282M (AvailPageFile size 38M)
current process WorkingSet (physical memory assigned to process): 284M, peak: 305M
current process commit charge ("private bytes"): 416M, peak: 417M

vm_info: OpenJDK 64-Bit Server VM (11.0.12+7-b1504.28-7817840) for windows-amd64 JRE (11.0.12+7-b1504.28-7817840), built on Oct 13 2021 22:12:33 by "builder" with MS VC++ 14.0 (VS2015)

END.
